2023-04-11 13:46:59,016 - INFO - Trying to connect to server on port 6000
2023-04-11 13:46:59,027 - INFO - Sending handshake
2023-04-11 13:46:59,030 - INFO - Listening on port 6005
2023-04-11 13:47:20,421 - DEBUG - Recieved data of type: pickle
2023-04-11 13:47:20,424 - INFO - I am client5
2023-04-11 13:47:20,431 - INFO - Receiving new global model
2023-04-11 13:47:20,618 - INFO - Training loss: 2.47205
2023-04-11 13:47:20,623 - INFO - Testing accuracy: 7.75%
2023-04-11 13:47:20,626 - INFO - Local training..
2023-04-11 13:47:22,873 - INFO - Sending new local model
2023-04-11 13:47:22,874 - INFO - Trying to connect to server on port 6000
2023-04-11 13:47:22,876 - INFO - Sending local model
2023-04-11 13:47:22,879 - INFO - Listening on port 6005
2023-04-11 13:47:23,381 - DEBUG - Recieved data of type: pickle
2023-04-11 13:47:23,381 - INFO - I am client5
2023-04-11 13:47:23,382 - INFO - Receiving new global model
2023-04-11 13:47:23,481 - INFO - Training loss: 1.42355
2023-04-11 13:47:23,481 - INFO - Testing accuracy: 68.46%
2023-04-11 13:47:23,484 - INFO - Local training..
2023-04-11 13:47:26,016 - INFO - Sending new local model
2023-04-11 13:47:26,016 - INFO - Trying to connect to server on port 6000
2023-04-11 13:47:26,021 - INFO - Sending local model
2023-04-11 13:47:26,024 - INFO - Listening on port 6005
2023-04-11 13:47:26,457 - DEBUG - Recieved data of type: pickle
2023-04-11 13:47:26,457 - INFO - I am client5
2023-04-11 13:47:26,460 - INFO - Receiving new global model
2023-04-11 13:47:26,530 - INFO - Training loss: 1.94269
2023-04-11 13:47:26,539 - INFO - Testing accuracy: 37.56%
2023-04-11 13:47:26,540 - INFO - Local training..
2023-04-11 13:47:29,041 - INFO - Sending new local model
2023-04-11 13:47:29,042 - INFO - Trying to connect to server on port 6000
2023-04-11 13:47:29,045 - INFO - Sending local model
2023-04-11 13:47:29,048 - INFO - Listening on port 6005
2023-04-11 13:47:29,516 - DEBUG - Recieved data of type: pickle
2023-04-11 13:47:29,516 - INFO - I am client5
2023-04-11 13:47:29,517 - INFO - Receiving new global model
2023-04-11 13:47:29,716 - INFO - Training loss: 1.33066
2023-04-11 13:47:29,720 - INFO - Testing accuracy: 83.23%
2023-04-11 13:47:29,720 - INFO - Local training..
2023-04-11 13:47:31,672 - INFO - Sending new local model
2023-04-11 13:47:31,673 - INFO - Trying to connect to server on port 6000
2023-04-11 13:47:31,676 - INFO - Sending local model
2023-04-11 13:47:31,679 - INFO - Listening on port 6005
2023-04-11 13:47:32,163 - DEBUG - Recieved data of type: pickle
2023-04-11 13:47:32,164 - INFO - I am client5
2023-04-11 13:47:32,164 - INFO - Receiving new global model
2023-04-11 13:47:32,229 - INFO - Training loss: 0.78420
2023-04-11 13:47:32,231 - INFO - Testing accuracy: 95.53%
2023-04-11 13:47:32,232 - INFO - Local training..
2023-04-11 13:47:34,155 - INFO - Sending new local model
2023-04-11 13:47:34,157 - INFO - Trying to connect to server on port 6000
2023-04-11 13:47:34,159 - INFO - Sending local model
2023-04-11 13:47:34,163 - INFO - Listening on port 6005
2023-04-11 13:47:34,529 - DEBUG - Recieved data of type: pickle
2023-04-11 13:47:34,529 - INFO - I am client5
2023-04-11 13:47:34,530 - INFO - Receiving new global model
2023-04-11 13:47:34,597 - INFO - Training loss: 1.19948
2023-04-11 13:47:34,600 - INFO - Testing accuracy: 83.59%
2023-04-11 13:47:34,602 - INFO - Local training..
2023-04-11 13:47:36,492 - INFO - Sending new local model
2023-04-11 13:47:36,493 - INFO - Trying to connect to server on port 6000
2023-04-11 13:47:36,494 - INFO - Sending local model
2023-04-11 13:47:36,497 - INFO - Listening on port 6005
2023-04-11 13:47:36,939 - DEBUG - Recieved data of type: pickle
2023-04-11 13:47:36,939 - INFO - I am client5
2023-04-11 13:47:36,940 - INFO - Receiving new global model
2023-04-11 13:47:37,023 - INFO - Training loss: 1.32502
2023-04-11 13:47:37,024 - INFO - Testing accuracy: 73.47%
2023-04-11 13:47:37,024 - INFO - Local training..
2023-04-11 13:47:39,067 - INFO - Sending new local model
2023-04-11 13:47:39,068 - INFO - Trying to connect to server on port 6000
2023-04-11 13:47:39,069 - INFO - Sending local model
2023-04-11 13:47:39,072 - INFO - Listening on port 6005
2023-04-11 13:47:39,544 - DEBUG - Recieved data of type: pickle
2023-04-11 13:47:39,544 - INFO - I am client5
2023-04-11 13:47:39,545 - INFO - Receiving new global model
2023-04-11 13:47:39,605 - INFO - Training loss: 1.93534
2023-04-11 13:47:39,607 - INFO - Testing accuracy: 54.33%
2023-04-11 13:47:39,607 - INFO - Local training..
2023-04-11 13:47:41,488 - INFO - Sending new local model
2023-04-11 13:47:41,488 - INFO - Trying to connect to server on port 6000
2023-04-11 13:47:41,490 - INFO - Sending local model
2023-04-11 13:47:41,492 - INFO - Listening on port 6005
2023-04-11 13:47:41,927 - DEBUG - Recieved data of type: pickle
2023-04-11 13:47:41,927 - INFO - I am client5
2023-04-11 13:47:41,928 - INFO - Receiving new global model
2023-04-11 13:47:41,994 - INFO - Training loss: 1.33270
2023-04-11 13:47:41,994 - INFO - Testing accuracy: 91.25%
2023-04-11 13:47:41,995 - INFO - Local training..
2023-04-11 13:47:43,792 - INFO - Sending new local model
2023-04-11 13:47:43,796 - INFO - Trying to connect to server on port 6000
2023-04-11 13:47:43,797 - INFO - Sending local model
2023-04-11 13:47:43,799 - INFO - Listening on port 6005
2023-04-11 13:47:44,180 - DEBUG - Recieved data of type: pickle
2023-04-11 13:47:44,180 - INFO - I am client5
2023-04-11 13:47:44,181 - INFO - Receiving new global model
2023-04-11 13:47:44,255 - INFO - Training loss: 1.95694
2023-04-11 13:47:44,255 - INFO - Testing accuracy: 55.24%
2023-04-11 13:47:44,260 - INFO - Local training..
2023-04-11 13:47:46,345 - INFO - Sending new local model
2023-04-11 13:47:46,347 - INFO - Trying to connect to server on port 6000
2023-04-11 13:47:46,349 - INFO - Sending local model
2023-04-11 13:47:46,353 - INFO - Listening on port 6005
2023-04-11 13:47:46,995 - DEBUG - Recieved data of type: pickle
2023-04-11 13:47:46,995 - INFO - I am client5
2023-04-11 13:47:46,996 - INFO - Receiving new global model
2023-04-11 13:47:47,124 - INFO - Training loss: 0.82336
2023-04-11 13:47:47,131 - INFO - Testing accuracy: 94.26%
2023-04-11 13:47:47,132 - INFO - Local training..
2023-04-11 13:47:49,038 - INFO - Sending new local model
2023-04-11 13:47:49,039 - INFO - Trying to connect to server on port 6000
2023-04-11 13:47:49,040 - INFO - Sending local model
2023-04-11 13:47:49,042 - INFO - Listening on port 6005
2023-04-11 13:47:49,448 - DEBUG - Recieved data of type: pickle
2023-04-11 13:47:49,448 - INFO - I am client5
2023-04-11 13:47:49,451 - INFO - Receiving new global model
2023-04-11 13:47:49,636 - INFO - Training loss: 0.77375
2023-04-11 13:47:49,636 - INFO - Testing accuracy: 95.44%
2023-04-11 13:47:49,637 - INFO - Local training..
2023-04-11 13:47:51,599 - INFO - Sending new local model
2023-04-11 13:47:51,599 - INFO - Trying to connect to server on port 6000
2023-04-11 13:47:51,604 - INFO - Sending local model
2023-04-11 13:47:51,606 - INFO - Listening on port 6005
2023-04-11 13:47:51,890 - DEBUG - Recieved data of type: pickle
2023-04-11 13:47:51,890 - INFO - I am client5
2023-04-11 13:47:51,891 - INFO - Receiving new global model
2023-04-11 13:47:51,983 - INFO - Training loss: 1.15078
2023-04-11 13:47:51,984 - INFO - Testing accuracy: 81.77%
2023-04-11 13:47:51,985 - INFO - Local training..
2023-04-11 13:47:53,812 - INFO - Sending new local model
2023-04-11 13:47:53,813 - INFO - Trying to connect to server on port 6000
2023-04-11 13:47:53,815 - INFO - Sending local model
2023-04-11 13:47:53,817 - INFO - Listening on port 6005
2023-04-11 13:47:54,203 - DEBUG - Recieved data of type: pickle
2023-04-11 13:47:54,203 - INFO - I am client5
2023-04-11 13:47:54,205 - INFO - Receiving new global model
2023-04-11 13:47:54,279 - INFO - Training loss: 1.88076
2023-04-11 13:47:54,284 - INFO - Testing accuracy: 57.43%
2023-04-11 13:47:54,284 - INFO - Local training..
2023-04-11 13:47:56,153 - INFO - Sending new local model
2023-04-11 13:47:56,153 - INFO - Trying to connect to server on port 6000
2023-04-11 13:47:56,159 - INFO - Sending local model
2023-04-11 13:47:56,160 - INFO - Listening on port 6005
2023-04-11 13:47:56,587 - DEBUG - Recieved data of type: pickle
2023-04-11 13:47:56,587 - INFO - I am client5
2023-04-11 13:47:56,588 - INFO - Receiving new global model
2023-04-11 13:47:56,655 - INFO - Training loss: 1.25700
2023-04-11 13:47:56,661 - INFO - Testing accuracy: 96.08%
2023-04-11 13:47:56,662 - INFO - Local training..
2023-04-11 13:47:58,684 - INFO - Sending new local model
2023-04-11 13:47:58,684 - INFO - Trying to connect to server on port 6000
2023-04-11 13:47:58,684 - INFO - Sending local model
2023-04-11 13:47:58,690 - INFO - Listening on port 6005
2023-04-11 13:47:59,137 - DEBUG - Recieved data of type: pickle
2023-04-11 13:47:59,138 - INFO - I am client5
2023-04-11 13:47:59,138 - INFO - Receiving new global model
2023-04-11 13:47:59,210 - INFO - Training loss: 1.26058
2023-04-11 13:47:59,210 - INFO - Testing accuracy: 78.58%
2023-04-11 13:47:59,210 - INFO - Local training..
2023-04-11 13:48:01,639 - INFO - Sending new local model
2023-04-11 13:48:01,639 - INFO - Trying to connect to server on port 6000
2023-04-11 13:48:01,643 - INFO - Sending local model
2023-04-11 13:48:01,646 - INFO - Listening on port 6005
2023-04-11 13:48:02,260 - DEBUG - Recieved data of type: pickle
2023-04-11 13:48:02,261 - INFO - I am client5
2023-04-11 13:48:02,263 - INFO - Receiving new global model
2023-04-11 13:48:02,382 - INFO - Training loss: 1.29805
2023-04-11 13:48:02,383 - INFO - Testing accuracy: 70.10%
2023-04-11 13:48:02,384 - INFO - Local training..
2023-04-11 13:48:04,892 - INFO - Sending new local model
2023-04-11 13:48:04,896 - INFO - Trying to connect to server on port 6000
2023-04-11 13:48:04,898 - INFO - Sending local model
2023-04-11 13:48:04,900 - INFO - Listening on port 6005
2023-04-11 13:48:05,461 - DEBUG - Recieved data of type: pickle
2023-04-11 13:48:05,462 - INFO - I am client5
2023-04-11 13:48:05,463 - INFO - Receiving new global model
2023-04-11 13:48:05,540 - INFO - Training loss: 0.81198
2023-04-11 13:48:05,543 - INFO - Testing accuracy: 93.71%
2023-04-11 13:48:05,543 - INFO - Local training..
2023-04-11 13:48:07,395 - INFO - Sending new local model
2023-04-11 13:48:07,396 - INFO - Trying to connect to server on port 6000
2023-04-11 13:48:07,397 - INFO - Sending local model
2023-04-11 13:48:07,399 - INFO - Listening on port 6005
2023-04-11 13:48:07,756 - DEBUG - Recieved data of type: pickle
2023-04-11 13:48:07,757 - INFO - I am client5
2023-04-11 13:48:07,757 - INFO - Receiving new global model
2023-04-11 13:48:07,816 - INFO - Training loss: 1.11210
2023-04-11 13:48:07,816 - INFO - Testing accuracy: 90.25%
2023-04-11 13:48:07,821 - INFO - Local training..
2023-04-11 13:48:09,754 - INFO - Sending new local model
2023-04-11 13:48:09,754 - INFO - Trying to connect to server on port 6000
2023-04-11 13:48:09,757 - INFO - Sending local model
2023-04-11 13:48:09,759 - INFO - Listening on port 6005
2023-04-11 13:48:10,133 - DEBUG - Recieved data of type: pickle
2023-04-11 13:48:10,133 - INFO - I am client5
2023-04-11 13:48:10,133 - INFO - Receiving new global model
2023-04-11 13:48:10,323 - INFO - Training loss: 1.18808
2023-04-11 13:48:10,323 - INFO - Testing accuracy: 96.44%
2023-04-11 13:48:10,323 - INFO - Local training..
2023-04-11 13:48:12,363 - INFO - Sending new local model
2023-04-11 13:48:12,363 - INFO - Trying to connect to server on port 6000
2023-04-11 13:48:12,366 - INFO - Sending local model
2023-04-11 13:48:12,368 - INFO - Listening on port 6005
2023-04-11 13:48:12,841 - DEBUG - Recieved data of type: pickle
2023-04-11 13:48:12,842 - INFO - I am client5
2023-04-11 13:48:12,842 - INFO - Receiving new global model
2023-04-11 13:48:12,913 - INFO - Training loss: 1.20527
2023-04-11 13:48:12,917 - INFO - Testing accuracy: 96.44%
2023-04-11 13:48:12,919 - INFO - Local training..
2023-04-11 13:48:14,790 - INFO - Sending new local model
2023-04-11 13:48:14,791 - INFO - Trying to connect to server on port 6000
2023-04-11 13:48:14,792 - INFO - Sending local model
2023-04-11 13:48:14,794 - INFO - Listening on port 6005
2023-04-11 13:48:15,212 - DEBUG - Recieved data of type: pickle
2023-04-11 13:48:15,212 - INFO - I am client5
2023-04-11 13:48:15,214 - INFO - Receiving new global model
2023-04-11 13:48:15,290 - INFO - Training loss: 1.28885
2023-04-11 13:48:15,295 - INFO - Testing accuracy: 80.86%
2023-04-11 13:48:15,295 - INFO - Local training..
2023-04-11 13:48:17,268 - INFO - Sending new local model
2023-04-11 13:48:17,269 - INFO - Trying to connect to server on port 6000
2023-04-11 13:48:17,271 - INFO - Sending local model
2023-04-11 13:48:17,274 - INFO - Listening on port 6005
2023-04-11 13:48:17,819 - DEBUG - Recieved data of type: pickle
2023-04-11 13:48:17,820 - INFO - I am client5
2023-04-11 13:48:17,820 - INFO - Receiving new global model
2023-04-11 13:48:17,892 - INFO - Training loss: 1.95866
2023-04-11 13:48:17,894 - INFO - Testing accuracy: 34.28%
2023-04-11 13:48:17,895 - INFO - Local training..
2023-04-11 13:48:19,772 - INFO - Sending new local model
2023-04-11 13:48:19,772 - INFO - Trying to connect to server on port 6000
2023-04-11 13:48:19,777 - INFO - Sending local model
2023-04-11 13:48:19,779 - INFO - Listening on port 6005
2023-04-11 13:48:20,223 - DEBUG - Recieved data of type: pickle
2023-04-11 13:48:20,224 - INFO - I am client5
2023-04-11 13:48:20,225 - INFO - Receiving new global model
2023-04-11 13:48:20,311 - INFO - Training loss: 1.33408
2023-04-11 13:48:20,315 - INFO - Testing accuracy: 81.49%
2023-04-11 13:48:20,323 - INFO - Local training..
2023-04-11 13:48:22,603 - INFO - Sending new local model
2023-04-11 13:48:22,605 - INFO - Trying to connect to server on port 6000
2023-04-11 13:48:22,606 - INFO - Sending local model
2023-04-11 13:48:22,609 - INFO - Listening on port 6005
2023-04-11 13:48:23,009 - DEBUG - Recieved data of type: pickle
2023-04-11 13:48:23,009 - INFO - I am client5
2023-04-11 13:48:23,010 - INFO - Receiving new global model
2023-04-11 13:48:23,095 - INFO - Training loss: 0.78318
2023-04-11 13:48:23,098 - INFO - Testing accuracy: 95.44%
2023-04-11 13:48:23,099 - INFO - Local training..
2023-04-11 13:48:24,887 - INFO - Sending new local model
2023-04-11 13:48:24,887 - INFO - Trying to connect to server on port 6000
2023-04-11 13:48:24,891 - INFO - Sending local model
2023-04-11 13:48:24,893 - INFO - Listening on port 6005
2023-04-11 13:48:25,317 - DEBUG - Recieved data of type: pickle
2023-04-11 13:48:25,318 - INFO - I am client5
2023-04-11 13:48:25,318 - INFO - Receiving new global model
2023-04-11 13:48:25,379 - INFO - Training loss: 1.69467
2023-04-11 13:48:25,379 - INFO - Testing accuracy: 66.18%
2023-04-11 13:48:25,379 - INFO - Local training..
2023-04-11 13:48:27,191 - INFO - Sending new local model
2023-04-11 13:48:27,192 - INFO - Trying to connect to server on port 6000
2023-04-11 13:48:27,194 - INFO - Sending local model
2023-04-11 13:48:27,197 - INFO - Listening on port 6005
2023-04-11 13:48:27,572 - DEBUG - Recieved data of type: pickle
2023-04-11 13:48:27,572 - INFO - I am client5
2023-04-11 13:48:27,574 - INFO - Receiving new global model
2023-04-11 13:48:27,645 - INFO - Training loss: 2.04954
2023-04-11 13:48:27,649 - INFO - Testing accuracy: 35.28%
2023-04-11 13:48:27,649 - INFO - Local training..
2023-04-11 13:48:29,509 - INFO - Sending new local model
2023-04-11 13:48:29,513 - INFO - Trying to connect to server on port 6000
2023-04-11 13:48:29,514 - INFO - Sending local model
2023-04-11 13:48:29,517 - INFO - Listening on port 6005
2023-04-11 13:48:29,922 - DEBUG - Recieved data of type: pickle
2023-04-11 13:48:29,924 - INFO - I am client5
2023-04-11 13:48:29,925 - INFO - Receiving new global model
2023-04-11 13:48:30,153 - INFO - Training loss: 1.43828
2023-04-11 13:48:30,156 - INFO - Testing accuracy: 64.72%
2023-04-11 13:48:30,156 - INFO - Local training..
2023-04-11 13:48:31,940 - INFO - Sending new local model
2023-04-11 13:48:31,942 - INFO - Trying to connect to server on port 6000
2023-04-11 13:48:31,943 - INFO - Sending local model
2023-04-11 13:48:31,946 - INFO - Listening on port 6005
2023-04-11 13:48:32,326 - DEBUG - Recieved data of type: pickle
2023-04-11 13:48:32,326 - INFO - I am client5
2023-04-11 13:48:32,327 - INFO - Receiving new global model
2023-04-11 13:48:32,492 - INFO - Training loss: 1.35169
2023-04-11 13:48:32,493 - INFO - Testing accuracy: 65.82%
2023-04-11 13:48:32,493 - INFO - Local training..
2023-04-11 13:48:34,329 - INFO - Sending new local model
2023-04-11 13:48:34,330 - INFO - Trying to connect to server on port 6000
2023-04-11 13:48:34,332 - INFO - Sending local model
2023-04-11 13:48:34,337 - INFO - Listening on port 6005
2023-04-11 13:48:34,746 - DEBUG - Recieved data of type: pickle
2023-04-11 13:48:34,746 - INFO - I am client5
2023-04-11 13:48:34,747 - INFO - Receiving new global model
2023-04-11 13:48:34,827 - INFO - Training loss: 1.24016
2023-04-11 13:48:34,830 - INFO - Testing accuracy: 92.25%
2023-04-11 13:48:34,830 - INFO - Local training..
2023-04-11 13:48:36,755 - INFO - Sending new local model
2023-04-11 13:48:36,758 - INFO - Trying to connect to server on port 6000
2023-04-11 13:48:36,759 - INFO - Sending local model
2023-04-11 13:48:36,762 - INFO - Listening on port 6005
2023-04-11 13:48:37,155 - DEBUG - Recieved data of type: pickle
2023-04-11 13:48:37,155 - INFO - I am client5
2023-04-11 13:48:37,155 - INFO - Receiving new global model
2023-04-11 13:48:37,246 - INFO - Training loss: 1.21981
2023-04-11 13:48:37,248 - INFO - Testing accuracy: 87.24%
2023-04-11 13:48:37,250 - INFO - Local training..
2023-04-11 13:48:39,161 - INFO - Sending new local model
2023-04-11 13:48:39,164 - INFO - Trying to connect to server on port 6000
2023-04-11 13:48:39,167 - INFO - Sending local model
2023-04-11 13:48:39,169 - INFO - Listening on port 6005
2023-04-11 13:48:39,546 - DEBUG - Recieved data of type: pickle
2023-04-11 13:48:39,546 - INFO - I am client5
2023-04-11 13:48:39,547 - INFO - Receiving new global model
2023-04-11 13:48:39,614 - INFO - Training loss: 1.23568
2023-04-11 13:48:39,614 - INFO - Testing accuracy: 92.62%
2023-04-11 13:48:39,618 - INFO - Local training..
2023-04-11 13:48:41,522 - INFO - Sending new local model
2023-04-11 13:48:41,524 - INFO - Trying to connect to server on port 6000
2023-04-11 13:48:41,525 - INFO - Sending local model
2023-04-11 13:48:41,528 - INFO - Listening on port 6005
2023-04-11 13:48:41,971 - DEBUG - Recieved data of type: pickle
2023-04-11 13:48:41,971 - INFO - I am client5
2023-04-11 13:48:41,971 - INFO - Receiving new global model
2023-04-11 13:48:42,037 - INFO - Training loss: 1.95873
2023-04-11 13:48:42,037 - INFO - Testing accuracy: 35.10%
2023-04-11 13:48:42,038 - INFO - Local training..
2023-04-11 13:48:44,000 - INFO - Sending new local model
2023-04-11 13:48:44,000 - INFO - Trying to connect to server on port 6000
2023-04-11 13:48:44,002 - INFO - Sending local model
2023-04-11 13:48:44,004 - INFO - Listening on port 6005
2023-04-11 13:48:44,377 - DEBUG - Recieved data of type: pickle
2023-04-11 13:48:44,378 - INFO - I am client5
2023-04-11 13:48:44,378 - INFO - Receiving new global model
2023-04-11 13:48:44,438 - INFO - Training loss: 1.33071
2023-04-11 13:48:44,442 - INFO - Testing accuracy: 90.06%
2023-04-11 13:48:44,443 - INFO - Local training..
2023-04-11 13:48:46,531 - INFO - Sending new local model
2023-04-11 13:48:46,533 - INFO - Trying to connect to server on port 6000
2023-04-11 13:48:46,536 - INFO - Sending local model
2023-04-11 13:48:46,538 - INFO - Listening on port 6005
2023-04-11 13:48:47,090 - DEBUG - Recieved data of type: pickle
2023-04-11 13:48:47,090 - INFO - I am client5
2023-04-11 13:48:47,091 - INFO - Receiving new global model
2023-04-11 13:48:47,385 - INFO - Training loss: 1.95436
2023-04-11 13:48:47,388 - INFO - Testing accuracy: 55.24%
2023-04-11 13:48:47,390 - INFO - Local training..
2023-04-11 13:48:49,152 - INFO - Sending new local model
2023-04-11 13:48:49,152 - INFO - Trying to connect to server on port 6000
2023-04-11 13:48:49,157 - INFO - Sending local model
2023-04-11 13:48:49,160 - INFO - Listening on port 6005
2023-04-11 13:48:49,527 - DEBUG - Recieved data of type: pickle
2023-04-11 13:48:49,527 - INFO - I am client5
2023-04-11 13:48:49,528 - INFO - Receiving new global model
2023-04-11 13:48:49,593 - INFO - Training loss: 2.11838
2023-04-11 13:48:49,596 - INFO - Testing accuracy: 30.08%
2023-04-11 13:48:49,597 - INFO - Local training..
2023-04-11 13:48:51,463 - INFO - Sending new local model
2023-04-11 13:48:51,464 - INFO - Trying to connect to server on port 6000
2023-04-11 13:48:51,466 - INFO - Sending local model
2023-04-11 13:48:51,470 - INFO - Listening on port 6005
2023-04-11 13:48:51,914 - DEBUG - Recieved data of type: pickle
2023-04-11 13:48:51,915 - INFO - I am client5
2023-04-11 13:48:51,923 - INFO - Receiving new global model
2023-04-11 13:48:52,017 - INFO - Training loss: 2.16149
2023-04-11 13:48:52,017 - INFO - Testing accuracy: 14.86%
2023-04-11 13:48:52,017 - INFO - Local training..
2023-04-11 13:48:54,616 - INFO - Sending new local model
2023-04-11 13:48:54,616 - INFO - Trying to connect to server on port 6000
2023-04-11 13:48:54,620 - INFO - Sending local model
2023-04-11 13:48:54,622 - INFO - Listening on port 6005
2023-04-11 13:48:55,118 - DEBUG - Recieved data of type: pickle
2023-04-11 13:48:55,118 - INFO - I am client5
2023-04-11 13:48:55,120 - INFO - Receiving new global model
2023-04-11 13:48:55,212 - INFO - Training loss: 1.35554
2023-04-11 13:48:55,213 - INFO - Testing accuracy: 91.25%
2023-04-11 13:48:55,222 - INFO - Local training..
2023-04-11 13:48:57,176 - INFO - Sending new local model
2023-04-11 13:48:57,176 - INFO - Trying to connect to server on port 6000
2023-04-11 13:48:57,180 - INFO - Sending local model
2023-04-11 13:48:57,183 - INFO - Listening on port 6005
2023-04-11 13:48:57,586 - DEBUG - Recieved data of type: pickle
2023-04-11 13:48:57,588 - INFO - I am client5
2023-04-11 13:48:57,588 - INFO - Receiving new global model
2023-04-11 13:48:57,673 - INFO - Training loss: 1.28466
2023-04-11 13:48:57,674 - INFO - Testing accuracy: 76.85%
2023-04-11 13:48:57,675 - INFO - Local training..
2023-04-11 13:48:59,834 - INFO - Sending new local model
2023-04-11 13:48:59,834 - INFO - Trying to connect to server on port 6000
2023-04-11 13:48:59,836 - INFO - Sending local model
2023-04-11 13:48:59,839 - INFO - Listening on port 6005
2023-04-11 13:49:00,329 - DEBUG - Recieved data of type: pickle
2023-04-11 13:49:00,329 - INFO - I am client5
2023-04-11 13:49:00,329 - INFO - Receiving new global model
2023-04-11 13:49:00,430 - INFO - Training loss: 1.29091
2023-04-11 13:49:00,433 - INFO - Testing accuracy: 74.02%
2023-04-11 13:49:00,434 - INFO - Local training..
2023-04-11 13:49:02,437 - INFO - Sending new local model
2023-04-11 13:49:02,438 - INFO - Trying to connect to server on port 6000
2023-04-11 13:49:02,439 - INFO - Sending local model
2023-04-11 13:49:02,441 - INFO - Listening on port 6005
2023-04-11 13:49:02,873 - DEBUG - Recieved data of type: pickle
2023-04-11 13:49:02,874 - INFO - I am client5
2023-04-11 13:49:02,874 - INFO - Receiving new global model
2023-04-11 13:49:02,966 - INFO - Training loss: 0.81705
2023-04-11 13:49:02,968 - INFO - Testing accuracy: 94.07%
2023-04-11 13:49:02,970 - INFO - Local training..
2023-04-11 13:49:04,933 - INFO - Sending new local model
2023-04-11 13:49:04,934 - INFO - Trying to connect to server on port 6000
2023-04-11 13:49:04,936 - INFO - Sending local model
2023-04-11 13:49:04,937 - INFO - Listening on port 6005
2023-04-11 13:49:05,347 - DEBUG - Recieved data of type: pickle
2023-04-11 13:49:05,347 - INFO - I am client5
2023-04-11 13:49:05,348 - INFO - Receiving new global model
2023-04-11 13:49:05,435 - INFO - Training loss: 1.15593
2023-04-11 13:49:05,435 - INFO - Testing accuracy: 94.53%
2023-04-11 13:49:05,439 - INFO - Local training..
2023-04-11 13:49:07,276 - INFO - Sending new local model
2023-04-11 13:49:07,276 - INFO - Trying to connect to server on port 6000
2023-04-11 13:49:07,280 - INFO - Sending local model
2023-04-11 13:49:07,283 - INFO - Listening on port 6005
2023-04-11 13:49:07,741 - DEBUG - Recieved data of type: pickle
2023-04-11 13:49:07,741 - INFO - I am client5
2023-04-11 13:49:07,743 - INFO - Receiving new global model
2023-04-11 13:49:07,946 - INFO - Training loss: 1.20334
2023-04-11 13:49:07,950 - INFO - Testing accuracy: 88.24%
2023-04-11 13:49:07,951 - INFO - Local training..
2023-04-11 13:49:10,112 - INFO - Sending new local model
2023-04-11 13:49:10,112 - INFO - Trying to connect to server on port 6000
2023-04-11 13:49:10,116 - INFO - Sending local model
2023-04-11 13:49:10,119 - INFO - Listening on port 6005
2023-04-11 13:49:10,454 - DEBUG - Recieved data of type: pickle
2023-04-11 13:49:10,454 - INFO - I am client5
2023-04-11 13:49:10,456 - INFO - Receiving new global model
2023-04-11 13:49:10,553 - INFO - Training loss: 0.77445
2023-04-11 13:49:10,556 - INFO - Testing accuracy: 95.72%
2023-04-11 13:49:10,557 - INFO - Local training..
2023-04-11 13:49:12,610 - INFO - Sending new local model
2023-04-11 13:49:12,612 - INFO - Trying to connect to server on port 6000
2023-04-11 13:49:12,614 - INFO - Sending local model
2023-04-11 13:49:12,616 - INFO - Listening on port 6005
2023-04-11 13:49:12,999 - DEBUG - Recieved data of type: pickle
2023-04-11 13:49:12,999 - INFO - I am client5
2023-04-11 13:49:13,000 - INFO - Receiving new global model
2023-04-11 13:49:13,063 - INFO - Training loss: 1.19561
2023-04-11 13:49:13,063 - INFO - Testing accuracy: 83.77%
2023-04-11 13:49:13,063 - INFO - Local training..
2023-04-11 13:49:15,032 - INFO - Sending new local model
2023-04-11 13:49:15,035 - INFO - Trying to connect to server on port 6000
2023-04-11 13:49:15,037 - INFO - Sending local model
2023-04-11 13:49:15,039 - INFO - Listening on port 6005
2023-04-11 13:49:15,487 - DEBUG - Recieved data of type: pickle
2023-04-11 13:49:15,488 - INFO - I am client5
2023-04-11 13:49:15,488 - INFO - Receiving new global model
2023-04-11 13:49:15,549 - INFO - Training loss: 1.32348
2023-04-11 13:49:15,549 - INFO - Testing accuracy: 73.56%
2023-04-11 13:49:15,549 - INFO - Local training..
2023-04-11 13:49:17,453 - INFO - Sending new local model
2023-04-11 13:49:17,454 - INFO - Trying to connect to server on port 6000
2023-04-11 13:49:17,456 - INFO - Sending local model
2023-04-11 13:49:17,457 - INFO - Listening on port 6005
2023-04-11 13:49:17,872 - DEBUG - Recieved data of type: pickle
2023-04-11 13:49:17,872 - INFO - I am client5
2023-04-11 13:49:17,874 - INFO - Receiving new global model
2023-04-11 13:49:17,970 - INFO - Training loss: 1.90189
2023-04-11 13:49:17,970 - INFO - Testing accuracy: 41.29%
2023-04-11 13:49:17,971 - INFO - Local training..
2023-04-11 13:49:19,760 - INFO - Sending new local model
2023-04-11 13:49:19,761 - INFO - Trying to connect to server on port 6000
2023-04-11 13:49:19,762 - INFO - Sending local model
2023-04-11 13:49:19,765 - INFO - Listening on port 6005
2023-04-11 13:49:20,255 - DEBUG - Recieved data of type: pickle
2023-04-11 13:49:20,255 - INFO - I am client5
2023-04-11 13:49:20,256 - INFO - Receiving new global model
2023-04-11 13:49:20,318 - INFO - Training loss: 0.82570
2023-04-11 13:49:20,319 - INFO - Testing accuracy: 94.17%
2023-04-11 13:49:20,320 - INFO - Local training..
2023-04-11 13:49:22,146 - INFO - Sending new local model
2023-04-11 13:49:22,148 - INFO - Trying to connect to server on port 6000
2023-04-11 13:49:22,149 - INFO - Sending local model
2023-04-11 13:49:22,151 - INFO - Listening on port 6005
2023-04-11 13:49:22,524 - DEBUG - Recieved data of type: pickle
2023-04-11 13:49:22,525 - INFO - I am client5
2023-04-11 13:49:22,525 - INFO - Receiving new global model
2023-04-11 13:49:22,592 - INFO - Training loss: 1.70919
2023-04-11 13:49:22,592 - INFO - Testing accuracy: 64.45%
2023-04-11 13:49:22,597 - INFO - Local training..
2023-04-11 13:49:24,452 - INFO - Sending new local model
2023-04-11 13:49:24,453 - INFO - Trying to connect to server on port 6000
2023-04-11 13:49:24,454 - INFO - Sending local model
2023-04-11 13:49:24,456 - INFO - Listening on port 6005
2023-04-11 13:49:24,881 - DEBUG - Recieved data of type: pickle
2023-04-11 13:49:24,881 - INFO - I am client5
2023-04-11 13:49:24,882 - INFO - Receiving new global model
2023-04-11 13:49:24,953 - INFO - Training loss: 1.29222
2023-04-11 13:49:25,034 - INFO - Testing accuracy: 84.14%
2023-04-11 13:49:25,037 - INFO - Local training..
2023-04-11 13:49:27,048 - INFO - Sending new local model
2023-04-11 13:49:27,050 - INFO - Trying to connect to server on port 6000
2023-04-11 13:49:27,052 - INFO - Sending local model
2023-04-11 13:49:27,054 - INFO - Listening on port 6005
2023-04-11 13:49:27,458 - DEBUG - Recieved data of type: pickle
2023-04-11 13:49:27,459 - INFO - I am client5
2023-04-11 13:49:27,460 - INFO - Receiving new global model
2023-04-11 13:49:27,646 - INFO - Training loss: 1.26283
2023-04-11 13:49:27,650 - INFO - Testing accuracy: 77.48%
2023-04-11 13:49:27,651 - INFO - Local training..
2023-04-11 13:49:29,816 - INFO - Sending new local model
2023-04-11 13:49:29,816 - INFO - Trying to connect to server on port 6000
2023-04-11 13:49:29,820 - INFO - Sending local model
2023-04-11 13:49:29,823 - INFO - Listening on port 6005
2023-04-11 13:49:30,216 - DEBUG - Recieved data of type: pickle
2023-04-11 13:49:30,218 - INFO - I am client5
2023-04-11 13:49:30,219 - INFO - Receiving new global model
2023-04-11 13:49:30,314 - INFO - Training loss: 1.94144
2023-04-11 13:49:30,316 - INFO - Testing accuracy: 33.73%
2023-04-11 13:49:30,320 - INFO - Local training..
2023-04-11 13:49:32,762 - INFO - Sending new local model
2023-04-11 13:49:32,762 - INFO - Trying to connect to server on port 6000
2023-04-11 13:49:32,766 - INFO - Sending local model
2023-04-11 13:49:32,767 - INFO - Listening on port 6005
2023-04-11 13:49:33,324 - DEBUG - Recieved data of type: pickle
2023-04-11 13:49:33,324 - INFO - I am client5
2023-04-11 13:49:33,325 - INFO - Receiving new global model
2023-04-11 13:49:33,410 - INFO - Training loss: 0.82224
2023-04-11 13:49:33,414 - INFO - Testing accuracy: 94.07%
2023-04-11 13:49:33,414 - INFO - Local training..
2023-04-11 13:49:35,887 - INFO - Sending new local model
2023-04-11 13:49:35,887 - INFO - Trying to connect to server on port 6000
2023-04-11 13:49:35,890 - INFO - Sending local model
2023-04-11 13:49:35,893 - INFO - Listening on port 6005
2023-04-11 13:49:36,448 - DEBUG - Recieved data of type: pickle
2023-04-11 13:49:36,449 - INFO - I am client5
2023-04-11 13:49:36,450 - INFO - Receiving new global model
2023-04-11 13:49:36,539 - INFO - Training loss: 0.77342
2023-04-11 13:49:36,543 - INFO - Testing accuracy: 95.26%
2023-04-11 13:49:36,545 - INFO - Local training..
2023-04-11 13:49:38,776 - INFO - Sending new local model
2023-04-11 13:49:38,778 - INFO - Trying to connect to server on port 6000
2023-04-11 13:49:38,780 - INFO - Sending local model
2023-04-11 13:49:38,786 - INFO - Listening on port 6005
2023-04-11 13:49:39,251 - DEBUG - Recieved data of type: pickle
2023-04-11 13:49:39,252 - INFO - I am client5
2023-04-11 13:49:39,253 - INFO - Receiving new global model
2023-04-11 13:49:39,329 - INFO - Training loss: 1.69150
2023-04-11 13:49:39,329 - INFO - Testing accuracy: 66.55%
2023-04-11 13:49:39,329 - INFO - Local training..
2023-04-11 13:49:40,963 - INFO - Sending new local model
2023-04-11 13:49:40,964 - INFO - Trying to connect to server on port 6000
2023-04-11 13:49:40,965 - INFO - Sending local model
2023-04-11 13:49:40,968 - INFO - Listening on port 6005
2023-04-11 13:49:41,371 - DEBUG - Recieved data of type: pickle
2023-04-11 13:49:41,372 - INFO - I am client5
2023-04-11 13:49:41,381 - INFO - Receiving new global model
2023-04-11 13:49:41,454 - INFO - Training loss: 2.03213
2023-04-11 13:49:41,454 - INFO - Testing accuracy: 25.52%
2023-04-11 13:49:41,454 - INFO - Local training..
2023-04-11 13:49:43,396 - INFO - Sending new local model
2023-04-11 13:49:43,399 - INFO - Trying to connect to server on port 6000
2023-04-11 13:49:43,400 - INFO - Sending local model
2023-04-11 13:49:43,403 - INFO - Listening on port 6005
2023-04-11 13:49:43,816 - DEBUG - Recieved data of type: pickle
2023-04-11 13:49:43,816 - INFO - I am client5
2023-04-11 13:49:43,816 - INFO - Receiving new global model
2023-04-11 13:49:43,905 - INFO - Training loss: 1.33891
2023-04-11 13:49:43,906 - INFO - Testing accuracy: 91.34%
2023-04-11 13:49:43,910 - INFO - Local training..
2023-04-11 13:49:46,880 - INFO - Sending new local model
2023-04-11 13:49:46,881 - INFO - Trying to connect to server on port 6000
2023-04-11 13:49:46,883 - INFO - Sending local model
2023-04-11 13:49:46,883 - INFO - Listening on port 6005
2023-04-11 13:49:47,260 - DEBUG - Recieved data of type: pickle
2023-04-11 13:49:47,260 - INFO - I am client5
2023-04-11 13:49:47,260 - INFO - Receiving new global model
2023-04-11 13:49:47,409 - INFO - Training loss: 1.28066
2023-04-11 13:49:47,409 - INFO - Testing accuracy: 77.21%
2023-04-11 13:49:47,412 - INFO - Local training..
2023-04-11 13:49:49,098 - INFO - Sending new local model
2023-04-11 13:49:49,099 - INFO - Trying to connect to server on port 6000
2023-04-11 13:49:49,100 - INFO - Sending local model
2023-04-11 13:49:49,100 - INFO - Listening on port 6005
2023-04-11 13:49:49,438 - DEBUG - Recieved data of type: pickle
2023-04-11 13:49:49,438 - INFO - I am client5
2023-04-11 13:49:49,438 - INFO - Receiving new global model
2023-04-11 13:49:49,629 - INFO - Training loss: 1.88799
2023-04-11 13:49:49,629 - INFO - Testing accuracy: 40.84%
2023-04-11 13:49:49,633 - INFO - Local training..
2023-04-11 13:49:51,222 - INFO - Sending new local model
2023-04-11 13:49:51,222 - INFO - Trying to connect to server on port 6000
2023-04-11 13:49:51,226 - INFO - Sending local model
2023-04-11 13:49:51,227 - INFO - Listening on port 6005
2023-04-11 13:49:51,607 - DEBUG - Recieved data of type: pickle
2023-04-11 13:49:51,607 - INFO - I am client5
2023-04-11 13:49:51,608 - INFO - Receiving new global model
2023-04-11 13:49:51,691 - INFO - Training loss: 1.32138
2023-04-11 13:49:51,693 - INFO - Testing accuracy: 91.52%
2023-04-11 13:49:51,693 - INFO - Local training..
2023-04-11 13:49:53,590 - INFO - Sending new local model
2023-04-11 13:49:53,591 - INFO - Trying to connect to server on port 6000
2023-04-11 13:49:53,592 - INFO - Sending local model
2023-04-11 13:49:53,594 - INFO - Listening on port 6005
2023-04-11 13:49:54,058 - DEBUG - Recieved data of type: pickle
2023-04-11 13:49:54,058 - INFO - I am client5
2023-04-11 13:49:54,062 - INFO - Receiving new global model
2023-04-11 13:49:54,154 - INFO - Training loss: 1.31141
2023-04-11 13:49:54,154 - INFO - Testing accuracy: 77.76%
2023-04-11 13:49:54,156 - INFO - Local training..
2023-04-11 13:49:55,961 - INFO - Sending new local model
2023-04-11 13:49:55,965 - INFO - Trying to connect to server on port 6000
2023-04-11 13:49:55,965 - INFO - Sending local model
2023-04-11 13:49:55,965 - INFO - Listening on port 6005
2023-04-11 13:49:56,282 - DEBUG - Recieved data of type: pickle
2023-04-11 13:49:56,282 - INFO - I am client5
2023-04-11 13:49:56,287 - INFO - Receiving new global model
2023-04-11 13:49:56,405 - INFO - Training loss: 1.29993
2023-04-11 13:49:56,427 - INFO - Testing accuracy: 74.84%
2023-04-11 13:49:56,427 - INFO - Local training..
2023-04-11 13:49:57,903 - INFO - Sending new local model
2023-04-11 13:49:57,904 - INFO - Trying to connect to server on port 6000
2023-04-11 13:49:57,905 - INFO - Sending local model
2023-04-11 13:49:57,908 - INFO - Listening on port 6005
2023-04-11 13:49:58,242 - DEBUG - Recieved data of type: pickle
2023-04-11 13:49:58,242 - INFO - I am client5
2023-04-11 13:49:58,244 - INFO - Receiving new global model
2023-04-11 13:49:58,307 - INFO - Training loss: 1.93938
2023-04-11 13:49:58,307 - INFO - Testing accuracy: 54.60%
2023-04-11 13:49:58,307 - INFO - Local training..
2023-04-11 13:49:59,749 - INFO - Sending new local model
2023-04-11 13:49:59,749 - INFO - Trying to connect to server on port 6000
2023-04-11 13:49:59,755 - INFO - Sending local model
2023-04-11 13:49:59,757 - INFO - Listening on port 6005
2023-04-11 13:50:00,077 - DEBUG - Recieved data of type: pickle
2023-04-11 13:50:00,077 - INFO - I am client5
2023-04-11 13:50:00,077 - INFO - Receiving new global model
2023-04-11 13:50:00,147 - INFO - Training loss: 1.42605
2023-04-11 13:50:00,150 - INFO - Testing accuracy: 64.90%
2023-04-11 13:50:00,153 - INFO - Local training..
2023-04-11 13:50:01,595 - INFO - Sending new local model
2023-04-11 13:50:01,595 - INFO - Trying to connect to server on port 6000
2023-04-11 13:50:01,596 - INFO - Sending local model
2023-04-11 13:50:01,598 - INFO - Listening on port 6005
2023-04-11 13:50:01,923 - DEBUG - Recieved data of type: pickle
2023-04-11 13:50:01,923 - INFO - I am client5
2023-04-11 13:50:01,924 - INFO - Receiving new global model
2023-04-11 13:50:01,989 - INFO - Training loss: 1.23965
2023-04-11 13:50:01,994 - INFO - Testing accuracy: 86.14%
2023-04-11 13:50:01,994 - INFO - Local training..
2023-04-11 13:50:03,418 - INFO - Sending new local model
2023-04-11 13:50:03,420 - INFO - Trying to connect to server on port 6000
2023-04-11 13:50:03,422 - INFO - Sending local model
2023-04-11 13:50:03,424 - INFO - Listening on port 6005
2023-04-11 13:50:03,842 - DEBUG - Recieved data of type: pickle
2023-04-11 13:50:03,842 - INFO - I am client5
2023-04-11 13:50:03,842 - INFO - Receiving new global model
2023-04-11 13:50:04,028 - INFO - Training loss: 1.19885
2023-04-11 13:50:04,028 - INFO - Testing accuracy: 96.26%
2023-04-11 13:50:04,032 - INFO - Local training..
2023-04-11 13:50:05,530 - INFO - Sending new local model
2023-04-11 13:50:05,531 - INFO - Trying to connect to server on port 6000
2023-04-11 13:50:05,533 - INFO - Sending local model
2023-04-11 13:50:05,535 - INFO - Listening on port 6005
2023-04-11 13:50:05,817 - DEBUG - Recieved data of type: pickle
2023-04-11 13:50:05,817 - INFO - I am client5
2023-04-11 13:50:05,842 - INFO - Receiving new global model
2023-04-11 13:50:05,923 - INFO - Training loss: 1.25400
2023-04-11 13:50:05,923 - INFO - Testing accuracy: 82.68%
2023-04-11 13:50:05,925 - INFO - Local training..
2023-04-11 13:50:07,342 - INFO - Sending new local model
2023-04-11 13:50:07,342 - INFO - Trying to connect to server on port 6000
2023-04-11 13:50:07,342 - INFO - Sending local model
2023-04-11 13:50:07,346 - INFO - Listening on port 6005
2023-04-11 13:50:07,660 - DEBUG - Recieved data of type: pickle
2023-04-11 13:50:07,660 - INFO - I am client5
2023-04-11 13:50:07,661 - INFO - Receiving new global model
2023-04-11 13:50:07,728 - INFO - Training loss: 1.29933
2023-04-11 13:50:07,729 - INFO - Testing accuracy: 71.01%
2023-04-11 13:50:07,733 - INFO - Local training..
2023-04-11 13:50:09,161 - INFO - Sending new local model
2023-04-11 13:50:09,161 - INFO - Trying to connect to server on port 6000
2023-04-11 13:50:09,165 - INFO - Sending local model
2023-04-11 13:50:09,167 - INFO - Listening on port 6005
2023-04-11 13:50:09,518 - DEBUG - Recieved data of type: pickle
2023-04-11 13:50:09,518 - INFO - I am client5
2023-04-11 13:50:09,518 - INFO - Receiving new global model
2023-04-11 13:50:09,596 - INFO - Training loss: 1.89088
2023-04-11 13:50:09,596 - INFO - Testing accuracy: 40.47%
2023-04-11 13:50:09,600 - INFO - Local training..
2023-04-11 13:50:11,035 - INFO - Sending new local model
2023-04-11 13:50:11,035 - INFO - Trying to connect to server on port 6000
2023-04-11 13:50:11,040 - INFO - Sending local model
2023-04-11 13:50:11,042 - INFO - Listening on port 6005
2023-04-11 13:50:11,338 - DEBUG - Recieved data of type: pickle
2023-04-11 13:50:11,338 - INFO - I am client5
2023-04-11 13:50:11,339 - INFO - Receiving new global model
2023-04-11 13:50:11,411 - INFO - Training loss: 2.09736
2023-04-11 13:50:11,411 - INFO - Testing accuracy: 26.07%
2023-04-11 13:50:11,417 - INFO - Local training..
2023-04-11 13:50:12,953 - INFO - Sending new local model
2023-04-11 13:50:12,957 - INFO - Trying to connect to server on port 6000
2023-04-11 13:50:12,958 - INFO - Sending local model
2023-04-11 13:50:12,958 - INFO - Listening on port 6005
2023-04-11 13:50:13,433 - DEBUG - Recieved data of type: pickle
2023-04-11 13:50:13,434 - INFO - I am client5
2023-04-11 13:50:13,437 - INFO - Receiving new global model
2023-04-11 13:50:13,547 - INFO - Training loss: 2.15668
2023-04-11 13:50:13,548 - INFO - Testing accuracy: 15.04%
2023-04-11 13:50:13,549 - INFO - Local training..
2023-04-11 13:50:15,068 - INFO - Sending new local model
2023-04-11 13:50:15,069 - INFO - Trying to connect to server on port 6000
2023-04-11 13:50:15,069 - INFO - Sending local model
2023-04-11 13:50:15,069 - INFO - Listening on port 6005
2023-04-11 13:50:15,498 - DEBUG - Recieved data of type: pickle
2023-04-11 13:50:15,498 - INFO - I am client5
2023-04-11 13:50:15,498 - INFO - Receiving new global model
2023-04-11 13:50:15,578 - INFO - Training loss: 2.29805
2023-04-11 13:50:15,578 - INFO - Testing accuracy: 4.47%
2023-04-11 13:50:15,582 - INFO - Local training..
2023-04-11 13:50:17,037 - INFO - Sending new local model
2023-04-11 13:50:17,037 - INFO - Trying to connect to server on port 6000
2023-04-11 13:50:17,039 - INFO - Sending local model
2023-04-11 13:50:17,039 - INFO - Listening on port 6005
2023-04-11 13:50:17,426 - DEBUG - Recieved data of type: pickle
2023-04-11 13:50:17,428 - INFO - I am client5
2023-04-11 13:50:17,428 - INFO - Receiving new global model
2023-04-11 13:50:17,498 - INFO - Training loss: 1.47468
2023-04-11 13:50:17,502 - INFO - Testing accuracy: 64.81%
2023-04-11 13:50:17,505 - INFO - Local training..
2023-04-11 13:50:18,918 - INFO - Sending new local model
2023-04-11 13:50:18,918 - INFO - Trying to connect to server on port 6000
2023-04-11 13:50:18,918 - INFO - Sending local model
2023-04-11 13:50:18,922 - INFO - Listening on port 6005
2023-04-11 13:50:19,275 - DEBUG - Recieved data of type: pickle
2023-04-11 13:50:19,275 - INFO - I am client5
2023-04-11 13:50:19,275 - INFO - Receiving new global model
2023-04-11 13:50:19,549 - INFO - Training loss: 1.95489
2023-04-11 13:50:19,549 - INFO - Testing accuracy: 34.37%
2023-04-11 13:50:19,549 - INFO - Local training..
2023-04-11 13:50:20,978 - INFO - Sending new local model
2023-04-11 13:50:20,979 - INFO - Trying to connect to server on port 6000
2023-04-11 13:50:20,979 - INFO - Sending local model
2023-04-11 13:50:20,982 - INFO - Listening on port 6005
2023-04-11 13:50:21,294 - DEBUG - Recieved data of type: pickle
2023-04-11 13:50:21,294 - INFO - I am client5
2023-04-11 13:50:21,294 - INFO - Receiving new global model
2023-04-11 13:50:21,362 - INFO - Training loss: 2.11190
2023-04-11 13:50:21,362 - INFO - Testing accuracy: 17.05%
2023-04-11 13:50:21,362 - INFO - Local training..
2023-04-11 13:50:22,910 - INFO - Sending new local model
2023-04-11 13:50:22,914 - INFO - Trying to connect to server on port 6000
2023-04-11 13:50:22,914 - INFO - Sending local model
2023-04-11 13:50:22,914 - INFO - Listening on port 6005
2023-04-11 13:50:23,266 - DEBUG - Recieved data of type: pickle
2023-04-11 13:50:23,266 - INFO - I am client5
2023-04-11 13:50:23,270 - INFO - Receiving new global model
2023-04-11 13:50:23,343 - INFO - Training loss: 1.37291
2023-04-11 13:50:23,343 - INFO - Testing accuracy: 69.64%
2023-04-11 13:50:23,348 - INFO - Local training..
2023-04-11 13:50:24,846 - INFO - Sending new local model
2023-04-11 13:50:24,847 - INFO - Trying to connect to server on port 6000
2023-04-11 13:50:24,849 - INFO - Sending local model
2023-04-11 13:50:24,851 - INFO - Listening on port 6005
2023-04-11 13:50:25,199 - DEBUG - Recieved data of type: pickle
2023-04-11 13:50:25,199 - INFO - I am client5
2023-04-11 13:50:25,199 - INFO - Receiving new global model
2023-04-11 13:50:25,268 - INFO - Training loss: 1.33071
2023-04-11 13:50:25,271 - INFO - Testing accuracy: 70.37%
2023-04-11 13:50:25,273 - INFO - Local training..
2023-04-11 13:50:28,167 - INFO - Sending new local model
2023-04-11 13:50:28,171 - INFO - Trying to connect to server on port 6000
2023-04-11 13:50:28,171 - INFO - Sending local model
2023-04-11 13:50:28,175 - INFO - Listening on port 6005
2023-04-11 13:50:28,560 - DEBUG - Recieved data of type: pickle
2023-04-11 13:50:28,562 - INFO - I am client5
2023-04-11 13:50:28,563 - INFO - Receiving new global model
2023-04-11 13:50:28,689 - INFO - Training loss: 1.33127
2023-04-11 13:50:28,690 - INFO - Testing accuracy: 67.64%
2023-04-11 13:50:28,690 - INFO - Local training..
2023-04-11 13:50:30,422 - INFO - Sending new local model
2023-04-11 13:50:30,422 - INFO - Trying to connect to server on port 6000
2023-04-11 13:50:30,426 - INFO - Sending local model
2023-04-11 13:50:30,426 - INFO - Listening on port 6005
2023-04-11 13:50:30,950 - DEBUG - Recieved data of type: pickle
2023-04-11 13:50:30,950 - INFO - I am client5
2023-04-11 13:50:30,950 - INFO - Receiving new global model
2023-04-11 13:50:31,048 - INFO - Training loss: 0.81935
2023-04-11 13:50:31,052 - INFO - Testing accuracy: 93.62%
2023-04-11 13:50:31,053 - INFO - Local training..
2023-04-11 13:50:34,232 - INFO - Sending new local model
2023-04-11 13:50:34,236 - INFO - Trying to connect to server on port 6000
2023-04-11 13:50:34,237 - INFO - Sending local model
2023-04-11 13:50:34,240 - INFO - Listening on port 6005
2023-04-11 13:50:34,632 - DEBUG - Recieved data of type: pickle
2023-04-11 13:50:34,632 - INFO - I am client5
2023-04-11 13:50:34,634 - INFO - Receiving new global model
2023-04-11 13:50:34,708 - INFO - Training loss: 1.72805
2023-04-11 13:50:34,711 - INFO - Testing accuracy: 55.97%
2023-04-11 13:50:34,713 - INFO - Local training..
2023-04-11 13:50:36,914 - INFO - Sending new local model
2023-04-11 13:50:36,917 - INFO - Trying to connect to server on port 6000
2023-04-11 13:50:36,919 - INFO - Sending local model
2023-04-11 13:50:36,922 - INFO - Listening on port 6005
2023-04-11 13:50:37,451 - DEBUG - Recieved data of type: pickle
2023-04-11 13:50:37,451 - INFO - I am client5
2023-04-11 13:50:37,451 - INFO - Receiving new global model
2023-04-11 13:50:37,546 - INFO - Training loss: 1.32368
2023-04-11 13:50:37,547 - INFO - Testing accuracy: 72.84%
2023-04-11 13:50:37,547 - INFO - Local training..
2023-04-11 13:50:40,130 - INFO - Sending new local model
2023-04-11 13:50:40,131 - INFO - Trying to connect to server on port 6000
2023-04-11 13:50:40,132 - INFO - Sending local model
2023-04-11 13:50:40,134 - INFO - Listening on port 6005
2023-04-11 13:50:40,523 - DEBUG - Recieved data of type: pickle
2023-04-11 13:50:40,523 - INFO - I am client5
2023-04-11 13:50:40,524 - INFO - Receiving new global model
2023-04-11 13:50:40,716 - INFO - Training loss: 1.91165
2023-04-11 13:50:40,718 - INFO - Testing accuracy: 40.02%
2023-04-11 13:50:40,720 - INFO - Local training..
2023-04-11 13:50:42,800 - INFO - Sending new local model
2023-04-11 13:50:42,800 - INFO - Trying to connect to server on port 6000
2023-04-11 13:50:42,803 - INFO - Sending local model
2023-04-11 13:50:42,805 - INFO - Listening on port 6005
2023-04-11 13:50:43,232 - DEBUG - Recieved data of type: pickle
2023-04-11 13:50:43,232 - INFO - I am client5
2023-04-11 13:50:43,233 - INFO - Receiving new global model
2023-04-11 13:50:43,305 - INFO - Training loss: 1.41900
2023-04-11 13:50:43,305 - INFO - Testing accuracy: 64.81%
2023-04-11 13:50:43,306 - INFO - Local training..
2023-04-11 13:50:45,247 - INFO - Sending new local model
2023-04-11 13:50:45,252 - INFO - Trying to connect to server on port 6000
2023-04-11 13:50:45,254 - INFO - Sending local model
2023-04-11 13:50:45,256 - INFO - Listening on port 6005
2023-04-11 13:50:45,717 - DEBUG - Recieved data of type: pickle
2023-04-11 13:50:45,717 - INFO - I am client5
2023-04-11 13:50:45,718 - INFO - Receiving new global model
2023-04-11 13:50:45,785 - INFO - Training loss: 1.37193
2023-04-11 13:50:45,788 - INFO - Testing accuracy: 67.46%
2023-04-11 13:50:45,789 - INFO - Local training..
2023-04-11 13:50:47,621 - INFO - Sending new local model
2023-04-11 13:50:47,622 - INFO - Trying to connect to server on port 6000
2023-04-11 13:50:47,624 - INFO - Sending local model
2023-04-11 13:50:47,627 - INFO - Listening on port 6005
2023-04-11 13:50:48,050 - DEBUG - Recieved data of type: pickle
2023-04-11 13:50:48,051 - INFO - I am client5
2023-04-11 13:50:48,053 - INFO - Receiving new global model
2023-04-11 13:50:48,118 - INFO - Training loss: 1.24800
2023-04-11 13:50:48,118 - INFO - Testing accuracy: 92.07%
2023-04-11 13:50:48,118 - INFO - Local training..
2023-04-11 13:50:49,900 - INFO - Sending new local model
2023-04-11 13:50:49,904 - INFO - Trying to connect to server on port 6000
2023-04-11 13:50:49,905 - INFO - Sending local model
2023-04-11 13:50:49,907 - INFO - Listening on port 6005
2023-04-11 13:50:50,349 - DEBUG - Recieved data of type: pickle
2023-04-11 13:50:50,349 - INFO - I am client5
2023-04-11 13:50:50,350 - INFO - Receiving new global model
2023-04-11 13:50:50,435 - INFO - Training loss: 1.30191
2023-04-11 13:50:50,437 - INFO - Testing accuracy: 78.03%
2023-04-11 13:50:50,439 - INFO - Local training..
2023-04-11 13:50:52,384 - INFO - Sending new local model
2023-04-11 13:50:52,384 - INFO - Trying to connect to server on port 6000
2023-04-11 13:50:52,391 - INFO - Sending local model
2023-04-11 13:50:52,394 - INFO - Listening on port 6005
2023-04-11 13:50:52,864 - DEBUG - Recieved data of type: pickle
2023-04-11 13:50:52,866 - INFO - I am client5
2023-04-11 13:50:52,869 - INFO - Receiving new global model
2023-04-11 13:50:52,974 - INFO - Training loss: 1.20366
2023-04-11 13:50:52,977 - INFO - Testing accuracy: 95.99%
2023-04-11 13:50:52,981 - INFO - Local training..
2023-04-11 13:50:55,450 - INFO - Sending new local model
2023-04-11 13:50:55,450 - INFO - Trying to connect to server on port 6000
2023-04-11 13:50:55,453 - INFO - Sending local model
2023-04-11 13:50:55,457 - INFO - Listening on port 6005
2023-04-11 13:50:56,005 - DEBUG - Recieved data of type: pickle
2023-04-11 13:50:56,006 - INFO - I am client5
2023-04-11 13:50:56,017 - INFO - Receiving new global model
2023-04-11 13:50:56,162 - INFO - Training loss: 1.92891
2023-04-11 13:50:56,163 - INFO - Testing accuracy: 58.07%
2023-04-11 13:50:56,163 - INFO - Local training..
2023-04-11 13:50:58,070 - INFO - Sending new local model
2023-04-11 13:50:58,070 - INFO - Trying to connect to server on port 6000
2023-04-11 13:50:58,072 - INFO - Sending local model
2023-04-11 13:50:58,075 - INFO - Listening on port 6005
2023-04-11 13:50:58,465 - DEBUG - Recieved data of type: pickle
2023-04-11 13:50:58,465 - INFO - I am client5
2023-04-11 13:50:58,465 - INFO - Receiving new global model
2023-04-11 13:50:58,556 - INFO - Training loss: 1.41014
2023-04-11 13:50:58,557 - INFO - Testing accuracy: 67.18%
2023-04-11 13:50:58,558 - INFO - Local training..
2023-04-11 13:51:00,548 - INFO - Sending new local model
2023-04-11 13:51:00,551 - INFO - Trying to connect to server on port 6000
2023-04-11 13:51:00,553 - INFO - Sending local model
2023-04-11 13:51:00,556 - INFO - Listening on port 6005
2023-04-11 13:51:01,071 - DEBUG - Recieved data of type: pickle
2023-04-11 13:51:01,072 - INFO - I am client5
2023-04-11 13:51:01,072 - INFO - Receiving new global model
2023-04-11 13:51:01,267 - INFO - Training loss: 0.81783
2023-04-11 13:51:01,268 - INFO - Testing accuracy: 93.80%
2023-04-11 13:51:01,271 - INFO - Local training..
2023-04-11 13:51:03,201 - INFO - Sending new local model
2023-04-11 13:51:03,205 - INFO - Trying to connect to server on port 6000
2023-04-11 13:51:03,206 - INFO - Sending local model
2023-04-11 13:51:03,208 - INFO - Listening on port 6005
2023-04-11 13:51:03,522 - DEBUG - Recieved data of type: pickle
2023-04-11 13:51:03,522 - INFO - I am client5
2023-04-11 13:51:03,524 - INFO - Receiving new global model
2023-04-11 13:51:03,605 - INFO - Training loss: 1.15237
2023-04-11 13:51:03,605 - INFO - Testing accuracy: 96.26%
2023-04-11 13:51:03,605 - INFO - Local training..
2023-04-11 13:51:05,474 - INFO - Sending new local model
2023-04-11 13:51:05,475 - INFO - Trying to connect to server on port 6000
2023-04-11 13:51:05,477 - INFO - Sending local model
2023-04-11 13:51:05,479 - INFO - Listening on port 6005
2023-04-11 13:51:05,906 - DEBUG - Recieved data of type: pickle
2023-04-11 13:51:05,906 - INFO - I am client5
2023-04-11 13:51:05,911 - INFO - Receiving new global model
2023-04-11 13:51:06,068 - INFO - Training loss: 1.20091
2023-04-11 13:51:06,068 - INFO - Testing accuracy: 89.06%
2023-04-11 13:51:06,072 - INFO - Local training..
2023-04-11 13:51:07,935 - INFO - Sending new local model
2023-04-11 13:51:07,935 - INFO - Trying to connect to server on port 6000
2023-04-11 13:51:07,940 - INFO - Sending local model
2023-04-11 13:51:07,942 - INFO - Listening on port 6005
2023-04-11 13:51:08,376 - DEBUG - Recieved data of type: pickle
2023-04-11 13:51:08,376 - INFO - I am client5
2023-04-11 13:51:08,378 - INFO - Receiving new global model
2023-04-11 13:51:08,449 - INFO - Training loss: 0.77458
2023-04-11 13:51:08,453 - INFO - Testing accuracy: 95.81%
2023-04-11 13:51:08,454 - INFO - Local training..
2023-04-11 13:51:10,694 - INFO - Sending new local model
2023-04-11 13:51:10,694 - INFO - Trying to connect to server on port 6000
2023-04-11 13:51:10,699 - INFO - Sending local model
2023-04-11 13:51:10,702 - INFO - Listening on port 6005
2023-04-11 13:51:11,231 - DEBUG - Recieved data of type: pickle
2023-04-11 13:51:11,231 - INFO - I am client5
2023-04-11 13:51:11,232 - INFO - Receiving new global model
2023-04-11 13:51:11,326 - INFO - Training loss: 1.15077
2023-04-11 13:51:11,327 - INFO - Testing accuracy: 81.49%
2023-04-11 13:51:11,328 - INFO - Local training..
2023-04-11 13:51:13,740 - INFO - Sending new local model
2023-04-11 13:51:13,745 - INFO - Trying to connect to server on port 6000
2023-04-11 13:51:13,746 - INFO - Sending local model
2023-04-11 13:51:13,750 - INFO - Listening on port 6005
2023-04-11 13:51:14,328 - DEBUG - Recieved data of type: pickle
2023-04-11 13:51:14,328 - INFO - I am client5
2023-04-11 13:51:14,329 - INFO - Receiving new global model
2023-04-11 13:51:14,471 - INFO - Training loss: 1.88702
2023-04-11 13:51:14,472 - INFO - Testing accuracy: 39.65%
2023-04-11 13:51:14,473 - INFO - Local training..
2023-04-11 13:51:16,603 - INFO - Sending new local model
2023-04-11 13:51:16,604 - INFO - Trying to connect to server on port 6000
2023-04-11 13:51:16,605 - INFO - Sending local model
2023-04-11 13:51:16,607 - INFO - Listening on port 6005
2023-04-11 13:51:17,076 - DEBUG - Recieved data of type: pickle
2023-04-11 13:51:17,077 - INFO - I am client5
2023-04-11 13:51:17,077 - INFO - Receiving new global model
2023-04-11 13:51:17,162 - INFO - Training loss: 2.07552
2023-04-11 13:51:17,167 - INFO - Testing accuracy: 19.23%
2023-04-11 13:51:17,168 - INFO - Local training..
2023-04-11 13:51:19,268 - INFO - Sending new local model
2023-04-11 13:51:19,269 - INFO - Trying to connect to server on port 6000
2023-04-11 13:51:19,270 - INFO - Sending local model
2023-04-11 13:51:19,273 - INFO - Listening on port 6005
2023-04-11 13:51:19,684 - DEBUG - Recieved data of type: pickle
2023-04-11 13:51:19,684 - INFO - I am client5
2023-04-11 13:51:19,686 - INFO - Receiving new global model
2023-04-11 13:51:19,758 - INFO - Training loss: 1.44211
2023-04-11 13:51:19,759 - INFO - Testing accuracy: 64.18%
2023-04-11 13:51:19,761 - INFO - Local training..
2023-04-11 13:51:21,564 - INFO - Sending new local model
2023-04-11 13:51:21,565 - INFO - Trying to connect to server on port 6000
2023-04-11 13:51:21,566 - INFO - Sending local model
2023-04-11 13:51:21,569 - INFO - Listening on port 6005
2023-04-11 13:51:22,040 - DEBUG - Recieved data of type: pickle
2023-04-11 13:51:22,041 - INFO - I am client5
2023-04-11 13:51:22,043 - INFO - Receiving new global model
2023-04-11 13:51:22,226 - INFO - Training loss: 1.94081
2023-04-11 13:51:22,226 - INFO - Testing accuracy: 33.82%
2023-04-11 13:51:22,226 - INFO - Local training..
2023-04-11 13:51:24,031 - INFO - Sending new local model
2023-04-11 13:51:24,032 - INFO - Trying to connect to server on port 6000
2023-04-11 13:51:24,034 - INFO - Sending local model
2023-04-11 13:51:24,037 - INFO - Listening on port 6005
2023-04-11 13:51:24,344 - DEBUG - Recieved data of type: pickle
2023-04-11 13:51:24,345 - INFO - I am client5
2023-04-11 13:51:24,345 - INFO - Receiving new global model
2023-04-11 13:51:24,428 - INFO - Training loss: 1.33032
2023-04-11 13:51:24,433 - INFO - Testing accuracy: 83.04%
2023-04-11 13:51:24,437 - INFO - Local training..
2023-04-11 13:51:26,437 - INFO - Sending new local model
2023-04-11 13:51:26,439 - INFO - Trying to connect to server on port 6000
2023-04-11 13:51:26,440 - INFO - Sending local model
2023-04-11 13:51:26,442 - INFO - Listening on port 6005
2023-04-11 13:51:26,847 - DEBUG - Recieved data of type: pickle
2023-04-11 13:51:26,847 - INFO - I am client5
2023-04-11 13:51:26,849 - INFO - Receiving new global model
2023-04-11 13:51:26,939 - INFO - Training loss: 1.27348
2023-04-11 13:51:26,940 - INFO - Testing accuracy: 77.12%
2023-04-11 13:51:26,940 - INFO - Local training..
2023-04-11 13:51:28,758 - INFO - Sending new local model
2023-04-11 13:51:28,763 - INFO - Trying to connect to server on port 6000
2023-04-11 13:51:28,764 - INFO - Sending local model
2023-04-11 13:51:28,766 - INFO - Listening on port 6005
2023-04-11 13:51:29,182 - DEBUG - Recieved data of type: pickle
2023-04-11 13:51:29,182 - INFO - I am client5
2023-04-11 13:51:29,186 - INFO - Receiving new global model
2023-04-11 13:51:29,255 - INFO - Training loss: 1.29952
2023-04-11 13:51:29,257 - INFO - Testing accuracy: 69.74%
2023-04-11 13:51:29,259 - INFO - Local training..
2023-04-11 13:51:31,305 - INFO - Sending new local model
2023-04-11 13:51:31,306 - INFO - Trying to connect to server on port 6000
2023-04-11 13:51:31,307 - INFO - Sending local model
2023-04-11 13:51:31,309 - INFO - Listening on port 6005
2023-04-11 13:51:32,276 - DEBUG - Recieved data of type: string
