2023-04-11 13:46:51,988 - INFO - Trying to connect to server on port 6000
2023-04-11 13:46:52,002 - INFO - Sending handshake
2023-04-11 13:46:52,004 - INFO - Listening on port 6003
2023-04-11 13:47:20,414 - DEBUG - Recieved data of type: pickle
2023-04-11 13:47:20,416 - INFO - I am client3
2023-04-11 13:47:20,421 - INFO - Receiving new global model
2023-04-11 13:47:20,618 - INFO - Training loss: 2.49017
2023-04-11 13:47:20,623 - INFO - Testing accuracy: 8.99%
2023-04-11 13:47:20,625 - INFO - Local training..
2023-04-11 13:47:22,027 - INFO - Sending new local model
2023-04-11 13:47:22,027 - INFO - Trying to connect to server on port 6000
2023-04-11 13:47:22,030 - INFO - Sending local model
2023-04-11 13:47:22,033 - INFO - Listening on port 6003
2023-04-11 13:47:23,374 - DEBUG - Recieved data of type: pickle
2023-04-11 13:47:23,374 - INFO - I am client3
2023-04-11 13:47:23,375 - INFO - Receiving new global model
2023-04-11 13:47:23,437 - INFO - Training loss: 1.07263
2023-04-11 13:47:23,437 - INFO - Testing accuracy: 93.53%
2023-04-11 13:47:23,437 - INFO - Local training..
2023-04-11 13:47:25,048 - INFO - Sending new local model
2023-04-11 13:47:25,048 - INFO - Trying to connect to server on port 6000
2023-04-11 13:47:25,053 - INFO - Sending local model
2023-04-11 13:47:25,055 - INFO - Listening on port 6003
2023-04-11 13:47:26,449 - DEBUG - Recieved data of type: pickle
2023-04-11 13:47:26,449 - INFO - I am client3
2023-04-11 13:47:26,450 - INFO - Receiving new global model
2023-04-11 13:47:26,499 - INFO - Training loss: 1.55298
2023-04-11 13:47:26,501 - INFO - Testing accuracy: 77.92%
2023-04-11 13:47:26,502 - INFO - Local training..
2023-04-11 13:47:28,110 - INFO - Sending new local model
2023-04-11 13:47:28,112 - INFO - Trying to connect to server on port 6000
2023-04-11 13:47:28,114 - INFO - Sending local model
2023-04-11 13:47:28,118 - INFO - Listening on port 6003
2023-04-11 13:47:29,507 - DEBUG - Recieved data of type: pickle
2023-04-11 13:47:29,507 - INFO - I am client3
2023-04-11 13:47:29,508 - INFO - Receiving new global model
2023-04-11 13:47:29,576 - INFO - Training loss: 1.73911
2023-04-11 13:47:29,577 - INFO - Testing accuracy: 55.21%
2023-04-11 13:47:29,578 - INFO - Local training..
2023-04-11 13:47:30,869 - INFO - Sending new local model
2023-04-11 13:47:30,875 - INFO - Trying to connect to server on port 6000
2023-04-11 13:47:30,877 - INFO - Sending local model
2023-04-11 13:47:30,879 - INFO - Listening on port 6003
2023-04-11 13:47:32,137 - DEBUG - Recieved data of type: pickle
2023-04-11 13:47:32,137 - INFO - I am client3
2023-04-11 13:47:32,138 - INFO - Receiving new global model
2023-04-11 13:47:32,213 - INFO - Training loss: 1.15821
2023-04-11 13:47:32,217 - INFO - Testing accuracy: 89.27%
2023-04-11 13:47:32,221 - INFO - Local training..
2023-04-11 13:47:33,431 - INFO - Sending new local model
2023-04-11 13:47:33,436 - INFO - Trying to connect to server on port 6000
2023-04-11 13:47:33,439 - INFO - Sending local model
2023-04-11 13:47:33,442 - INFO - Listening on port 6003
2023-04-11 13:47:34,521 - DEBUG - Recieved data of type: pickle
2023-04-11 13:47:34,521 - INFO - I am client3
2023-04-11 13:47:34,522 - INFO - Receiving new global model
2023-04-11 13:47:34,581 - INFO - Training loss: 1.03813
2023-04-11 13:47:34,585 - INFO - Testing accuracy: 94.16%
2023-04-11 13:47:34,585 - INFO - Local training..
2023-04-11 13:47:35,850 - INFO - Sending new local model
2023-04-11 13:47:35,850 - INFO - Trying to connect to server on port 6000
2023-04-11 13:47:35,853 - INFO - Sending local model
2023-04-11 13:47:35,855 - INFO - Listening on port 6003
2023-04-11 13:47:36,909 - DEBUG - Recieved data of type: pickle
2023-04-11 13:47:36,910 - INFO - I am client3
2023-04-11 13:47:36,910 - INFO - Receiving new global model
2023-04-11 13:47:36,985 - INFO - Training loss: 1.05871
2023-04-11 13:47:37,002 - INFO - Testing accuracy: 92.74%
2023-04-11 13:47:37,003 - INFO - Local training..
2023-04-11 13:47:38,232 - INFO - Sending new local model
2023-04-11 13:47:38,235 - INFO - Trying to connect to server on port 6000
2023-04-11 13:47:38,236 - INFO - Sending local model
2023-04-11 13:47:38,238 - INFO - Listening on port 6003
2023-04-11 13:47:39,517 - DEBUG - Recieved data of type: pickle
2023-04-11 13:47:39,517 - INFO - I am client3
2023-04-11 13:47:39,517 - INFO - Receiving new global model
2023-04-11 13:47:39,574 - INFO - Training loss: 1.41135
2023-04-11 13:47:39,576 - INFO - Testing accuracy: 86.91%
2023-04-11 13:47:39,579 - INFO - Local training..
2023-04-11 13:47:40,795 - INFO - Sending new local model
2023-04-11 13:47:40,797 - INFO - Trying to connect to server on port 6000
2023-04-11 13:47:40,798 - INFO - Sending local model
2023-04-11 13:47:40,801 - INFO - Listening on port 6003
2023-04-11 13:47:41,910 - DEBUG - Recieved data of type: pickle
2023-04-11 13:47:41,910 - INFO - I am client3
2023-04-11 13:47:41,911 - INFO - Receiving new global model
2023-04-11 13:47:42,088 - INFO - Training loss: 1.45724
2023-04-11 13:47:42,088 - INFO - Testing accuracy: 89.43%
2023-04-11 13:47:42,090 - INFO - Local training..
2023-04-11 13:47:43,223 - INFO - Sending new local model
2023-04-11 13:47:43,227 - INFO - Trying to connect to server on port 6000
2023-04-11 13:47:43,229 - INFO - Sending local model
2023-04-11 13:47:43,232 - INFO - Listening on port 6003
2023-04-11 13:47:44,173 - DEBUG - Recieved data of type: pickle
2023-04-11 13:47:44,173 - INFO - I am client3
2023-04-11 13:47:44,174 - INFO - Receiving new global model
2023-04-11 13:47:44,221 - INFO - Training loss: 1.43781
2023-04-11 13:47:44,221 - INFO - Testing accuracy: 85.33%
2023-04-11 13:47:44,223 - INFO - Local training..
2023-04-11 13:47:45,535 - INFO - Sending new local model
2023-04-11 13:47:45,537 - INFO - Trying to connect to server on port 6000
2023-04-11 13:47:45,538 - INFO - Sending local model
2023-04-11 13:47:45,542 - INFO - Listening on port 6003
2023-04-11 13:47:46,963 - DEBUG - Recieved data of type: pickle
2023-04-11 13:47:46,963 - INFO - I am client3
2023-04-11 13:47:46,964 - INFO - Receiving new global model
2023-04-11 13:47:47,057 - INFO - Training loss: 1.10253
2023-04-11 13:47:47,067 - INFO - Testing accuracy: 91.01%
2023-04-11 13:47:47,095 - INFO - Local training..
2023-04-11 13:47:48,411 - INFO - Sending new local model
2023-04-11 13:47:48,414 - INFO - Trying to connect to server on port 6000
2023-04-11 13:47:48,416 - INFO - Sending local model
2023-04-11 13:47:48,418 - INFO - Listening on port 6003
2023-04-11 13:47:49,416 - DEBUG - Recieved data of type: pickle
2023-04-11 13:47:49,416 - INFO - I am client3
2023-04-11 13:47:49,417 - INFO - Receiving new global model
2023-04-11 13:47:49,466 - INFO - Training loss: 1.08457
2023-04-11 13:47:49,471 - INFO - Testing accuracy: 90.69%
2023-04-11 13:47:49,472 - INFO - Local training..
2023-04-11 13:47:50,734 - INFO - Sending new local model
2023-04-11 13:47:50,734 - INFO - Trying to connect to server on port 6000
2023-04-11 13:47:50,738 - INFO - Sending local model
2023-04-11 13:47:50,740 - INFO - Listening on port 6003
2023-04-11 13:47:51,880 - DEBUG - Recieved data of type: pickle
2023-04-11 13:47:51,881 - INFO - I am client3
2023-04-11 13:47:51,881 - INFO - Receiving new global model
2023-04-11 13:47:51,928 - INFO - Training loss: 1.17790
2023-04-11 13:47:51,929 - INFO - Testing accuracy: 88.49%
2023-04-11 13:47:51,929 - INFO - Local training..
2023-04-11 13:47:53,097 - INFO - Sending new local model
2023-04-11 13:47:53,101 - INFO - Trying to connect to server on port 6000
2023-04-11 13:47:53,104 - INFO - Sending local model
2023-04-11 13:47:53,108 - INFO - Listening on port 6003
2023-04-11 13:47:54,180 - DEBUG - Recieved data of type: pickle
2023-04-11 13:47:54,181 - INFO - I am client3
2023-04-11 13:47:54,182 - INFO - Receiving new global model
2023-04-11 13:47:54,249 - INFO - Training loss: 1.39969
2023-04-11 13:47:54,252 - INFO - Testing accuracy: 87.54%
2023-04-11 13:47:54,255 - INFO - Local training..
2023-04-11 13:47:55,518 - INFO - Sending new local model
2023-04-11 13:47:55,520 - INFO - Trying to connect to server on port 6000
2023-04-11 13:47:55,522 - INFO - Sending local model
2023-04-11 13:47:55,524 - INFO - Listening on port 6003
2023-04-11 13:47:56,555 - DEBUG - Recieved data of type: pickle
2023-04-11 13:47:56,556 - INFO - I am client3
2023-04-11 13:47:56,556 - INFO - Receiving new global model
2023-04-11 13:47:56,628 - INFO - Training loss: 1.42878
2023-04-11 13:47:56,638 - INFO - Testing accuracy: 92.74%
2023-04-11 13:47:56,649 - INFO - Local training..
2023-04-11 13:47:57,936 - INFO - Sending new local model
2023-04-11 13:47:57,940 - INFO - Trying to connect to server on port 6000
2023-04-11 13:47:57,943 - INFO - Sending local model
2023-04-11 13:47:57,946 - INFO - Listening on port 6003
2023-04-11 13:47:59,110 - DEBUG - Recieved data of type: pickle
2023-04-11 13:47:59,110 - INFO - I am client3
2023-04-11 13:47:59,111 - INFO - Receiving new global model
2023-04-11 13:47:59,162 - INFO - Training loss: 1.25955
2023-04-11 13:47:59,164 - INFO - Testing accuracy: 87.07%
2023-04-11 13:47:59,165 - INFO - Local training..
2023-04-11 13:48:00,773 - INFO - Sending new local model
2023-04-11 13:48:00,775 - INFO - Trying to connect to server on port 6000
2023-04-11 13:48:00,776 - INFO - Sending local model
2023-04-11 13:48:00,780 - INFO - Listening on port 6003
2023-04-11 13:48:02,254 - DEBUG - Recieved data of type: pickle
2023-04-11 13:48:02,254 - INFO - I am client3
2023-04-11 13:48:02,254 - INFO - Receiving new global model
2023-04-11 13:48:02,346 - INFO - Training loss: 1.23237
2023-04-11 13:48:02,347 - INFO - Testing accuracy: 84.86%
2023-04-11 13:48:02,347 - INFO - Local training..
2023-04-11 13:48:03,981 - INFO - Sending new local model
2023-04-11 13:48:03,986 - INFO - Trying to connect to server on port 6000
2023-04-11 13:48:03,988 - INFO - Sending local model
2023-04-11 13:48:03,990 - INFO - Listening on port 6003
2023-04-11 13:48:05,433 - DEBUG - Recieved data of type: pickle
2023-04-11 13:48:05,433 - INFO - I am client3
2023-04-11 13:48:05,434 - INFO - Receiving new global model
2023-04-11 13:48:05,485 - INFO - Training loss: 1.08325
2023-04-11 13:48:05,490 - INFO - Testing accuracy: 90.85%
2023-04-11 13:48:05,496 - INFO - Local training..
2023-04-11 13:48:06,763 - INFO - Sending new local model
2023-04-11 13:48:06,763 - INFO - Trying to connect to server on port 6000
2023-04-11 13:48:06,766 - INFO - Sending local model
2023-04-11 13:48:06,769 - INFO - Listening on port 6003
2023-04-11 13:48:07,737 - DEBUG - Recieved data of type: pickle
2023-04-11 13:48:07,738 - INFO - I am client3
2023-04-11 13:48:07,738 - INFO - Receiving new global model
2023-04-11 13:48:07,780 - INFO - Training loss: 1.58958
2023-04-11 13:48:07,781 - INFO - Testing accuracy: 65.62%
2023-04-11 13:48:07,782 - INFO - Local training..
2023-04-11 13:48:09,016 - INFO - Sending new local model
2023-04-11 13:48:09,016 - INFO - Trying to connect to server on port 6000
2023-04-11 13:48:09,020 - INFO - Sending local model
2023-04-11 13:48:09,025 - INFO - Listening on port 6003
2023-04-11 13:48:10,103 - DEBUG - Recieved data of type: pickle
2023-04-11 13:48:10,103 - INFO - I am client3
2023-04-11 13:48:10,104 - INFO - Receiving new global model
2023-04-11 13:48:10,169 - INFO - Training loss: 1.47837
2023-04-11 13:48:10,172 - INFO - Testing accuracy: 85.02%
2023-04-11 13:48:10,174 - INFO - Local training..
2023-04-11 13:48:11,640 - INFO - Sending new local model
2023-04-11 13:48:11,642 - INFO - Trying to connect to server on port 6000
2023-04-11 13:48:11,643 - INFO - Sending local model
2023-04-11 13:48:11,645 - INFO - Listening on port 6003
2023-04-11 13:48:12,822 - DEBUG - Recieved data of type: pickle
2023-04-11 13:48:12,822 - INFO - I am client3
2023-04-11 13:48:12,823 - INFO - Receiving new global model
2023-04-11 13:48:12,865 - INFO - Training loss: 1.47643
2023-04-11 13:48:12,867 - INFO - Testing accuracy: 86.91%
2023-04-11 13:48:12,867 - INFO - Local training..
2023-04-11 13:48:14,093 - INFO - Sending new local model
2023-04-11 13:48:14,095 - INFO - Trying to connect to server on port 6000
2023-04-11 13:48:14,097 - INFO - Sending local model
2023-04-11 13:48:14,100 - INFO - Listening on port 6003
2023-04-11 13:48:15,180 - DEBUG - Recieved data of type: pickle
2023-04-11 13:48:15,181 - INFO - I am client3
2023-04-11 13:48:15,181 - INFO - Receiving new global model
2023-04-11 13:48:15,253 - INFO - Training loss: 1.07768
2023-04-11 13:48:15,254 - INFO - Testing accuracy: 92.74%
2023-04-11 13:48:15,255 - INFO - Local training..
2023-04-11 13:48:16,582 - INFO - Sending new local model
2023-04-11 13:48:16,583 - INFO - Trying to connect to server on port 6000
2023-04-11 13:48:16,585 - INFO - Sending local model
2023-04-11 13:48:16,587 - INFO - Listening on port 6003
2023-04-11 13:48:17,789 - DEBUG - Recieved data of type: pickle
2023-04-11 13:48:17,790 - INFO - I am client3
2023-04-11 13:48:17,790 - INFO - Receiving new global model
2023-04-11 13:48:17,886 - INFO - Training loss: 1.61728
2023-04-11 13:48:17,887 - INFO - Testing accuracy: 58.99%
2023-04-11 13:48:17,888 - INFO - Local training..
2023-04-11 13:48:19,119 - INFO - Sending new local model
2023-04-11 13:48:19,119 - INFO - Trying to connect to server on port 6000
2023-04-11 13:48:19,123 - INFO - Sending local model
2023-04-11 13:48:19,125 - INFO - Listening on port 6003
2023-04-11 13:48:20,207 - DEBUG - Recieved data of type: pickle
2023-04-11 13:48:20,207 - INFO - I am client3
2023-04-11 13:48:20,207 - INFO - Receiving new global model
2023-04-11 13:48:20,270 - INFO - Training loss: 1.71750
2023-04-11 13:48:20,273 - INFO - Testing accuracy: 59.78%
2023-04-11 13:48:20,275 - INFO - Local training..
2023-04-11 13:48:21,836 - INFO - Sending new local model
2023-04-11 13:48:21,836 - INFO - Trying to connect to server on port 6000
2023-04-11 13:48:21,840 - INFO - Sending local model
2023-04-11 13:48:21,843 - INFO - Listening on port 6003
2023-04-11 13:48:22,991 - DEBUG - Recieved data of type: pickle
2023-04-11 13:48:22,992 - INFO - I am client3
2023-04-11 13:48:22,992 - INFO - Receiving new global model
2023-04-11 13:48:23,178 - INFO - Training loss: 1.15039
2023-04-11 13:48:23,178 - INFO - Testing accuracy: 89.75%
2023-04-11 13:48:23,179 - INFO - Local training..
2023-04-11 13:48:24,273 - INFO - Sending new local model
2023-04-11 13:48:24,275 - INFO - Trying to connect to server on port 6000
2023-04-11 13:48:24,276 - INFO - Sending local model
2023-04-11 13:48:24,278 - INFO - Listening on port 6003
2023-04-11 13:48:25,296 - DEBUG - Recieved data of type: pickle
2023-04-11 13:48:25,297 - INFO - I am client3
2023-04-11 13:48:25,297 - INFO - Receiving new global model
2023-04-11 13:48:25,363 - INFO - Training loss: 1.56169
2023-04-11 13:48:25,365 - INFO - Testing accuracy: 78.86%
2023-04-11 13:48:25,366 - INFO - Local training..
2023-04-11 13:48:26,539 - INFO - Sending new local model
2023-04-11 13:48:26,540 - INFO - Trying to connect to server on port 6000
2023-04-11 13:48:26,542 - INFO - Sending local model
2023-04-11 13:48:26,544 - INFO - Listening on port 6003
2023-04-11 13:48:27,559 - DEBUG - Recieved data of type: pickle
2023-04-11 13:48:27,559 - INFO - I am client3
2023-04-11 13:48:27,559 - INFO - Receiving new global model
2023-04-11 13:48:27,632 - INFO - Training loss: 1.43847
2023-04-11 13:48:27,635 - INFO - Testing accuracy: 84.07%
2023-04-11 13:48:27,635 - INFO - Local training..
2023-04-11 13:48:28,745 - INFO - Sending new local model
2023-04-11 13:48:28,746 - INFO - Trying to connect to server on port 6000
2023-04-11 13:48:28,748 - INFO - Sending local model
2023-04-11 13:48:28,751 - INFO - Listening on port 6003
2023-04-11 13:48:29,899 - DEBUG - Recieved data of type: pickle
2023-04-11 13:48:29,899 - INFO - I am client3
2023-04-11 13:48:29,900 - INFO - Receiving new global model
2023-04-11 13:48:29,975 - INFO - Training loss: 1.27292
2023-04-11 13:48:29,978 - INFO - Testing accuracy: 85.33%
2023-04-11 13:48:29,978 - INFO - Local training..
2023-04-11 13:48:31,180 - INFO - Sending new local model
2023-04-11 13:48:31,182 - INFO - Trying to connect to server on port 6000
2023-04-11 13:48:31,183 - INFO - Sending local model
2023-04-11 13:48:31,186 - INFO - Listening on port 6003
2023-04-11 13:48:32,296 - DEBUG - Recieved data of type: pickle
2023-04-11 13:48:32,297 - INFO - I am client3
2023-04-11 13:48:32,297 - INFO - Receiving new global model
2023-04-11 13:48:32,434 - INFO - Training loss: 1.23648
2023-04-11 13:48:32,472 - INFO - Testing accuracy: 84.23%
2023-04-11 13:48:32,480 - INFO - Local training..
2023-04-11 13:48:33,691 - INFO - Sending new local model
2023-04-11 13:48:33,693 - INFO - Trying to connect to server on port 6000
2023-04-11 13:48:33,695 - INFO - Sending local model
2023-04-11 13:48:33,697 - INFO - Listening on port 6003
2023-04-11 13:48:34,720 - DEBUG - Recieved data of type: pickle
2023-04-11 13:48:34,721 - INFO - I am client3
2023-04-11 13:48:34,721 - INFO - Receiving new global model
2023-04-11 13:48:34,787 - INFO - Training loss: 1.41479
2023-04-11 13:48:34,789 - INFO - Testing accuracy: 89.59%
2023-04-11 13:48:34,790 - INFO - Local training..
2023-04-11 13:48:36,060 - INFO - Sending new local model
2023-04-11 13:48:36,064 - INFO - Trying to connect to server on port 6000
2023-04-11 13:48:36,066 - INFO - Sending local model
2023-04-11 13:48:36,070 - INFO - Listening on port 6003
2023-04-11 13:48:37,147 - DEBUG - Recieved data of type: pickle
2023-04-11 13:48:37,147 - INFO - I am client3
2023-04-11 13:48:37,148 - INFO - Receiving new global model
2023-04-11 13:48:37,202 - INFO - Training loss: 1.69857
2023-04-11 13:48:37,204 - INFO - Testing accuracy: 57.10%
2023-04-11 13:48:37,205 - INFO - Local training..
2023-04-11 13:48:38,464 - INFO - Sending new local model
2023-04-11 13:48:38,466 - INFO - Trying to connect to server on port 6000
2023-04-11 13:48:38,468 - INFO - Sending local model
2023-04-11 13:48:38,471 - INFO - Listening on port 6003
2023-04-11 13:48:39,536 - DEBUG - Recieved data of type: pickle
2023-04-11 13:48:39,536 - INFO - I am client3
2023-04-11 13:48:39,537 - INFO - Receiving new global model
2023-04-11 13:48:39,584 - INFO - Training loss: 1.49617
2023-04-11 13:48:39,586 - INFO - Testing accuracy: 88.01%
2023-04-11 13:48:39,587 - INFO - Local training..
2023-04-11 13:48:40,755 - INFO - Sending new local model
2023-04-11 13:48:40,756 - INFO - Trying to connect to server on port 6000
2023-04-11 13:48:40,757 - INFO - Sending local model
2023-04-11 13:48:40,760 - INFO - Listening on port 6003
2023-04-11 13:48:41,952 - DEBUG - Recieved data of type: pickle
2023-04-11 13:48:41,953 - INFO - I am client3
2023-04-11 13:48:41,953 - INFO - Receiving new global model
2023-04-11 13:48:42,022 - INFO - Training loss: 1.72790
2023-04-11 13:48:42,024 - INFO - Testing accuracy: 55.21%
2023-04-11 13:48:42,025 - INFO - Local training..
2023-04-11 13:48:43,254 - INFO - Sending new local model
2023-04-11 13:48:43,258 - INFO - Trying to connect to server on port 6000
2023-04-11 13:48:43,258 - INFO - Sending local model
2023-04-11 13:48:43,261 - INFO - Listening on port 6003
2023-04-11 13:48:44,357 - DEBUG - Recieved data of type: pickle
2023-04-11 13:48:44,357 - INFO - I am client3
2023-04-11 13:48:44,358 - INFO - Receiving new global model
2023-04-11 13:48:44,418 - INFO - Training loss: 1.49777
2023-04-11 13:48:44,426 - INFO - Testing accuracy: 87.54%
2023-04-11 13:48:44,429 - INFO - Local training..
2023-04-11 13:48:45,752 - INFO - Sending new local model
2023-04-11 13:48:45,756 - INFO - Trying to connect to server on port 6000
2023-04-11 13:48:45,758 - INFO - Sending local model
2023-04-11 13:48:45,762 - INFO - Listening on port 6003
2023-04-11 13:48:47,059 - DEBUG - Recieved data of type: pickle
2023-04-11 13:48:47,060 - INFO - I am client3
2023-04-11 13:48:47,060 - INFO - Receiving new global model
2023-04-11 13:48:47,121 - INFO - Training loss: 1.44079
2023-04-11 13:48:47,125 - INFO - Testing accuracy: 84.86%
2023-04-11 13:48:47,125 - INFO - Local training..
2023-04-11 13:48:48,451 - INFO - Sending new local model
2023-04-11 13:48:48,454 - INFO - Trying to connect to server on port 6000
2023-04-11 13:48:48,455 - INFO - Sending local model
2023-04-11 13:48:48,457 - INFO - Listening on port 6003
2023-04-11 13:48:49,503 - DEBUG - Recieved data of type: pickle
2023-04-11 13:48:49,504 - INFO - I am client3
2023-04-11 13:48:49,504 - INFO - Receiving new global model
2023-04-11 13:48:49,556 - INFO - Training loss: 1.45676
2023-04-11 13:48:49,567 - INFO - Testing accuracy: 82.97%
2023-04-11 13:48:49,579 - INFO - Local training..
2023-04-11 13:48:50,743 - INFO - Sending new local model
2023-04-11 13:48:50,743 - INFO - Trying to connect to server on port 6000
2023-04-11 13:48:50,747 - INFO - Sending local model
2023-04-11 13:48:50,749 - INFO - Listening on port 6003
2023-04-11 13:48:51,903 - DEBUG - Recieved data of type: pickle
2023-04-11 13:48:51,904 - INFO - I am client3
2023-04-11 13:48:51,906 - INFO - Receiving new global model
2023-04-11 13:48:51,974 - INFO - Training loss: 1.65258
2023-04-11 13:48:51,974 - INFO - Testing accuracy: 69.87%
2023-04-11 13:48:51,974 - INFO - Local training..
2023-04-11 13:48:53,659 - INFO - Sending new local model
2023-04-11 13:48:53,659 - INFO - Trying to connect to server on port 6000
2023-04-11 13:48:53,664 - INFO - Sending local model
2023-04-11 13:48:53,666 - INFO - Listening on port 6003
2023-04-11 13:48:55,096 - DEBUG - Recieved data of type: pickle
2023-04-11 13:48:55,096 - INFO - I am client3
2023-04-11 13:48:55,097 - INFO - Receiving new global model
2023-04-11 13:48:55,172 - INFO - Training loss: 1.49277
2023-04-11 13:48:55,199 - INFO - Testing accuracy: 89.59%
2023-04-11 13:48:55,200 - INFO - Local training..
2023-04-11 13:48:56,481 - INFO - Sending new local model
2023-04-11 13:48:56,482 - INFO - Trying to connect to server on port 6000
2023-04-11 13:48:56,484 - INFO - Sending local model
2023-04-11 13:48:56,486 - INFO - Listening on port 6003
2023-04-11 13:48:57,581 - DEBUG - Recieved data of type: pickle
2023-04-11 13:48:57,581 - INFO - I am client3
2023-04-11 13:48:57,583 - INFO - Receiving new global model
2023-04-11 13:48:57,637 - INFO - Training loss: 1.28183
2023-04-11 13:48:57,638 - INFO - Testing accuracy: 85.02%
2023-04-11 13:48:57,639 - INFO - Local training..
2023-04-11 13:48:58,977 - INFO - Sending new local model
2023-04-11 13:48:58,977 - INFO - Trying to connect to server on port 6000
2023-04-11 13:48:58,980 - INFO - Sending local model
2023-04-11 13:48:58,983 - INFO - Listening on port 6003
2023-04-11 13:49:00,312 - DEBUG - Recieved data of type: pickle
2023-04-11 13:49:00,313 - INFO - I am client3
2023-04-11 13:49:00,313 - INFO - Receiving new global model
2023-04-11 13:49:00,367 - INFO - Training loss: 1.04487
2023-04-11 13:49:00,368 - INFO - Testing accuracy: 94.32%
2023-04-11 13:49:00,369 - INFO - Local training..
2023-04-11 13:49:01,796 - INFO - Sending new local model
2023-04-11 13:49:01,797 - INFO - Trying to connect to server on port 6000
2023-04-11 13:49:01,799 - INFO - Sending local model
2023-04-11 13:49:01,802 - INFO - Listening on port 6003
2023-04-11 13:49:02,841 - DEBUG - Recieved data of type: pickle
2023-04-11 13:49:02,842 - INFO - I am client3
2023-04-11 13:49:02,845 - INFO - Receiving new global model
2023-04-11 13:49:03,106 - INFO - Training loss: 1.06954
2023-04-11 13:49:03,106 - INFO - Testing accuracy: 91.64%
2023-04-11 13:49:03,110 - INFO - Local training..
2023-04-11 13:49:04,305 - INFO - Sending new local model
2023-04-11 13:49:04,310 - INFO - Trying to connect to server on port 6000
2023-04-11 13:49:04,311 - INFO - Sending local model
2023-04-11 13:49:04,313 - INFO - Listening on port 6003
2023-04-11 13:49:05,335 - DEBUG - Recieved data of type: pickle
2023-04-11 13:49:05,335 - INFO - I am client3
2023-04-11 13:49:05,336 - INFO - Receiving new global model
2023-04-11 13:49:05,411 - INFO - Training loss: 1.38469
2023-04-11 13:49:05,421 - INFO - Testing accuracy: 90.85%
2023-04-11 13:49:05,434 - INFO - Local training..
2023-04-11 13:49:06,681 - INFO - Sending new local model
2023-04-11 13:49:06,687 - INFO - Trying to connect to server on port 6000
2023-04-11 13:49:06,688 - INFO - Sending local model
2023-04-11 13:49:06,691 - INFO - Listening on port 6003
2023-04-11 13:49:07,728 - DEBUG - Recieved data of type: pickle
2023-04-11 13:49:07,728 - INFO - I am client3
2023-04-11 13:49:07,729 - INFO - Receiving new global model
2023-04-11 13:49:07,806 - INFO - Training loss: 1.69019
2023-04-11 13:49:07,812 - INFO - Testing accuracy: 58.36%
2023-04-11 13:49:07,831 - INFO - Local training..
2023-04-11 13:49:09,291 - INFO - Sending new local model
2023-04-11 13:49:09,296 - INFO - Trying to connect to server on port 6000
2023-04-11 13:49:09,297 - INFO - Sending local model
2023-04-11 13:49:09,300 - INFO - Listening on port 6003
2023-04-11 13:49:10,443 - DEBUG - Recieved data of type: pickle
2023-04-11 13:49:10,443 - INFO - I am client3
2023-04-11 13:49:10,444 - INFO - Receiving new global model
2023-04-11 13:49:10,494 - INFO - Training loss: 1.15325
2023-04-11 13:49:10,495 - INFO - Testing accuracy: 89.75%
2023-04-11 13:49:10,495 - INFO - Local training..
2023-04-11 13:49:11,836 - INFO - Sending new local model
2023-04-11 13:49:11,836 - INFO - Trying to connect to server on port 6000
2023-04-11 13:49:11,840 - INFO - Sending local model
2023-04-11 13:49:11,845 - INFO - Listening on port 6003
2023-04-11 13:49:12,966 - DEBUG - Recieved data of type: pickle
2023-04-11 13:49:12,966 - INFO - I am client3
2023-04-11 13:49:12,967 - INFO - Receiving new global model
2023-04-11 13:49:13,029 - INFO - Training loss: 1.03778
2023-04-11 13:49:13,029 - INFO - Testing accuracy: 94.16%
2023-04-11 13:49:13,039 - INFO - Local training..
2023-04-11 13:49:14,378 - INFO - Sending new local model
2023-04-11 13:49:14,383 - INFO - Trying to connect to server on port 6000
2023-04-11 13:49:14,384 - INFO - Sending local model
2023-04-11 13:49:14,387 - INFO - Listening on port 6003
2023-04-11 13:49:15,454 - DEBUG - Recieved data of type: pickle
2023-04-11 13:49:15,455 - INFO - I am client3
2023-04-11 13:49:15,455 - INFO - Receiving new global model
2023-04-11 13:49:15,515 - INFO - Training loss: 1.05865
2023-04-11 13:49:15,518 - INFO - Testing accuracy: 92.74%
2023-04-11 13:49:15,518 - INFO - Local training..
2023-04-11 13:49:16,735 - INFO - Sending new local model
2023-04-11 13:49:16,736 - INFO - Trying to connect to server on port 6000
2023-04-11 13:49:16,738 - INFO - Sending local model
2023-04-11 13:49:16,741 - INFO - Listening on port 6003
2023-04-11 13:49:17,862 - DEBUG - Recieved data of type: pickle
2023-04-11 13:49:17,863 - INFO - I am client3
2023-04-11 13:49:17,863 - INFO - Receiving new global model
2023-04-11 13:49:17,926 - INFO - Training loss: 1.54710
2023-04-11 13:49:17,926 - INFO - Testing accuracy: 76.97%
2023-04-11 13:49:17,927 - INFO - Local training..
2023-04-11 13:49:19,060 - INFO - Sending new local model
2023-04-11 13:49:19,061 - INFO - Trying to connect to server on port 6000
2023-04-11 13:49:19,064 - INFO - Sending local model
2023-04-11 13:49:19,065 - INFO - Listening on port 6003
2023-04-11 13:49:20,220 - DEBUG - Recieved data of type: pickle
2023-04-11 13:49:20,220 - INFO - I am client3
2023-04-11 13:49:20,222 - INFO - Receiving new global model
2023-04-11 13:49:20,294 - INFO - Training loss: 1.12130
2023-04-11 13:49:20,297 - INFO - Testing accuracy: 90.69%
2023-04-11 13:49:20,298 - INFO - Local training..
2023-04-11 13:49:21,517 - INFO - Sending new local model
2023-04-11 13:49:21,522 - INFO - Trying to connect to server on port 6000
2023-04-11 13:49:21,523 - INFO - Sending local model
2023-04-11 13:49:21,525 - INFO - Listening on port 6003
2023-04-11 13:49:22,493 - DEBUG - Recieved data of type: pickle
2023-04-11 13:49:22,494 - INFO - I am client3
2023-04-11 13:49:22,494 - INFO - Receiving new global model
2023-04-11 13:49:22,571 - INFO - Training loss: 1.55563
2023-04-11 13:49:22,580 - INFO - Testing accuracy: 79.34%
2023-04-11 13:49:22,580 - INFO - Local training..
2023-04-11 13:49:23,759 - INFO - Sending new local model
2023-04-11 13:49:23,761 - INFO - Trying to connect to server on port 6000
2023-04-11 13:49:23,762 - INFO - Sending local model
2023-04-11 13:49:23,764 - INFO - Listening on port 6003
2023-04-11 13:49:24,860 - DEBUG - Recieved data of type: pickle
2023-04-11 13:49:24,861 - INFO - I am client3
2023-04-11 13:49:24,861 - INFO - Receiving new global model
2023-04-11 13:49:24,926 - INFO - Training loss: 1.74547
2023-04-11 13:49:24,927 - INFO - Testing accuracy: 52.37%
2023-04-11 13:49:24,927 - INFO - Local training..
2023-04-11 13:49:26,356 - INFO - Sending new local model
2023-04-11 13:49:26,360 - INFO - Trying to connect to server on port 6000
2023-04-11 13:49:26,362 - INFO - Sending local model
2023-04-11 13:49:26,364 - INFO - Listening on port 6003
2023-04-11 13:49:27,441 - DEBUG - Recieved data of type: pickle
2023-04-11 13:49:27,442 - INFO - I am client3
2023-04-11 13:49:27,442 - INFO - Receiving new global model
2023-04-11 13:49:27,517 - INFO - Training loss: 1.32548
2023-04-11 13:49:27,518 - INFO - Testing accuracy: 82.65%
2023-04-11 13:49:27,520 - INFO - Local training..
2023-04-11 13:49:28,886 - INFO - Sending new local model
2023-04-11 13:49:28,891 - INFO - Trying to connect to server on port 6000
2023-04-11 13:49:28,895 - INFO - Sending local model
2023-04-11 13:49:28,900 - INFO - Listening on port 6003
2023-04-11 13:49:30,188 - DEBUG - Recieved data of type: pickle
2023-04-11 13:49:30,188 - INFO - I am client3
2023-04-11 13:49:30,189 - INFO - Receiving new global model
2023-04-11 13:49:30,279 - INFO - Training loss: 1.67288
2023-04-11 13:49:30,290 - INFO - Testing accuracy: 57.41%
2023-04-11 13:49:30,292 - INFO - Local training..
2023-04-11 13:49:31,905 - INFO - Sending new local model
2023-04-11 13:49:31,908 - INFO - Trying to connect to server on port 6000
2023-04-11 13:49:31,909 - INFO - Sending local model
2023-04-11 13:49:31,913 - INFO - Listening on port 6003
2023-04-11 13:49:33,310 - DEBUG - Recieved data of type: pickle
2023-04-11 13:49:33,310 - INFO - I am client3
2023-04-11 13:49:33,311 - INFO - Receiving new global model
2023-04-11 13:49:33,374 - INFO - Training loss: 1.11582
2023-04-11 13:49:33,375 - INFO - Testing accuracy: 91.01%
2023-04-11 13:49:33,375 - INFO - Local training..
2023-04-11 13:49:34,938 - INFO - Sending new local model
2023-04-11 13:49:34,940 - INFO - Trying to connect to server on port 6000
2023-04-11 13:49:34,942 - INFO - Sending local model
2023-04-11 13:49:34,945 - INFO - Listening on port 6003
2023-04-11 13:49:36,438 - DEBUG - Recieved data of type: pickle
2023-04-11 13:49:36,438 - INFO - I am client3
2023-04-11 13:49:36,439 - INFO - Receiving new global model
2023-04-11 13:49:36,491 - INFO - Training loss: 1.08640
2023-04-11 13:49:36,492 - INFO - Testing accuracy: 90.69%
2023-04-11 13:49:36,492 - INFO - Local training..
2023-04-11 13:49:38,035 - INFO - Sending new local model
2023-04-11 13:49:38,038 - INFO - Trying to connect to server on port 6000
2023-04-11 13:49:38,040 - INFO - Sending local model
2023-04-11 13:49:38,044 - INFO - Listening on port 6003
2023-04-11 13:49:39,234 - DEBUG - Recieved data of type: pickle
2023-04-11 13:49:39,235 - INFO - I am client3
2023-04-11 13:49:39,235 - INFO - Receiving new global model
2023-04-11 13:49:39,298 - INFO - Training loss: 1.54542
2023-04-11 13:49:39,298 - INFO - Testing accuracy: 79.81%
2023-04-11 13:49:39,298 - INFO - Local training..
2023-04-11 13:49:40,327 - INFO - Sending new local model
2023-04-11 13:49:40,327 - INFO - Trying to connect to server on port 6000
2023-04-11 13:49:40,331 - INFO - Sending local model
2023-04-11 13:49:40,333 - INFO - Listening on port 6003
2023-04-11 13:49:41,361 - DEBUG - Recieved data of type: pickle
2023-04-11 13:49:41,362 - INFO - I am client3
2023-04-11 13:49:41,362 - INFO - Receiving new global model
2023-04-11 13:49:41,435 - INFO - Training loss: 1.66956
2023-04-11 13:49:41,435 - INFO - Testing accuracy: 69.72%
2023-04-11 13:49:41,435 - INFO - Local training..
2023-04-11 13:49:42,719 - INFO - Sending new local model
2023-04-11 13:49:42,720 - INFO - Trying to connect to server on port 6000
2023-04-11 13:49:42,722 - INFO - Sending local model
2023-04-11 13:49:42,725 - INFO - Listening on port 6003
2023-04-11 13:49:43,809 - DEBUG - Recieved data of type: pickle
2023-04-11 13:49:43,809 - INFO - I am client3
2023-04-11 13:49:43,810 - INFO - Receiving new global model
2023-04-11 13:49:43,879 - INFO - Training loss: 1.49443
2023-04-11 13:49:43,883 - INFO - Testing accuracy: 89.75%
2023-04-11 13:49:43,889 - INFO - Local training..
2023-04-11 13:49:45,928 - INFO - Sending new local model
2023-04-11 13:49:45,935 - INFO - Trying to connect to server on port 6000
2023-04-11 13:49:45,936 - INFO - Sending local model
2023-04-11 13:49:45,940 - INFO - Listening on port 6003
2023-04-11 13:49:47,254 - DEBUG - Recieved data of type: pickle
2023-04-11 13:49:47,254 - INFO - I am client3
2023-04-11 13:49:47,255 - INFO - Receiving new global model
2023-04-11 13:49:47,423 - INFO - Training loss: 1.28210
2023-04-11 13:49:47,424 - INFO - Testing accuracy: 85.17%
2023-04-11 13:49:47,425 - INFO - Local training..
2023-04-11 13:49:48,523 - INFO - Sending new local model
2023-04-11 13:49:48,525 - INFO - Trying to connect to server on port 6000
2023-04-11 13:49:48,525 - INFO - Sending local model
2023-04-11 13:49:48,529 - INFO - Listening on port 6003
2023-04-11 13:49:49,409 - DEBUG - Recieved data of type: pickle
2023-04-11 13:49:49,410 - INFO - I am client3
2023-04-11 13:49:49,410 - INFO - Receiving new global model
2023-04-11 13:49:49,482 - INFO - Training loss: 1.60405
2023-04-11 13:49:49,486 - INFO - Testing accuracy: 73.34%
2023-04-11 13:49:49,486 - INFO - Local training..
2023-04-11 13:49:50,432 - INFO - Sending new local model
2023-04-11 13:49:50,435 - INFO - Trying to connect to server on port 6000
2023-04-11 13:49:50,437 - INFO - Sending local model
2023-04-11 13:49:50,437 - INFO - Listening on port 6003
2023-04-11 13:49:51,593 - DEBUG - Recieved data of type: pickle
2023-04-11 13:49:51,593 - INFO - I am client3
2023-04-11 13:49:51,595 - INFO - Receiving new global model
2023-04-11 13:49:51,658 - INFO - Training loss: 1.48357
2023-04-11 13:49:51,659 - INFO - Testing accuracy: 89.75%
2023-04-11 13:49:51,660 - INFO - Local training..
2023-04-11 13:49:52,983 - INFO - Sending new local model
2023-04-11 13:49:52,987 - INFO - Trying to connect to server on port 6000
2023-04-11 13:49:52,988 - INFO - Sending local model
2023-04-11 13:49:52,992 - INFO - Listening on port 6003
2023-04-11 13:49:54,054 - DEBUG - Recieved data of type: pickle
2023-04-11 13:49:54,054 - INFO - I am client3
2023-04-11 13:49:54,054 - INFO - Receiving new global model
2023-04-11 13:49:54,105 - INFO - Training loss: 1.10119
2023-04-11 13:49:54,105 - INFO - Testing accuracy: 91.32%
2023-04-11 13:49:54,109 - INFO - Local training..
2023-04-11 13:49:55,395 - INFO - Sending new local model
2023-04-11 13:49:55,398 - INFO - Trying to connect to server on port 6000
2023-04-11 13:49:55,399 - INFO - Sending local model
2023-04-11 13:49:55,402 - INFO - Listening on port 6003
2023-04-11 13:49:56,274 - DEBUG - Recieved data of type: pickle
2023-04-11 13:49:56,274 - INFO - I am client3
2023-04-11 13:49:56,274 - INFO - Receiving new global model
2023-04-11 13:49:56,321 - INFO - Training loss: 1.04250
2023-04-11 13:49:56,321 - INFO - Testing accuracy: 94.16%
2023-04-11 13:49:56,321 - INFO - Local training..
2023-04-11 13:49:57,354 - INFO - Sending new local model
2023-04-11 13:49:57,358 - INFO - Trying to connect to server on port 6000
2023-04-11 13:49:57,358 - INFO - Sending local model
2023-04-11 13:49:57,362 - INFO - Listening on port 6003
2023-04-11 13:49:58,222 - DEBUG - Recieved data of type: pickle
2023-04-11 13:49:58,222 - INFO - I am client3
2023-04-11 13:49:58,222 - INFO - Receiving new global model
2023-04-11 13:49:58,281 - INFO - Training loss: 1.39684
2023-04-11 13:49:58,285 - INFO - Testing accuracy: 88.80%
2023-04-11 13:49:58,285 - INFO - Local training..
2023-04-11 13:49:59,217 - INFO - Sending new local model
2023-04-11 13:49:59,219 - INFO - Trying to connect to server on port 6000
2023-04-11 13:49:59,219 - INFO - Sending local model
2023-04-11 13:49:59,219 - INFO - Listening on port 6003
2023-04-11 13:50:00,067 - DEBUG - Recieved data of type: pickle
2023-04-11 13:50:00,068 - INFO - I am client3
2023-04-11 13:50:00,069 - INFO - Receiving new global model
2023-04-11 13:50:00,111 - INFO - Training loss: 1.26292
2023-04-11 13:50:00,111 - INFO - Testing accuracy: 85.49%
2023-04-11 13:50:00,114 - INFO - Local training..
2023-04-11 13:50:01,060 - INFO - Sending new local model
2023-04-11 13:50:01,064 - INFO - Trying to connect to server on port 6000
2023-04-11 13:50:01,065 - INFO - Sending local model
2023-04-11 13:50:01,067 - INFO - Listening on port 6003
2023-04-11 13:50:01,917 - DEBUG - Recieved data of type: pickle
2023-04-11 13:50:01,917 - INFO - I am client3
2023-04-11 13:50:01,917 - INFO - Receiving new global model
2023-04-11 13:50:01,959 - INFO - Training loss: 1.63200
2023-04-11 13:50:01,959 - INFO - Testing accuracy: 67.03%
2023-04-11 13:50:01,959 - INFO - Local training..
2023-04-11 13:50:02,863 - INFO - Sending new local model
2023-04-11 13:50:02,867 - INFO - Trying to connect to server on port 6000
2023-04-11 13:50:02,869 - INFO - Sending local model
2023-04-11 13:50:02,871 - INFO - Listening on port 6003
2023-04-11 13:50:03,837 - DEBUG - Recieved data of type: pickle
2023-04-11 13:50:03,837 - INFO - I am client3
2023-04-11 13:50:03,837 - INFO - Receiving new global model
2023-04-11 13:50:03,874 - INFO - Training loss: 1.47772
2023-04-11 13:50:03,874 - INFO - Testing accuracy: 86.28%
2023-04-11 13:50:03,874 - INFO - Local training..
2023-04-11 13:50:04,827 - INFO - Sending new local model
2023-04-11 13:50:04,830 - INFO - Trying to connect to server on port 6000
2023-04-11 13:50:04,831 - INFO - Sending local model
2023-04-11 13:50:04,831 - INFO - Listening on port 6003
2023-04-11 13:50:05,810 - DEBUG - Recieved data of type: pickle
2023-04-11 13:50:05,810 - INFO - I am client3
2023-04-11 13:50:05,810 - INFO - Receiving new global model
2023-04-11 13:50:05,873 - INFO - Training loss: 1.05187
2023-04-11 13:50:05,873 - INFO - Testing accuracy: 94.16%
2023-04-11 13:50:05,877 - INFO - Local training..
2023-04-11 13:50:06,801 - INFO - Sending new local model
2023-04-11 13:50:06,803 - INFO - Trying to connect to server on port 6000
2023-04-11 13:50:06,804 - INFO - Sending local model
2023-04-11 13:50:06,804 - INFO - Listening on port 6003
2023-04-11 13:50:07,652 - DEBUG - Recieved data of type: pickle
2023-04-11 13:50:07,652 - INFO - I am client3
2023-04-11 13:50:07,656 - INFO - Receiving new global model
2023-04-11 13:50:07,712 - INFO - Training loss: 1.18255
2023-04-11 13:50:07,714 - INFO - Testing accuracy: 87.70%
2023-04-11 13:50:07,718 - INFO - Local training..
2023-04-11 13:50:08,654 - INFO - Sending new local model
2023-04-11 13:50:08,654 - INFO - Trying to connect to server on port 6000
2023-04-11 13:50:08,654 - INFO - Sending local model
2023-04-11 13:50:08,658 - INFO - Listening on port 6003
2023-04-11 13:50:09,495 - DEBUG - Recieved data of type: pickle
2023-04-11 13:50:09,495 - INFO - I am client3
2023-04-11 13:50:09,495 - INFO - Receiving new global model
2023-04-11 13:50:09,530 - INFO - Training loss: 1.57872
2023-04-11 13:50:09,530 - INFO - Testing accuracy: 75.39%
2023-04-11 13:50:09,531 - INFO - Local training..
2023-04-11 13:50:10,443 - INFO - Sending new local model
2023-04-11 13:50:10,445 - INFO - Trying to connect to server on port 6000
2023-04-11 13:50:10,445 - INFO - Sending local model
2023-04-11 13:50:10,445 - INFO - Listening on port 6003
2023-04-11 13:50:11,328 - DEBUG - Recieved data of type: pickle
2023-04-11 13:50:11,328 - INFO - I am client3
2023-04-11 13:50:11,328 - INFO - Receiving new global model
2023-04-11 13:50:11,395 - INFO - Training loss: 1.44533
2023-04-11 13:50:11,395 - INFO - Testing accuracy: 83.75%
2023-04-11 13:50:11,398 - INFO - Local training..
2023-04-11 13:50:12,381 - INFO - Sending new local model
2023-04-11 13:50:12,381 - INFO - Trying to connect to server on port 6000
2023-04-11 13:50:12,386 - INFO - Sending local model
2023-04-11 13:50:12,387 - INFO - Listening on port 6003
2023-04-11 13:50:13,406 - DEBUG - Recieved data of type: pickle
2023-04-11 13:50:13,407 - INFO - I am client3
2023-04-11 13:50:13,408 - INFO - Receiving new global model
2023-04-11 13:50:13,490 - INFO - Training loss: 1.65083
2023-04-11 13:50:13,498 - INFO - Testing accuracy: 69.87%
2023-04-11 13:50:13,499 - INFO - Local training..
2023-04-11 13:50:14,423 - INFO - Sending new local model
2023-04-11 13:50:14,428 - INFO - Trying to connect to server on port 6000
2023-04-11 13:50:14,428 - INFO - Sending local model
2023-04-11 13:50:14,428 - INFO - Listening on port 6003
2023-04-11 13:50:15,469 - DEBUG - Recieved data of type: pickle
2023-04-11 13:50:15,469 - INFO - I am client3
2023-04-11 13:50:15,470 - INFO - Receiving new global model
2023-04-11 13:50:15,542 - INFO - Training loss: 1.79143
2023-04-11 13:50:15,545 - INFO - Testing accuracy: 50.00%
2023-04-11 13:50:15,545 - INFO - Local training..
2023-04-11 13:50:16,489 - INFO - Sending new local model
2023-04-11 13:50:16,490 - INFO - Trying to connect to server on port 6000
2023-04-11 13:50:16,490 - INFO - Sending local model
2023-04-11 13:50:16,494 - INFO - Listening on port 6003
2023-04-11 13:50:17,408 - DEBUG - Recieved data of type: pickle
2023-04-11 13:50:17,411 - INFO - I am client3
2023-04-11 13:50:17,411 - INFO - Receiving new global model
2023-04-11 13:50:17,454 - INFO - Training loss: 1.14562
2023-04-11 13:50:17,461 - INFO - Testing accuracy: 88.33%
2023-04-11 13:50:17,461 - INFO - Local training..
2023-04-11 13:50:18,382 - INFO - Sending new local model
2023-04-11 13:50:18,382 - INFO - Trying to connect to server on port 6000
2023-04-11 13:50:18,382 - INFO - Sending local model
2023-04-11 13:50:18,387 - INFO - Listening on port 6003
2023-04-11 13:50:19,263 - DEBUG - Recieved data of type: pickle
2023-04-11 13:50:19,263 - INFO - I am client3
2023-04-11 13:50:19,264 - INFO - Receiving new global model
2023-04-11 13:50:19,519 - INFO - Training loss: 1.56900
2023-04-11 13:50:19,519 - INFO - Testing accuracy: 74.76%
2023-04-11 13:50:19,519 - INFO - Local training..
2023-04-11 13:50:20,422 - INFO - Sending new local model
2023-04-11 13:50:20,426 - INFO - Trying to connect to server on port 6000
2023-04-11 13:50:20,427 - INFO - Sending local model
2023-04-11 13:50:20,429 - INFO - Listening on port 6003
2023-04-11 13:50:21,265 - DEBUG - Recieved data of type: pickle
2023-04-11 13:50:21,266 - INFO - I am client3
2023-04-11 13:50:21,266 - INFO - Receiving new global model
2023-04-11 13:50:21,327 - INFO - Training loss: 1.67647
2023-04-11 13:50:21,327 - INFO - Testing accuracy: 68.14%
2023-04-11 13:50:21,331 - INFO - Local training..
2023-04-11 13:50:22,258 - INFO - Sending new local model
2023-04-11 13:50:22,258 - INFO - Trying to connect to server on port 6000
2023-04-11 13:50:22,261 - INFO - Sending local model
2023-04-11 13:50:22,263 - INFO - Listening on port 6003
2023-04-11 13:50:23,254 - DEBUG - Recieved data of type: pickle
2023-04-11 13:50:23,254 - INFO - I am client3
2023-04-11 13:50:23,254 - INFO - Receiving new global model
2023-04-11 13:50:23,300 - INFO - Training loss: 1.05843
2023-04-11 13:50:23,300 - INFO - Testing accuracy: 94.16%
2023-04-11 13:50:23,301 - INFO - Local training..
2023-04-11 13:50:24,300 - INFO - Sending new local model
2023-04-11 13:50:24,304 - INFO - Trying to connect to server on port 6000
2023-04-11 13:50:24,305 - INFO - Sending local model
2023-04-11 13:50:24,308 - INFO - Listening on port 6003
2023-04-11 13:50:25,178 - DEBUG - Recieved data of type: pickle
2023-04-11 13:50:25,178 - INFO - I am client3
2023-04-11 13:50:25,178 - INFO - Receiving new global model
2023-04-11 13:50:25,254 - INFO - Training loss: 1.04213
2023-04-11 13:50:25,261 - INFO - Testing accuracy: 94.16%
2023-04-11 13:50:25,263 - INFO - Local training..
2023-04-11 13:50:27,105 - INFO - Sending new local model
2023-04-11 13:50:27,107 - INFO - Trying to connect to server on port 6000
2023-04-11 13:50:27,108 - INFO - Sending local model
2023-04-11 13:50:27,109 - INFO - Listening on port 6003
2023-04-11 13:50:28,546 - DEBUG - Recieved data of type: pickle
2023-04-11 13:50:28,547 - INFO - I am client3
2023-04-11 13:50:28,549 - INFO - Receiving new global model
2023-04-11 13:50:28,648 - INFO - Training loss: 1.18008
2023-04-11 13:50:28,659 - INFO - Testing accuracy: 87.70%
2023-04-11 13:50:28,663 - INFO - Local training..
2023-04-11 13:50:29,810 - INFO - Sending new local model
2023-04-11 13:50:29,810 - INFO - Trying to connect to server on port 6000
2023-04-11 13:50:29,815 - INFO - Sending local model
2023-04-11 13:50:29,816 - INFO - Listening on port 6003
2023-04-11 13:50:30,916 - DEBUG - Recieved data of type: pickle
2023-04-11 13:50:30,916 - INFO - I am client3
2023-04-11 13:50:30,916 - INFO - Receiving new global model
2023-04-11 13:50:30,968 - INFO - Training loss: 1.07818
2023-04-11 13:50:30,968 - INFO - Testing accuracy: 91.17%
2023-04-11 13:50:30,969 - INFO - Local training..
2023-04-11 13:50:33,174 - INFO - Sending new local model
2023-04-11 13:50:33,180 - INFO - Trying to connect to server on port 6000
2023-04-11 13:50:33,182 - INFO - Sending local model
2023-04-11 13:50:33,185 - INFO - Listening on port 6003
2023-04-11 13:50:34,598 - DEBUG - Recieved data of type: pickle
2023-04-11 13:50:34,598 - INFO - I am client3
2023-04-11 13:50:34,599 - INFO - Receiving new global model
2023-04-11 13:50:34,694 - INFO - Training loss: 1.56843
2023-04-11 13:50:34,699 - INFO - Testing accuracy: 66.72%
2023-04-11 13:50:34,704 - INFO - Local training..
2023-04-11 13:50:36,136 - INFO - Sending new local model
2023-04-11 13:50:36,140 - INFO - Trying to connect to server on port 6000
2023-04-11 13:50:36,142 - INFO - Sending local model
2023-04-11 13:50:36,144 - INFO - Listening on port 6003
2023-04-11 13:50:37,415 - DEBUG - Recieved data of type: pickle
2023-04-11 13:50:37,415 - INFO - I am client3
2023-04-11 13:50:37,415 - INFO - Receiving new global model
2023-04-11 13:50:37,493 - INFO - Training loss: 1.05232
2023-04-11 13:50:37,500 - INFO - Testing accuracy: 94.32%
2023-04-11 13:50:37,500 - INFO - Local training..
2023-04-11 13:50:39,180 - INFO - Sending new local model
2023-04-11 13:50:39,183 - INFO - Trying to connect to server on port 6000
2023-04-11 13:50:39,184 - INFO - Sending local model
2023-04-11 13:50:39,186 - INFO - Listening on port 6003
2023-04-11 13:50:40,512 - DEBUG - Recieved data of type: pickle
2023-04-11 13:50:40,512 - INFO - I am client3
2023-04-11 13:50:40,513 - INFO - Receiving new global model
2023-04-11 13:50:40,557 - INFO - Training loss: 1.54958
2023-04-11 13:50:40,557 - INFO - Testing accuracy: 78.39%
2023-04-11 13:50:40,558 - INFO - Local training..
2023-04-11 13:50:41,887 - INFO - Sending new local model
2023-04-11 13:50:41,889 - INFO - Trying to connect to server on port 6000
2023-04-11 13:50:41,891 - INFO - Sending local model
2023-04-11 13:50:41,894 - INFO - Listening on port 6003
2023-04-11 13:50:43,198 - DEBUG - Recieved data of type: pickle
2023-04-11 13:50:43,198 - INFO - I am client3
2023-04-11 13:50:43,199 - INFO - Receiving new global model
2023-04-11 13:50:43,303 - INFO - Training loss: 1.29467
2023-04-11 13:50:43,305 - INFO - Testing accuracy: 83.60%
2023-04-11 13:50:43,306 - INFO - Local training..
2023-04-11 13:50:44,619 - INFO - Sending new local model
2023-04-11 13:50:44,619 - INFO - Trying to connect to server on port 6000
2023-04-11 13:50:44,624 - INFO - Sending local model
2023-04-11 13:50:44,626 - INFO - Listening on port 6003
2023-04-11 13:50:45,685 - DEBUG - Recieved data of type: pickle
2023-04-11 13:50:45,685 - INFO - I am client3
2023-04-11 13:50:45,685 - INFO - Receiving new global model
2023-04-11 13:50:45,749 - INFO - Training loss: 1.08441
2023-04-11 13:50:45,751 - INFO - Testing accuracy: 91.48%
2023-04-11 13:50:45,751 - INFO - Local training..
2023-04-11 13:50:46,960 - INFO - Sending new local model
2023-04-11 13:50:46,962 - INFO - Trying to connect to server on port 6000
2023-04-11 13:50:46,963 - INFO - Sending local model
2023-04-11 13:50:46,967 - INFO - Listening on port 6003
2023-04-11 13:50:48,020 - DEBUG - Recieved data of type: pickle
2023-04-11 13:50:48,020 - INFO - I am client3
2023-04-11 13:50:48,021 - INFO - Receiving new global model
2023-04-11 13:50:48,080 - INFO - Training loss: 1.39037
2023-04-11 13:50:48,084 - INFO - Testing accuracy: 89.59%
2023-04-11 13:50:48,085 - INFO - Local training..
2023-04-11 13:50:49,260 - INFO - Sending new local model
2023-04-11 13:50:49,262 - INFO - Trying to connect to server on port 6000
2023-04-11 13:50:49,263 - INFO - Sending local model
2023-04-11 13:50:49,265 - INFO - Listening on port 6003
2023-04-11 13:50:50,323 - DEBUG - Recieved data of type: pickle
2023-04-11 13:50:50,323 - INFO - I am client3
2023-04-11 13:50:50,324 - INFO - Receiving new global model
2023-04-11 13:50:50,396 - INFO - Training loss: 1.09535
2023-04-11 13:50:50,398 - INFO - Testing accuracy: 91.64%
2023-04-11 13:50:50,400 - INFO - Local training..
2023-04-11 13:50:51,656 - INFO - Sending new local model
2023-04-11 13:50:51,657 - INFO - Trying to connect to server on port 6000
2023-04-11 13:50:51,658 - INFO - Sending local model
2023-04-11 13:50:51,662 - INFO - Listening on port 6003
2023-04-11 13:50:52,833 - DEBUG - Recieved data of type: pickle
2023-04-11 13:50:52,834 - INFO - I am client3
2023-04-11 13:50:52,838 - INFO - Receiving new global model
2023-04-11 13:50:52,936 - INFO - Training loss: 1.38334
2023-04-11 13:50:52,937 - INFO - Testing accuracy: 92.74%
2023-04-11 13:50:52,938 - INFO - Local training..
2023-04-11 13:50:54,522 - INFO - Sending new local model
2023-04-11 13:50:54,523 - INFO - Trying to connect to server on port 6000
2023-04-11 13:50:54,527 - INFO - Sending local model
2023-04-11 13:50:54,529 - INFO - Listening on port 6003
2023-04-11 13:50:55,998 - DEBUG - Recieved data of type: pickle
2023-04-11 13:50:55,999 - INFO - I am client3
2023-04-11 13:50:56,000 - INFO - Receiving new global model
2023-04-11 13:50:56,115 - INFO - Training loss: 1.41176
2023-04-11 13:50:56,139 - INFO - Testing accuracy: 88.01%
2023-04-11 13:50:56,157 - INFO - Local training..
2023-04-11 13:50:57,453 - INFO - Sending new local model
2023-04-11 13:50:57,458 - INFO - Trying to connect to server on port 6000
2023-04-11 13:50:57,461 - INFO - Sending local model
2023-04-11 13:50:57,464 - INFO - Listening on port 6003
2023-04-11 13:50:58,433 - DEBUG - Recieved data of type: pickle
2023-04-11 13:50:58,434 - INFO - I am client3
2023-04-11 13:50:58,434 - INFO - Receiving new global model
2023-04-11 13:50:58,509 - INFO - Training loss: 1.26587
2023-04-11 13:50:58,517 - INFO - Testing accuracy: 85.33%
2023-04-11 13:50:58,534 - INFO - Local training..
2023-04-11 13:50:59,797 - INFO - Sending new local model
2023-04-11 13:50:59,799 - INFO - Trying to connect to server on port 6000
2023-04-11 13:50:59,803 - INFO - Sending local model
2023-04-11 13:50:59,807 - INFO - Listening on port 6003
2023-04-11 13:51:01,038 - DEBUG - Recieved data of type: pickle
2023-04-11 13:51:01,039 - INFO - I am client3
2023-04-11 13:51:01,039 - INFO - Receiving new global model
2023-04-11 13:51:01,113 - INFO - Training loss: 1.08639
2023-04-11 13:51:01,116 - INFO - Testing accuracy: 90.85%
2023-04-11 13:51:01,117 - INFO - Local training..
2023-04-11 13:51:02,364 - INFO - Sending new local model
2023-04-11 13:51:02,366 - INFO - Trying to connect to server on port 6000
2023-04-11 13:51:02,368 - INFO - Sending local model
2023-04-11 13:51:02,371 - INFO - Listening on port 6003
2023-04-11 13:51:03,512 - DEBUG - Recieved data of type: pickle
2023-04-11 13:51:03,513 - INFO - I am client3
2023-04-11 13:51:03,514 - INFO - Receiving new global model
2023-04-11 13:51:03,708 - INFO - Training loss: 1.41386
2023-04-11 13:51:03,709 - INFO - Testing accuracy: 90.85%
2023-04-11 13:51:03,709 - INFO - Local training..
2023-04-11 13:51:04,831 - INFO - Sending new local model
2023-04-11 13:51:04,831 - INFO - Trying to connect to server on port 6000
2023-04-11 13:51:04,835 - INFO - Sending local model
2023-04-11 13:51:04,838 - INFO - Listening on port 6003
2023-04-11 13:51:05,889 - DEBUG - Recieved data of type: pickle
2023-04-11 13:51:05,890 - INFO - I am client3
2023-04-11 13:51:05,890 - INFO - Receiving new global model
2023-04-11 13:51:05,964 - INFO - Training loss: 1.71646
2023-04-11 13:51:05,966 - INFO - Testing accuracy: 51.74%
2023-04-11 13:51:05,967 - INFO - Local training..
2023-04-11 13:51:07,267 - INFO - Sending new local model
2023-04-11 13:51:07,270 - INFO - Trying to connect to server on port 6000
2023-04-11 13:51:07,271 - INFO - Sending local model
2023-04-11 13:51:07,273 - INFO - Listening on port 6003
2023-04-11 13:51:08,354 - DEBUG - Recieved data of type: pickle
2023-04-11 13:51:08,355 - INFO - I am client3
2023-04-11 13:51:08,356 - INFO - Receiving new global model
2023-04-11 13:51:08,413 - INFO - Training loss: 1.16007
2023-04-11 13:51:08,413 - INFO - Testing accuracy: 89.59%
2023-04-11 13:51:08,413 - INFO - Local training..
2023-04-11 13:51:09,837 - INFO - Sending new local model
2023-04-11 13:51:09,842 - INFO - Trying to connect to server on port 6000
2023-04-11 13:51:09,844 - INFO - Sending local model
2023-04-11 13:51:09,848 - INFO - Listening on port 6003
2023-04-11 13:51:11,226 - DEBUG - Recieved data of type: pickle
2023-04-11 13:51:11,226 - INFO - I am client3
2023-04-11 13:51:11,227 - INFO - Receiving new global model
2023-04-11 13:51:11,296 - INFO - Training loss: 1.19710
2023-04-11 13:51:11,300 - INFO - Testing accuracy: 88.17%
2023-04-11 13:51:11,306 - INFO - Local training..
2023-04-11 13:51:12,960 - INFO - Sending new local model
2023-04-11 13:51:12,962 - INFO - Trying to connect to server on port 6000
2023-04-11 13:51:12,965 - INFO - Sending local model
2023-04-11 13:51:12,968 - INFO - Listening on port 6003
2023-04-11 13:51:14,294 - DEBUG - Recieved data of type: pickle
2023-04-11 13:51:14,295 - INFO - I am client3
2023-04-11 13:51:14,295 - INFO - Receiving new global model
2023-04-11 13:51:14,419 - INFO - Training loss: 1.62961
2023-04-11 13:51:14,424 - INFO - Testing accuracy: 60.41%
2023-04-11 13:51:14,435 - INFO - Local training..
2023-04-11 13:51:15,826 - INFO - Sending new local model
2023-04-11 13:51:15,828 - INFO - Trying to connect to server on port 6000
2023-04-11 13:51:15,829 - INFO - Sending local model
2023-04-11 13:51:15,835 - INFO - Listening on port 6003
2023-04-11 13:51:17,061 - DEBUG - Recieved data of type: pickle
2023-04-11 13:51:17,062 - INFO - I am client3
2023-04-11 13:51:17,062 - INFO - Receiving new global model
2023-04-11 13:51:17,131 - INFO - Training loss: 1.68100
2023-04-11 13:51:17,131 - INFO - Testing accuracy: 65.30%
2023-04-11 13:51:17,131 - INFO - Local training..
2023-04-11 13:51:18,455 - INFO - Sending new local model
2023-04-11 13:51:18,456 - INFO - Trying to connect to server on port 6000
2023-04-11 13:51:18,457 - INFO - Sending local model
2023-04-11 13:51:18,460 - INFO - Listening on port 6003
2023-04-11 13:51:19,672 - DEBUG - Recieved data of type: pickle
2023-04-11 13:51:19,673 - INFO - I am client3
2023-04-11 13:51:19,673 - INFO - Receiving new global model
2023-04-11 13:51:19,715 - INFO - Training loss: 1.32161
2023-04-11 13:51:19,716 - INFO - Testing accuracy: 82.33%
2023-04-11 13:51:19,716 - INFO - Local training..
2023-04-11 13:51:20,845 - INFO - Sending new local model
2023-04-11 13:51:20,846 - INFO - Trying to connect to server on port 6000
2023-04-11 13:51:20,848 - INFO - Sending local model
2023-04-11 13:51:20,851 - INFO - Listening on port 6003
2023-04-11 13:51:22,004 - DEBUG - Recieved data of type: pickle
2023-04-11 13:51:22,004 - INFO - I am client3
2023-04-11 13:51:22,006 - INFO - Receiving new global model
2023-04-11 13:51:22,079 - INFO - Training loss: 1.61352
2023-04-11 13:51:22,083 - INFO - Testing accuracy: 72.08%
2023-04-11 13:51:22,085 - INFO - Local training..
2023-04-11 13:51:23,260 - INFO - Sending new local model
2023-04-11 13:51:23,260 - INFO - Trying to connect to server on port 6000
2023-04-11 13:51:23,262 - INFO - Sending local model
2023-04-11 13:51:23,266 - INFO - Listening on port 6003
2023-04-11 13:51:24,338 - DEBUG - Recieved data of type: pickle
2023-04-11 13:51:24,339 - INFO - I am client3
2023-04-11 13:51:24,339 - INFO - Receiving new global model
2023-04-11 13:51:24,397 - INFO - Training loss: 1.75717
2023-04-11 13:51:24,406 - INFO - Testing accuracy: 52.84%
2023-04-11 13:51:24,409 - INFO - Local training..
2023-04-11 13:51:25,738 - INFO - Sending new local model
2023-04-11 13:51:25,742 - INFO - Trying to connect to server on port 6000
2023-04-11 13:51:25,748 - INFO - Sending local model
2023-04-11 13:51:25,751 - INFO - Listening on port 6003
2023-04-11 13:51:26,839 - DEBUG - Recieved data of type: pickle
2023-04-11 13:51:26,840 - INFO - I am client3
2023-04-11 13:51:26,841 - INFO - Receiving new global model
2023-04-11 13:51:26,889 - INFO - Training loss: 1.32860
2023-04-11 13:51:26,892 - INFO - Testing accuracy: 82.49%
2023-04-11 13:51:26,892 - INFO - Local training..
2023-04-11 13:51:27,979 - INFO - Sending new local model
2023-04-11 13:51:27,979 - INFO - Trying to connect to server on port 6000
2023-04-11 13:51:27,982 - INFO - Sending local model
2023-04-11 13:51:27,985 - INFO - Listening on port 6003
2023-04-11 13:51:29,177 - DEBUG - Recieved data of type: pickle
2023-04-11 13:51:29,178 - INFO - I am client3
2023-04-11 13:51:29,178 - INFO - Receiving new global model
2023-04-11 13:51:29,244 - INFO - Training loss: 1.24673
2023-04-11 13:51:29,246 - INFO - Testing accuracy: 83.75%
2023-04-11 13:51:29,247 - INFO - Local training..
2023-04-11 13:51:30,509 - INFO - Sending new local model
2023-04-11 13:51:30,513 - INFO - Trying to connect to server on port 6000
2023-04-11 13:51:30,514 - INFO - Sending local model
2023-04-11 13:51:30,518 - INFO - Listening on port 6003
2023-04-11 13:51:31,681 - DEBUG - Recieved data of type: string
