2023-04-11 13:46:52,653 - INFO - Trying to connect to server on port 6000
2023-04-11 13:46:52,671 - INFO - Sending handshake
2023-04-11 13:46:52,676 - INFO - Listening on port 6002
2023-04-11 13:47:20,417 - DEBUG - Recieved data of type: pickle
2023-04-11 13:47:20,417 - INFO - I am client2
2023-04-11 13:47:20,426 - INFO - Receiving new global model
2023-04-11 13:47:20,617 - INFO - Training loss: 2.37250
2023-04-11 13:47:20,618 - INFO - Testing accuracy: 15.41%
2023-04-11 13:47:20,618 - INFO - Local training..
2023-04-11 13:47:22,681 - INFO - Sending new local model
2023-04-11 13:47:22,681 - INFO - Trying to connect to server on port 6000
2023-04-11 13:47:22,685 - INFO - Sending local model
2023-04-11 13:47:22,688 - INFO - Listening on port 6002
2023-04-11 13:47:23,376 - DEBUG - Recieved data of type: pickle
2023-04-11 13:47:23,376 - INFO - I am client2
2023-04-11 13:47:23,377 - INFO - Receiving new global model
2023-04-11 13:47:23,460 - INFO - Training loss: 1.87263
2023-04-11 13:47:23,460 - INFO - Testing accuracy: 32.06%
2023-04-11 13:47:23,460 - INFO - Local training..
2023-04-11 13:47:25,782 - INFO - Sending new local model
2023-04-11 13:47:25,784 - INFO - Trying to connect to server on port 6000
2023-04-11 13:47:25,787 - INFO - Sending local model
2023-04-11 13:47:25,791 - INFO - Listening on port 6002
2023-04-11 13:47:26,450 - DEBUG - Recieved data of type: pickle
2023-04-11 13:47:26,450 - INFO - I am client2
2023-04-11 13:47:26,452 - INFO - Receiving new global model
2023-04-11 13:47:26,516 - INFO - Training loss: 1.29471
2023-04-11 13:47:26,517 - INFO - Testing accuracy: 91.62%
2023-04-11 13:47:26,518 - INFO - Local training..
2023-04-11 13:47:28,755 - INFO - Sending new local model
2023-04-11 13:47:28,757 - INFO - Trying to connect to server on port 6000
2023-04-11 13:47:28,759 - INFO - Sending local model
2023-04-11 13:47:28,766 - INFO - Listening on port 6002
2023-04-11 13:47:29,509 - DEBUG - Recieved data of type: pickle
2023-04-11 13:47:29,510 - INFO - I am client2
2023-04-11 13:47:29,511 - INFO - Receiving new global model
2023-04-11 13:47:29,576 - INFO - Training loss: 1.38544
2023-04-11 13:47:29,578 - INFO - Testing accuracy: 75.18%
2023-04-11 13:47:29,579 - INFO - Local training..
2023-04-11 13:47:31,421 - INFO - Sending new local model
2023-04-11 13:47:31,421 - INFO - Trying to connect to server on port 6000
2023-04-11 13:47:31,424 - INFO - Sending local model
2023-04-11 13:47:31,426 - INFO - Listening on port 6002
2023-04-11 13:47:32,138 - DEBUG - Recieved data of type: pickle
2023-04-11 13:47:32,140 - INFO - I am client2
2023-04-11 13:47:32,140 - INFO - Receiving new global model
2023-04-11 13:47:32,321 - INFO - Training loss: 1.74247
2023-04-11 13:47:32,321 - INFO - Testing accuracy: 44.67%
2023-04-11 13:47:32,321 - INFO - Local training..
2023-04-11 13:47:33,985 - INFO - Sending new local model
2023-04-11 13:47:33,987 - INFO - Trying to connect to server on port 6000
2023-04-11 13:47:33,990 - INFO - Sending local model
2023-04-11 13:47:33,993 - INFO - Listening on port 6002
2023-04-11 13:47:34,523 - DEBUG - Recieved data of type: pickle
2023-04-11 13:47:34,524 - INFO - I am client2
2023-04-11 13:47:34,524 - INFO - Receiving new global model
2023-04-11 13:47:34,585 - INFO - Training loss: 1.80107
2023-04-11 13:47:34,590 - INFO - Testing accuracy: 38.68%
2023-04-11 13:47:34,590 - INFO - Local training..
2023-04-11 13:47:36,318 - INFO - Sending new local model
2023-04-11 13:47:36,323 - INFO - Trying to connect to server on port 6000
2023-04-11 13:47:36,324 - INFO - Sending local model
2023-04-11 13:47:36,326 - INFO - Listening on port 6002
2023-04-11 13:47:36,910 - DEBUG - Recieved data of type: pickle
2023-04-11 13:47:36,911 - INFO - I am client2
2023-04-11 13:47:36,911 - INFO - Receiving new global model
2023-04-11 13:47:36,991 - INFO - Training loss: 1.17611
2023-04-11 13:47:37,003 - INFO - Testing accuracy: 87.90%
2023-04-11 13:47:37,004 - INFO - Local training..
2023-04-11 13:47:38,853 - INFO - Sending new local model
2023-04-11 13:47:38,857 - INFO - Trying to connect to server on port 6000
2023-04-11 13:47:38,860 - INFO - Sending local model
2023-04-11 13:47:38,864 - INFO - Listening on port 6002
2023-04-11 13:47:39,518 - DEBUG - Recieved data of type: pickle
2023-04-11 13:47:39,518 - INFO - I am client2
2023-04-11 13:47:39,519 - INFO - Receiving new global model
2023-04-11 13:47:39,579 - INFO - Training loss: 1.22619
2023-04-11 13:47:39,580 - INFO - Testing accuracy: 96.79%
2023-04-11 13:47:39,582 - INFO - Local training..
2023-04-11 13:47:41,293 - INFO - Sending new local model
2023-04-11 13:47:41,293 - INFO - Trying to connect to server on port 6000
2023-04-11 13:47:41,296 - INFO - Sending local model
2023-04-11 13:47:41,299 - INFO - Listening on port 6002
2023-04-11 13:47:41,911 - DEBUG - Recieved data of type: pickle
2023-04-11 13:47:41,911 - INFO - I am client2
2023-04-11 13:47:41,912 - INFO - Receiving new global model
2023-04-11 13:47:41,976 - INFO - Training loss: 1.28783
2023-04-11 13:47:41,977 - INFO - Testing accuracy: 92.45%
2023-04-11 13:47:41,978 - INFO - Local training..
2023-04-11 13:47:43,598 - INFO - Sending new local model
2023-04-11 13:47:43,598 - INFO - Trying to connect to server on port 6000
2023-04-11 13:47:43,603 - INFO - Sending local model
2023-04-11 13:47:43,605 - INFO - Listening on port 6002
2023-04-11 13:47:44,174 - DEBUG - Recieved data of type: pickle
2023-04-11 13:47:44,174 - INFO - I am client2
2023-04-11 13:47:44,175 - INFO - Receiving new global model
2023-04-11 13:47:44,239 - INFO - Training loss: 1.22847
2023-04-11 13:47:44,240 - INFO - Testing accuracy: 96.90%
2023-04-11 13:47:44,240 - INFO - Local training..
2023-04-11 13:47:46,081 - INFO - Sending new local model
2023-04-11 13:47:46,082 - INFO - Trying to connect to server on port 6000
2023-04-11 13:47:46,085 - INFO - Sending local model
2023-04-11 13:47:46,087 - INFO - Listening on port 6002
2023-04-11 13:47:46,967 - DEBUG - Recieved data of type: pickle
2023-04-11 13:47:46,968 - INFO - I am client2
2023-04-11 13:47:46,969 - INFO - Receiving new global model
2023-04-11 13:47:47,104 - INFO - Training loss: 1.76108
2023-04-11 13:47:47,109 - INFO - Testing accuracy: 44.16%
2023-04-11 13:47:47,111 - INFO - Local training..
2023-04-11 13:47:48,863 - INFO - Sending new local model
2023-04-11 13:47:48,865 - INFO - Trying to connect to server on port 6000
2023-04-11 13:47:48,867 - INFO - Sending local model
2023-04-11 13:47:48,870 - INFO - Listening on port 6002
2023-04-11 13:47:49,417 - DEBUG - Recieved data of type: pickle
2023-04-11 13:47:49,418 - INFO - I am client2
2023-04-11 13:47:49,418 - INFO - Receiving new global model
2023-04-11 13:47:49,499 - INFO - Training loss: 1.92333
2023-04-11 13:47:49,499 - INFO - Testing accuracy: 35.06%
2023-04-11 13:47:49,499 - INFO - Local training..
2023-04-11 13:47:51,199 - INFO - Sending new local model
2023-04-11 13:47:51,200 - INFO - Trying to connect to server on port 6000
2023-04-11 13:47:51,201 - INFO - Sending local model
2023-04-11 13:47:51,203 - INFO - Listening on port 6002
2023-04-11 13:47:51,882 - DEBUG - Recieved data of type: pickle
2023-04-11 13:47:51,882 - INFO - I am client2
2023-04-11 13:47:51,883 - INFO - Receiving new global model
2023-04-11 13:47:51,951 - INFO - Training loss: 1.18953
2023-04-11 13:47:51,955 - INFO - Testing accuracy: 86.35%
2023-04-11 13:47:51,956 - INFO - Local training..
2023-04-11 13:47:53,609 - INFO - Sending new local model
2023-04-11 13:47:53,613 - INFO - Trying to connect to server on port 6000
2023-04-11 13:47:53,616 - INFO - Sending local model
2023-04-11 13:47:53,618 - INFO - Listening on port 6002
2023-04-11 13:47:54,184 - DEBUG - Recieved data of type: pickle
2023-04-11 13:47:54,185 - INFO - I am client2
2023-04-11 13:47:54,186 - INFO - Receiving new global model
2023-04-11 13:47:54,254 - INFO - Training loss: 1.21508
2023-04-11 13:47:54,255 - INFO - Testing accuracy: 96.79%
2023-04-11 13:47:54,257 - INFO - Local training..
2023-04-11 13:47:55,972 - INFO - Sending new local model
2023-04-11 13:47:55,972 - INFO - Trying to connect to server on port 6000
2023-04-11 13:47:55,976 - INFO - Sending local model
2023-04-11 13:47:55,978 - INFO - Listening on port 6002
2023-04-11 13:47:56,557 - DEBUG - Recieved data of type: pickle
2023-04-11 13:47:56,557 - INFO - I am client2
2023-04-11 13:47:56,557 - INFO - Receiving new global model
2023-04-11 13:47:56,767 - INFO - Training loss: 1.91551
2023-04-11 13:47:56,769 - INFO - Testing accuracy: 45.29%
2023-04-11 13:47:56,769 - INFO - Local training..
2023-04-11 13:47:58,542 - INFO - Sending new local model
2023-04-11 13:47:58,542 - INFO - Trying to connect to server on port 6000
2023-04-11 13:47:58,546 - INFO - Sending local model
2023-04-11 13:47:58,552 - INFO - Listening on port 6002
2023-04-11 13:47:59,111 - DEBUG - Recieved data of type: pickle
2023-04-11 13:47:59,112 - INFO - I am client2
2023-04-11 13:47:59,112 - INFO - Receiving new global model
2023-04-11 13:47:59,173 - INFO - Training loss: 1.20051
2023-04-11 13:47:59,177 - INFO - Testing accuracy: 87.80%
2023-04-11 13:47:59,179 - INFO - Local training..
2023-04-11 13:48:01,330 - INFO - Sending new local model
2023-04-11 13:48:01,334 - INFO - Trying to connect to server on port 6000
2023-04-11 13:48:01,335 - INFO - Sending local model
2023-04-11 13:48:01,340 - INFO - Listening on port 6002
2023-04-11 13:48:02,254 - DEBUG - Recieved data of type: pickle
2023-04-11 13:48:02,257 - INFO - I am client2
2023-04-11 13:48:02,257 - INFO - Receiving new global model
2023-04-11 13:48:02,366 - INFO - Training loss: 1.09402
2023-04-11 13:48:02,367 - INFO - Testing accuracy: 89.35%
2023-04-11 13:48:02,369 - INFO - Local training..
2023-04-11 13:48:04,653 - INFO - Sending new local model
2023-04-11 13:48:04,654 - INFO - Trying to connect to server on port 6000
2023-04-11 13:48:04,657 - INFO - Sending local model
2023-04-11 13:48:04,659 - INFO - Listening on port 6002
2023-04-11 13:48:05,435 - DEBUG - Recieved data of type: pickle
2023-04-11 13:48:05,435 - INFO - I am client2
2023-04-11 13:48:05,437 - INFO - Receiving new global model
2023-04-11 13:48:05,513 - INFO - Training loss: 1.67907
2023-04-11 13:48:05,514 - INFO - Testing accuracy: 48.40%
2023-04-11 13:48:05,514 - INFO - Local training..
2023-04-11 13:48:07,226 - INFO - Sending new local model
2023-04-11 13:48:07,230 - INFO - Trying to connect to server on port 6000
2023-04-11 13:48:07,232 - INFO - Sending local model
2023-04-11 13:48:07,233 - INFO - Listening on port 6002
2023-04-11 13:48:07,738 - DEBUG - Recieved data of type: pickle
2023-04-11 13:48:07,739 - INFO - I am client2
2023-04-11 13:48:07,740 - INFO - Receiving new global model
2023-04-11 13:48:07,796 - INFO - Training loss: 1.39142
2023-04-11 13:48:07,801 - INFO - Testing accuracy: 76.22%
2023-04-11 13:48:07,803 - INFO - Local training..
2023-04-11 13:48:09,596 - INFO - Sending new local model
2023-04-11 13:48:09,598 - INFO - Trying to connect to server on port 6000
2023-04-11 13:48:09,598 - INFO - Sending local model
2023-04-11 13:48:09,601 - INFO - Listening on port 6002
2023-04-11 13:48:10,104 - DEBUG - Recieved data of type: pickle
2023-04-11 13:48:10,105 - INFO - I am client2
2023-04-11 13:48:10,105 - INFO - Receiving new global model
2023-04-11 13:48:10,171 - INFO - Training loss: 1.92502
2023-04-11 13:48:10,173 - INFO - Testing accuracy: 44.36%
2023-04-11 13:48:10,174 - INFO - Local training..
2023-04-11 13:48:12,075 - INFO - Sending new local model
2023-04-11 13:48:12,075 - INFO - Trying to connect to server on port 6000
2023-04-11 13:48:12,080 - INFO - Sending local model
2023-04-11 13:48:12,083 - INFO - Listening on port 6002
2023-04-11 13:48:12,824 - DEBUG - Recieved data of type: pickle
2023-04-11 13:48:12,825 - INFO - I am client2
2023-04-11 13:48:12,825 - INFO - Receiving new global model
2023-04-11 13:48:12,898 - INFO - Training loss: 2.07396
2023-04-11 13:48:12,898 - INFO - Testing accuracy: 33.71%
2023-04-11 13:48:12,902 - INFO - Local training..
2023-04-11 13:48:14,580 - INFO - Sending new local model
2023-04-11 13:48:14,580 - INFO - Trying to connect to server on port 6000
2023-04-11 13:48:14,582 - INFO - Sending local model
2023-04-11 13:48:14,585 - INFO - Listening on port 6002
2023-04-11 13:48:15,182 - DEBUG - Recieved data of type: pickle
2023-04-11 13:48:15,183 - INFO - I am client2
2023-04-11 13:48:15,184 - INFO - Receiving new global model
2023-04-11 13:48:15,262 - INFO - Training loss: 1.18595
2023-04-11 13:48:15,263 - INFO - Testing accuracy: 88.21%
2023-04-11 13:48:15,264 - INFO - Local training..
2023-04-11 13:48:17,083 - INFO - Sending new local model
2023-04-11 13:48:17,085 - INFO - Trying to connect to server on port 6000
2023-04-11 13:48:17,087 - INFO - Sending local model
2023-04-11 13:48:17,090 - INFO - Listening on port 6002
2023-04-11 13:48:17,793 - DEBUG - Recieved data of type: pickle
2023-04-11 13:48:17,793 - INFO - I am client2
2023-04-11 13:48:17,793 - INFO - Receiving new global model
2023-04-11 13:48:17,887 - INFO - Training loss: 0.82405
2023-04-11 13:48:17,889 - INFO - Testing accuracy: 95.97%
2023-04-11 13:48:17,891 - INFO - Local training..
2023-04-11 13:48:19,584 - INFO - Sending new local model
2023-04-11 13:48:19,589 - INFO - Trying to connect to server on port 6000
2023-04-11 13:48:19,590 - INFO - Sending local model
2023-04-11 13:48:19,592 - INFO - Listening on port 6002
2023-04-11 13:48:20,208 - DEBUG - Recieved data of type: pickle
2023-04-11 13:48:20,209 - INFO - I am client2
2023-04-11 13:48:20,209 - INFO - Receiving new global model
2023-04-11 13:48:20,413 - INFO - Training loss: 1.27747
2023-04-11 13:48:20,417 - INFO - Testing accuracy: 83.25%
2023-04-11 13:48:20,419 - INFO - Local training..
2023-04-11 13:48:22,314 - INFO - Sending new local model
2023-04-11 13:48:22,315 - INFO - Trying to connect to server on port 6000
2023-04-11 13:48:22,317 - INFO - Sending local model
2023-04-11 13:48:22,320 - INFO - Listening on port 6002
2023-04-11 13:48:22,993 - DEBUG - Recieved data of type: pickle
2023-04-11 13:48:22,993 - INFO - I am client2
2023-04-11 13:48:22,993 - INFO - Receiving new global model
2023-04-11 13:48:23,079 - INFO - Training loss: 1.70173
2023-04-11 13:48:23,080 - INFO - Testing accuracy: 47.26%
2023-04-11 13:48:23,083 - INFO - Local training..
2023-04-11 13:48:24,691 - INFO - Sending new local model
2023-04-11 13:48:24,691 - INFO - Trying to connect to server on port 6000
2023-04-11 13:48:24,692 - INFO - Sending local model
2023-04-11 13:48:24,695 - INFO - Listening on port 6002
2023-04-11 13:48:25,298 - DEBUG - Recieved data of type: pickle
2023-04-11 13:48:25,298 - INFO - I am client2
2023-04-11 13:48:25,299 - INFO - Receiving new global model
2023-04-11 13:48:25,365 - INFO - Training loss: 1.29491
2023-04-11 13:48:25,366 - INFO - Testing accuracy: 91.31%
2023-04-11 13:48:25,368 - INFO - Local training..
2023-04-11 13:48:26,991 - INFO - Sending new local model
2023-04-11 13:48:26,992 - INFO - Trying to connect to server on port 6000
2023-04-11 13:48:26,993 - INFO - Sending local model
2023-04-11 13:48:26,996 - INFO - Listening on port 6002
2023-04-11 13:48:27,560 - DEBUG - Recieved data of type: pickle
2023-04-11 13:48:27,560 - INFO - I am client2
2023-04-11 13:48:27,561 - INFO - Receiving new global model
2023-04-11 13:48:27,635 - INFO - Training loss: 1.22243
2023-04-11 13:48:27,635 - INFO - Testing accuracy: 97.10%
2023-04-11 13:48:27,635 - INFO - Local training..
2023-04-11 13:48:29,295 - INFO - Sending new local model
2023-04-11 13:48:29,295 - INFO - Trying to connect to server on port 6000
2023-04-11 13:48:29,297 - INFO - Sending local model
2023-04-11 13:48:29,299 - INFO - Listening on port 6002
2023-04-11 13:48:29,900 - DEBUG - Recieved data of type: pickle
2023-04-11 13:48:29,900 - INFO - I am client2
2023-04-11 13:48:29,901 - INFO - Receiving new global model
2023-04-11 13:48:29,978 - INFO - Training loss: 1.09711
2023-04-11 13:48:29,978 - INFO - Testing accuracy: 91.52%
2023-04-11 13:48:29,978 - INFO - Local training..
2023-04-11 13:48:31,650 - INFO - Sending new local model
2023-04-11 13:48:31,652 - INFO - Trying to connect to server on port 6000
2023-04-11 13:48:31,654 - INFO - Sending local model
2023-04-11 13:48:31,657 - INFO - Listening on port 6002
2023-04-11 13:48:32,297 - DEBUG - Recieved data of type: pickle
2023-04-11 13:48:32,298 - INFO - I am client2
2023-04-11 13:48:32,298 - INFO - Receiving new global model
2023-04-11 13:48:32,473 - INFO - Training loss: 1.07373
2023-04-11 13:48:32,480 - INFO - Testing accuracy: 90.07%
2023-04-11 13:48:32,480 - INFO - Local training..
2023-04-11 13:48:34,155 - INFO - Sending new local model
2023-04-11 13:48:34,160 - INFO - Trying to connect to server on port 6000
2023-04-11 13:48:34,162 - INFO - Sending local model
2023-04-11 13:48:34,165 - INFO - Listening on port 6002
2023-04-11 13:48:34,722 - DEBUG - Recieved data of type: pickle
2023-04-11 13:48:34,722 - INFO - I am client2
2023-04-11 13:48:34,723 - INFO - Receiving new global model
2023-04-11 13:48:34,795 - INFO - Training loss: 1.24739
2023-04-11 13:48:34,812 - INFO - Testing accuracy: 92.45%
2023-04-11 13:48:34,817 - INFO - Local training..
2023-04-11 13:48:36,536 - INFO - Sending new local model
2023-04-11 13:48:36,538 - INFO - Trying to connect to server on port 6000
2023-04-11 13:48:36,540 - INFO - Sending local model
2023-04-11 13:48:36,545 - INFO - Listening on port 6002
2023-04-11 13:48:37,148 - DEBUG - Recieved data of type: pickle
2023-04-11 13:48:37,149 - INFO - I am client2
2023-04-11 13:48:37,149 - INFO - Receiving new global model
2023-04-11 13:48:37,232 - INFO - Training loss: 1.36461
2023-04-11 13:48:37,234 - INFO - Testing accuracy: 76.11%
2023-04-11 13:48:37,234 - INFO - Local training..
2023-04-11 13:48:38,995 - INFO - Sending new local model
2023-04-11 13:48:38,997 - INFO - Trying to connect to server on port 6000
2023-04-11 13:48:38,998 - INFO - Sending local model
2023-04-11 13:48:39,000 - INFO - Listening on port 6002
2023-04-11 13:48:39,537 - DEBUG - Recieved data of type: pickle
2023-04-11 13:48:39,538 - INFO - I am client2
2023-04-11 13:48:39,538 - INFO - Receiving new global model
2023-04-11 13:48:39,595 - INFO - Training loss: 1.30216
2023-04-11 13:48:39,595 - INFO - Testing accuracy: 91.42%
2023-04-11 13:48:39,595 - INFO - Local training..
2023-04-11 13:48:41,328 - INFO - Sending new local model
2023-04-11 13:48:41,329 - INFO - Trying to connect to server on port 6000
2023-04-11 13:48:41,330 - INFO - Sending local model
2023-04-11 13:48:41,332 - INFO - Listening on port 6002
2023-04-11 13:48:41,954 - DEBUG - Recieved data of type: pickle
2023-04-11 13:48:41,954 - INFO - I am client2
2023-04-11 13:48:41,955 - INFO - Receiving new global model
2023-04-11 13:48:42,128 - INFO - Training loss: 0.87757
2023-04-11 13:48:42,130 - INFO - Testing accuracy: 94.93%
2023-04-11 13:48:42,133 - INFO - Local training..
2023-04-11 13:48:43,854 - INFO - Sending new local model
2023-04-11 13:48:43,856 - INFO - Trying to connect to server on port 6000
2023-04-11 13:48:43,858 - INFO - Sending local model
2023-04-11 13:48:43,862 - INFO - Listening on port 6002
2023-04-11 13:48:44,358 - DEBUG - Recieved data of type: pickle
2023-04-11 13:48:44,359 - INFO - I am client2
2023-04-11 13:48:44,359 - INFO - Receiving new global model
2023-04-11 13:48:44,423 - INFO - Training loss: 1.22048
2023-04-11 13:48:44,426 - INFO - Testing accuracy: 94.62%
2023-04-11 13:48:44,429 - INFO - Local training..
2023-04-11 13:48:46,283 - INFO - Sending new local model
2023-04-11 13:48:46,283 - INFO - Trying to connect to server on port 6000
2023-04-11 13:48:46,289 - INFO - Sending local model
2023-04-11 13:48:46,292 - INFO - Listening on port 6002
2023-04-11 13:48:47,061 - DEBUG - Recieved data of type: pickle
2023-04-11 13:48:47,061 - INFO - I am client2
2023-04-11 13:48:47,062 - INFO - Receiving new global model
2023-04-11 13:48:47,125 - INFO - Training loss: 1.22062
2023-04-11 13:48:47,125 - INFO - Testing accuracy: 97.10%
2023-04-11 13:48:47,130 - INFO - Local training..
2023-04-11 13:48:48,892 - INFO - Sending new local model
2023-04-11 13:48:48,896 - INFO - Trying to connect to server on port 6000
2023-04-11 13:48:48,898 - INFO - Sending local model
2023-04-11 13:48:48,901 - INFO - Listening on port 6002
2023-04-11 13:48:49,505 - DEBUG - Recieved data of type: pickle
2023-04-11 13:48:49,506 - INFO - I am client2
2023-04-11 13:48:49,506 - INFO - Receiving new global model
2023-04-11 13:48:49,581 - INFO - Training loss: 1.23155
2023-04-11 13:48:49,589 - INFO - Testing accuracy: 97.31%
2023-04-11 13:48:49,589 - INFO - Local training..
2023-04-11 13:48:51,253 - INFO - Sending new local model
2023-04-11 13:48:51,253 - INFO - Trying to connect to server on port 6000
2023-04-11 13:48:51,258 - INFO - Sending local model
2023-04-11 13:48:51,260 - INFO - Listening on port 6002
2023-04-11 13:48:51,908 - DEBUG - Recieved data of type: pickle
2023-04-11 13:48:51,908 - INFO - I am client2
2023-04-11 13:48:51,909 - INFO - Receiving new global model
2023-04-11 13:48:51,995 - INFO - Training loss: 1.26447
2023-04-11 13:48:51,997 - INFO - Testing accuracy: 93.07%
2023-04-11 13:48:51,998 - INFO - Local training..
2023-04-11 13:48:54,318 - INFO - Sending new local model
2023-04-11 13:48:54,323 - INFO - Trying to connect to server on port 6000
2023-04-11 13:48:54,327 - INFO - Sending local model
2023-04-11 13:48:54,333 - INFO - Listening on port 6002
2023-04-11 13:48:55,097 - DEBUG - Recieved data of type: pickle
2023-04-11 13:48:55,098 - INFO - I am client2
2023-04-11 13:48:55,098 - INFO - Receiving new global model
2023-04-11 13:48:55,198 - INFO - Training loss: 1.29150
2023-04-11 13:48:55,199 - INFO - Testing accuracy: 93.17%
2023-04-11 13:48:55,201 - INFO - Local training..
2023-04-11 13:48:56,993 - INFO - Sending new local model
2023-04-11 13:48:56,993 - INFO - Trying to connect to server on port 6000
2023-04-11 13:48:56,996 - INFO - Sending local model
2023-04-11 13:48:56,998 - INFO - Listening on port 6002
2023-04-11 13:48:57,583 - DEBUG - Recieved data of type: pickle
2023-04-11 13:48:57,583 - INFO - I am client2
2023-04-11 13:48:57,584 - INFO - Receiving new global model
2023-04-11 13:48:57,665 - INFO - Training loss: 1.11049
2023-04-11 13:48:57,666 - INFO - Testing accuracy: 90.69%
2023-04-11 13:48:57,667 - INFO - Local training..
2023-04-11 13:48:59,570 - INFO - Sending new local model
2023-04-11 13:48:59,570 - INFO - Trying to connect to server on port 6000
2023-04-11 13:48:59,575 - INFO - Sending local model
2023-04-11 13:48:59,577 - INFO - Listening on port 6002
2023-04-11 13:49:00,314 - DEBUG - Recieved data of type: pickle
2023-04-11 13:49:00,314 - INFO - I am client2
2023-04-11 13:49:00,314 - INFO - Receiving new global model
2023-04-11 13:49:00,394 - INFO - Training loss: 1.63281
2023-04-11 13:49:00,394 - INFO - Testing accuracy: 53.77%
2023-04-11 13:49:00,394 - INFO - Local training..
2023-04-11 13:49:02,215 - INFO - Sending new local model
2023-04-11 13:49:02,217 - INFO - Trying to connect to server on port 6000
2023-04-11 13:49:02,219 - INFO - Sending local model
2023-04-11 13:49:02,222 - INFO - Listening on port 6002
2023-04-11 13:49:02,845 - DEBUG - Recieved data of type: pickle
2023-04-11 13:49:02,845 - INFO - I am client2
2023-04-11 13:49:02,846 - INFO - Receiving new global model
2023-04-11 13:49:02,965 - INFO - Training loss: 1.90130
2023-04-11 13:49:02,968 - INFO - Testing accuracy: 35.57%
2023-04-11 13:49:02,969 - INFO - Local training..
2023-04-11 13:49:04,761 - INFO - Sending new local model
2023-04-11 13:49:04,762 - INFO - Trying to connect to server on port 6000
2023-04-11 13:49:04,763 - INFO - Sending local model
2023-04-11 13:49:04,767 - INFO - Listening on port 6002
2023-04-11 13:49:05,337 - DEBUG - Recieved data of type: pickle
2023-04-11 13:49:05,338 - INFO - I am client2
2023-04-11 13:49:05,338 - INFO - Receiving new global model
2023-04-11 13:49:05,434 - INFO - Training loss: 1.35857
2023-04-11 13:49:05,435 - INFO - Testing accuracy: 88.62%
2023-04-11 13:49:05,435 - INFO - Local training..
2023-04-11 13:49:07,083 - INFO - Sending new local model
2023-04-11 13:49:07,089 - INFO - Trying to connect to server on port 6000
2023-04-11 13:49:07,090 - INFO - Sending local model
2023-04-11 13:49:07,093 - INFO - Listening on port 6002
2023-04-11 13:49:07,730 - DEBUG - Recieved data of type: pickle
2023-04-11 13:49:07,730 - INFO - I am client2
2023-04-11 13:49:07,731 - INFO - Receiving new global model
2023-04-11 13:49:07,926 - INFO - Training loss: 1.38004
2023-04-11 13:49:07,926 - INFO - Testing accuracy: 74.77%
2023-04-11 13:49:07,926 - INFO - Local training..
2023-04-11 13:49:09,875 - INFO - Sending new local model
2023-04-11 13:49:09,876 - INFO - Trying to connect to server on port 6000
2023-04-11 13:49:09,881 - INFO - Sending local model
2023-04-11 13:49:09,884 - INFO - Listening on port 6002
2023-04-11 13:49:10,444 - DEBUG - Recieved data of type: pickle
2023-04-11 13:49:10,445 - INFO - I am client2
2023-04-11 13:49:10,445 - INFO - Receiving new global model
2023-04-11 13:49:10,518 - INFO - Training loss: 1.74298
2023-04-11 13:49:10,525 - INFO - Testing accuracy: 45.71%
2023-04-11 13:49:10,529 - INFO - Local training..
2023-04-11 13:49:12,404 - INFO - Sending new local model
2023-04-11 13:49:12,404 - INFO - Trying to connect to server on port 6000
2023-04-11 13:49:12,408 - INFO - Sending local model
2023-04-11 13:49:12,410 - INFO - Listening on port 6002
2023-04-11 13:49:12,967 - DEBUG - Recieved data of type: pickle
2023-04-11 13:49:12,968 - INFO - I am client2
2023-04-11 13:49:12,969 - INFO - Receiving new global model
2023-04-11 13:49:13,029 - INFO - Training loss: 1.80176
2023-04-11 13:49:13,034 - INFO - Testing accuracy: 39.30%
2023-04-11 13:49:13,039 - INFO - Local training..
2023-04-11 13:49:14,837 - INFO - Sending new local model
2023-04-11 13:49:14,838 - INFO - Trying to connect to server on port 6000
2023-04-11 13:49:14,840 - INFO - Sending local model
2023-04-11 13:49:14,842 - INFO - Listening on port 6002
2023-04-11 13:49:15,456 - DEBUG - Recieved data of type: pickle
2023-04-11 13:49:15,456 - INFO - I am client2
2023-04-11 13:49:15,456 - INFO - Receiving new global model
2023-04-11 13:49:15,517 - INFO - Training loss: 1.17631
2023-04-11 13:49:15,518 - INFO - Testing accuracy: 87.90%
2023-04-11 13:49:15,519 - INFO - Local training..
2023-04-11 13:49:17,260 - INFO - Sending new local model
2023-04-11 13:49:17,264 - INFO - Trying to connect to server on port 6000
2023-04-11 13:49:17,266 - INFO - Sending local model
2023-04-11 13:49:17,268 - INFO - Listening on port 6002
2023-04-11 13:49:17,863 - DEBUG - Recieved data of type: pickle
2023-04-11 13:49:17,864 - INFO - I am client2
2023-04-11 13:49:17,864 - INFO - Receiving new global model
2023-04-11 13:49:17,941 - INFO - Training loss: 1.23135
2023-04-11 13:49:17,945 - INFO - Testing accuracy: 93.17%
2023-04-11 13:49:17,946 - INFO - Local training..
2023-04-11 13:49:19,559 - INFO - Sending new local model
2023-04-11 13:49:19,560 - INFO - Trying to connect to server on port 6000
2023-04-11 13:49:19,562 - INFO - Sending local model
2023-04-11 13:49:19,564 - INFO - Listening on port 6002
2023-04-11 13:49:20,223 - DEBUG - Recieved data of type: pickle
2023-04-11 13:49:20,224 - INFO - I am client2
2023-04-11 13:49:20,225 - INFO - Receiving new global model
2023-04-11 13:49:20,294 - INFO - Training loss: 1.73446
2023-04-11 13:49:20,297 - INFO - Testing accuracy: 45.60%
2023-04-11 13:49:20,298 - INFO - Local training..
2023-04-11 13:49:21,958 - INFO - Sending new local model
2023-04-11 13:49:21,959 - INFO - Trying to connect to server on port 6000
2023-04-11 13:49:21,961 - INFO - Sending local model
2023-04-11 13:49:21,963 - INFO - Listening on port 6002
2023-04-11 13:49:22,494 - DEBUG - Recieved data of type: pickle
2023-04-11 13:49:22,495 - INFO - I am client2
2023-04-11 13:49:22,495 - INFO - Receiving new global model
2023-04-11 13:49:22,573 - INFO - Training loss: 1.29496
2023-04-11 13:49:22,580 - INFO - Testing accuracy: 91.21%
2023-04-11 13:49:22,581 - INFO - Local training..
2023-04-11 13:49:24,244 - INFO - Sending new local model
2023-04-11 13:49:24,248 - INFO - Trying to connect to server on port 6000
2023-04-11 13:49:24,249 - INFO - Sending local model
2023-04-11 13:49:24,251 - INFO - Listening on port 6002
2023-04-11 13:49:24,862 - DEBUG - Recieved data of type: pickle
2023-04-11 13:49:24,863 - INFO - I am client2
2023-04-11 13:49:24,863 - INFO - Receiving new global model
2023-04-11 13:49:24,926 - INFO - Training loss: 1.38996
2023-04-11 13:49:24,927 - INFO - Testing accuracy: 72.49%
2023-04-11 13:49:24,928 - INFO - Local training..
2023-04-11 13:49:26,846 - INFO - Sending new local model
2023-04-11 13:49:26,847 - INFO - Trying to connect to server on port 6000
2023-04-11 13:49:26,850 - INFO - Sending local model
2023-04-11 13:49:26,855 - INFO - Listening on port 6002
2023-04-11 13:49:27,443 - DEBUG - Recieved data of type: pickle
2023-04-11 13:49:27,443 - INFO - I am client2
2023-04-11 13:49:27,444 - INFO - Receiving new global model
2023-04-11 13:49:27,518 - INFO - Training loss: 1.12927
2023-04-11 13:49:27,520 - INFO - Testing accuracy: 89.35%
2023-04-11 13:49:27,521 - INFO - Local training..
2023-04-11 13:49:29,492 - INFO - Sending new local model
2023-04-11 13:49:29,492 - INFO - Trying to connect to server on port 6000
2023-04-11 13:49:29,496 - INFO - Sending local model
2023-04-11 13:49:29,498 - INFO - Listening on port 6002
2023-04-11 13:49:30,191 - DEBUG - Recieved data of type: pickle
2023-04-11 13:49:30,192 - INFO - I am client2
2023-04-11 13:49:30,193 - INFO - Receiving new global model
2023-04-11 13:49:30,431 - INFO - Training loss: 0.85806
2023-04-11 13:49:30,431 - INFO - Testing accuracy: 94.73%
2023-04-11 13:49:30,431 - INFO - Local training..
2023-04-11 13:49:32,567 - INFO - Sending new local model
2023-04-11 13:49:32,571 - INFO - Trying to connect to server on port 6000
2023-04-11 13:49:32,573 - INFO - Sending local model
2023-04-11 13:49:32,576 - INFO - Listening on port 6002
2023-04-11 13:49:33,311 - DEBUG - Recieved data of type: pickle
2023-04-11 13:49:33,312 - INFO - I am client2
2023-04-11 13:49:33,312 - INFO - Receiving new global model
2023-04-11 13:49:33,398 - INFO - Training loss: 1.54889
2023-04-11 13:49:33,398 - INFO - Testing accuracy: 58.84%
2023-04-11 13:49:33,398 - INFO - Local training..
2023-04-11 13:49:35,639 - INFO - Sending new local model
2023-04-11 13:49:35,641 - INFO - Trying to connect to server on port 6000
2023-04-11 13:49:35,642 - INFO - Sending local model
2023-04-11 13:49:35,645 - INFO - Listening on port 6002
2023-04-11 13:49:36,439 - DEBUG - Recieved data of type: pickle
2023-04-11 13:49:36,440 - INFO - I am client2
2023-04-11 13:49:36,440 - INFO - Receiving new global model
2023-04-11 13:49:36,554 - INFO - Training loss: 1.83797
2023-04-11 13:49:36,555 - INFO - Testing accuracy: 38.78%
2023-04-11 13:49:36,557 - INFO - Local training..
2023-04-11 13:49:38,583 - INFO - Sending new local model
2023-04-11 13:49:38,583 - INFO - Trying to connect to server on port 6000
2023-04-11 13:49:38,588 - INFO - Sending local model
2023-04-11 13:49:38,590 - INFO - Listening on port 6002
2023-04-11 13:49:39,237 - DEBUG - Recieved data of type: pickle
2023-04-11 13:49:39,237 - INFO - I am client2
2023-04-11 13:49:39,237 - INFO - Receiving new global model
2023-04-11 13:49:39,315 - INFO - Training loss: 1.29854
2023-04-11 13:49:39,316 - INFO - Testing accuracy: 91.00%
2023-04-11 13:49:39,316 - INFO - Local training..
2023-04-11 13:49:40,786 - INFO - Sending new local model
2023-04-11 13:49:40,786 - INFO - Trying to connect to server on port 6000
2023-04-11 13:49:40,790 - INFO - Sending local model
2023-04-11 13:49:40,792 - INFO - Listening on port 6002
2023-04-11 13:49:41,363 - DEBUG - Recieved data of type: pickle
2023-04-11 13:49:41,364 - INFO - I am client2
2023-04-11 13:49:41,364 - INFO - Receiving new global model
2023-04-11 13:49:41,435 - INFO - Training loss: 1.28931
2023-04-11 13:49:41,435 - INFO - Testing accuracy: 91.83%
2023-04-11 13:49:41,435 - INFO - Local training..
2023-04-11 13:49:43,174 - INFO - Sending new local model
2023-04-11 13:49:43,175 - INFO - Trying to connect to server on port 6000
2023-04-11 13:49:43,176 - INFO - Sending local model
2023-04-11 13:49:43,179 - INFO - Listening on port 6002
2023-04-11 13:49:43,810 - DEBUG - Recieved data of type: pickle
2023-04-11 13:49:43,810 - INFO - I am client2
2023-04-11 13:49:43,811 - INFO - Receiving new global model
2023-04-11 13:49:43,900 - INFO - Training loss: 1.29419
2023-04-11 13:49:43,905 - INFO - Testing accuracy: 93.17%
2023-04-11 13:49:43,906 - INFO - Local training..
2023-04-11 13:49:46,666 - INFO - Sending new local model
2023-04-11 13:49:46,666 - INFO - Trying to connect to server on port 6000
2023-04-11 13:49:46,670 - INFO - Sending local model
2023-04-11 13:49:46,672 - INFO - Listening on port 6002
2023-04-11 13:49:47,255 - DEBUG - Recieved data of type: pickle
2023-04-11 13:49:47,255 - INFO - I am client2
2023-04-11 13:49:47,256 - INFO - Receiving new global model
2023-04-11 13:49:47,401 - INFO - Training loss: 1.11125
2023-04-11 13:49:47,403 - INFO - Testing accuracy: 90.69%
2023-04-11 13:49:47,403 - INFO - Local training..
2023-04-11 13:49:48,921 - INFO - Sending new local model
2023-04-11 13:49:48,923 - INFO - Trying to connect to server on port 6000
2023-04-11 13:49:48,923 - INFO - Sending local model
2023-04-11 13:49:48,923 - INFO - Listening on port 6002
2023-04-11 13:49:49,410 - DEBUG - Recieved data of type: pickle
2023-04-11 13:49:49,410 - INFO - I am client2
2023-04-11 13:49:49,410 - INFO - Receiving new global model
2023-04-11 13:49:49,486 - INFO - Training loss: 1.25034
2023-04-11 13:49:49,486 - INFO - Testing accuracy: 92.35%
2023-04-11 13:49:49,486 - INFO - Local training..
2023-04-11 13:49:50,813 - INFO - Sending new local model
2023-04-11 13:49:50,814 - INFO - Trying to connect to server on port 6000
2023-04-11 13:49:50,814 - INFO - Sending local model
2023-04-11 13:49:50,814 - INFO - Listening on port 6002
2023-04-11 13:49:51,595 - DEBUG - Recieved data of type: pickle
2023-04-11 13:49:51,595 - INFO - I am client2
2023-04-11 13:49:51,595 - INFO - Receiving new global model
2023-04-11 13:49:51,662 - INFO - Training loss: 1.28732
2023-04-11 13:49:51,662 - INFO - Testing accuracy: 92.86%
2023-04-11 13:49:51,666 - INFO - Local training..
2023-04-11 13:49:53,388 - INFO - Sending new local model
2023-04-11 13:49:53,389 - INFO - Trying to connect to server on port 6000
2023-04-11 13:49:53,391 - INFO - Sending local model
2023-04-11 13:49:53,391 - INFO - Listening on port 6002
2023-04-11 13:49:54,054 - DEBUG - Recieved data of type: pickle
2023-04-11 13:49:54,054 - INFO - I am client2
2023-04-11 13:49:54,054 - INFO - Receiving new global model
2023-04-11 13:49:54,259 - INFO - Training loss: 1.08093
2023-04-11 13:49:54,260 - INFO - Testing accuracy: 91.52%
2023-04-11 13:49:54,260 - INFO - Local training..
2023-04-11 13:49:55,862 - INFO - Sending new local model
2023-04-11 13:49:55,862 - INFO - Trying to connect to server on port 6000
2023-04-11 13:49:55,866 - INFO - Sending local model
2023-04-11 13:49:55,866 - INFO - Listening on port 6002
2023-04-11 13:49:56,274 - DEBUG - Recieved data of type: pickle
2023-04-11 13:49:56,274 - INFO - I am client2
2023-04-11 13:49:56,276 - INFO - Receiving new global model
2023-04-11 13:49:56,333 - INFO - Training loss: 1.66348
2023-04-11 13:49:56,337 - INFO - Testing accuracy: 51.19%
2023-04-11 13:49:56,337 - INFO - Local training..
2023-04-11 13:49:57,729 - INFO - Sending new local model
2023-04-11 13:49:57,729 - INFO - Trying to connect to server on port 6000
2023-04-11 13:49:57,733 - INFO - Sending local model
2023-04-11 13:49:57,733 - INFO - Listening on port 6002
2023-04-11 13:49:58,222 - DEBUG - Recieved data of type: pickle
2023-04-11 13:49:58,222 - INFO - I am client2
2023-04-11 13:49:58,224 - INFO - Receiving new global model
2023-04-11 13:49:58,285 - INFO - Training loss: 1.25740
2023-04-11 13:49:58,285 - INFO - Testing accuracy: 96.59%
2023-04-11 13:49:58,291 - INFO - Local training..
2023-04-11 13:49:59,586 - INFO - Sending new local model
2023-04-11 13:49:59,586 - INFO - Trying to connect to server on port 6000
2023-04-11 13:49:59,590 - INFO - Sending local model
2023-04-11 13:49:59,591 - INFO - Listening on port 6002
2023-04-11 13:50:00,069 - DEBUG - Recieved data of type: pickle
2023-04-11 13:50:00,069 - INFO - I am client2
2023-04-11 13:50:00,070 - INFO - Receiving new global model
2023-04-11 13:50:00,127 - INFO - Training loss: 1.10148
2023-04-11 13:50:00,131 - INFO - Testing accuracy: 91.62%
2023-04-11 13:50:00,135 - INFO - Local training..
2023-04-11 13:50:01,442 - INFO - Sending new local model
2023-04-11 13:50:01,442 - INFO - Trying to connect to server on port 6000
2023-04-11 13:50:01,447 - INFO - Sending local model
2023-04-11 13:50:01,448 - INFO - Listening on port 6002
2023-04-11 13:50:01,919 - DEBUG - Recieved data of type: pickle
2023-04-11 13:50:01,919 - INFO - I am client2
2023-04-11 13:50:01,919 - INFO - Receiving new global model
2023-04-11 13:50:01,981 - INFO - Training loss: 1.31501
2023-04-11 13:50:01,981 - INFO - Testing accuracy: 82.73%
2023-04-11 13:50:01,985 - INFO - Local training..
2023-04-11 13:50:03,254 - INFO - Sending new local model
2023-04-11 13:50:03,254 - INFO - Trying to connect to server on port 6000
2023-04-11 13:50:03,254 - INFO - Sending local model
2023-04-11 13:50:03,258 - INFO - Listening on port 6002
2023-04-11 13:50:03,838 - DEBUG - Recieved data of type: pickle
2023-04-11 13:50:03,838 - INFO - I am client2
2023-04-11 13:50:03,838 - INFO - Receiving new global model
2023-04-11 13:50:03,898 - INFO - Training loss: 1.90392
2023-04-11 13:50:03,898 - INFO - Testing accuracy: 46.43%
2023-04-11 13:50:03,902 - INFO - Local training..
2023-04-11 13:50:05,313 - INFO - Sending new local model
2023-04-11 13:50:05,313 - INFO - Trying to connect to server on port 6000
2023-04-11 13:50:05,313 - INFO - Sending local model
2023-04-11 13:50:05,317 - INFO - Listening on port 6002
2023-04-11 13:50:05,810 - DEBUG - Recieved data of type: pickle
2023-04-11 13:50:05,810 - INFO - I am client2
2023-04-11 13:50:05,810 - INFO - Receiving new global model
2023-04-11 13:50:05,873 - INFO - Training loss: 1.82544
2023-04-11 13:50:05,873 - INFO - Testing accuracy: 38.06%
2023-04-11 13:50:05,877 - INFO - Local training..
2023-04-11 13:50:07,180 - INFO - Sending new local model
2023-04-11 13:50:07,180 - INFO - Trying to connect to server on port 6000
2023-04-11 13:50:07,183 - INFO - Sending local model
2023-04-11 13:50:07,185 - INFO - Listening on port 6002
2023-04-11 13:50:07,656 - DEBUG - Recieved data of type: pickle
2023-04-11 13:50:07,657 - INFO - I am client2
2023-04-11 13:50:07,657 - INFO - Receiving new global model
2023-04-11 13:50:07,714 - INFO - Training loss: 1.17722
2023-04-11 13:50:07,718 - INFO - Testing accuracy: 87.18%
2023-04-11 13:50:07,718 - INFO - Local training..
2023-04-11 13:50:09,004 - INFO - Sending new local model
2023-04-11 13:50:09,004 - INFO - Trying to connect to server on port 6000
2023-04-11 13:50:09,004 - INFO - Sending local model
2023-04-11 13:50:09,008 - INFO - Listening on port 6002
2023-04-11 13:50:09,495 - DEBUG - Recieved data of type: pickle
2023-04-11 13:50:09,495 - INFO - I am client2
2023-04-11 13:50:09,495 - INFO - Receiving new global model
2023-04-11 13:50:09,555 - INFO - Training loss: 1.25061
2023-04-11 13:50:09,555 - INFO - Testing accuracy: 92.24%
2023-04-11 13:50:09,555 - INFO - Local training..
2023-04-11 13:50:10,837 - INFO - Sending new local model
2023-04-11 13:50:10,838 - INFO - Trying to connect to server on port 6000
2023-04-11 13:50:10,839 - INFO - Sending local model
2023-04-11 13:50:10,840 - INFO - Listening on port 6002
2023-04-11 13:50:11,328 - DEBUG - Recieved data of type: pickle
2023-04-11 13:50:11,328 - INFO - I am client2
2023-04-11 13:50:11,328 - INFO - Receiving new global model
2023-04-11 13:50:11,395 - INFO - Training loss: 1.22006
2023-04-11 13:50:11,395 - INFO - Testing accuracy: 97.31%
2023-04-11 13:50:11,398 - INFO - Local training..
2023-04-11 13:50:12,788 - INFO - Sending new local model
2023-04-11 13:50:12,793 - INFO - Trying to connect to server on port 6000
2023-04-11 13:50:12,795 - INFO - Sending local model
2023-04-11 13:50:12,796 - INFO - Listening on port 6002
2023-04-11 13:50:13,410 - DEBUG - Recieved data of type: pickle
2023-04-11 13:50:13,410 - INFO - I am client2
2023-04-11 13:50:13,411 - INFO - Receiving new global model
2023-04-11 13:50:13,635 - INFO - Training loss: 1.26455
2023-04-11 13:50:13,635 - INFO - Testing accuracy: 92.97%
2023-04-11 13:50:13,635 - INFO - Local training..
2023-04-11 13:50:14,965 - INFO - Sending new local model
2023-04-11 13:50:14,965 - INFO - Trying to connect to server on port 6000
2023-04-11 13:50:14,968 - INFO - Sending local model
2023-04-11 13:50:14,970 - INFO - Listening on port 6002
2023-04-11 13:50:15,470 - DEBUG - Recieved data of type: pickle
2023-04-11 13:50:15,470 - INFO - I am client2
2023-04-11 13:50:15,471 - INFO - Receiving new global model
2023-04-11 13:50:15,545 - INFO - Training loss: 0.87980
2023-04-11 13:50:15,545 - INFO - Testing accuracy: 94.73%
2023-04-11 13:50:15,547 - INFO - Local training..
2023-04-11 13:50:16,877 - INFO - Sending new local model
2023-04-11 13:50:16,881 - INFO - Trying to connect to server on port 6000
2023-04-11 13:50:16,881 - INFO - Sending local model
2023-04-11 13:50:16,885 - INFO - Listening on port 6002
2023-04-11 13:50:17,412 - DEBUG - Recieved data of type: pickle
2023-04-11 13:50:17,412 - INFO - I am client2
2023-04-11 13:50:17,412 - INFO - Receiving new global model
2023-04-11 13:50:17,476 - INFO - Training loss: 0.99549
2023-04-11 13:50:17,480 - INFO - Testing accuracy: 94.00%
2023-04-11 13:50:17,480 - INFO - Local training..
2023-04-11 13:50:18,764 - INFO - Sending new local model
2023-04-11 13:50:18,764 - INFO - Trying to connect to server on port 6000
2023-04-11 13:50:18,764 - INFO - Sending local model
2023-04-11 13:50:18,769 - INFO - Listening on port 6002
2023-04-11 13:50:19,264 - DEBUG - Recieved data of type: pickle
2023-04-11 13:50:19,264 - INFO - I am client2
2023-04-11 13:50:19,264 - INFO - Receiving new global model
2023-04-11 13:50:19,328 - INFO - Training loss: 1.21702
2023-04-11 13:50:19,329 - INFO - Testing accuracy: 93.38%
2023-04-11 13:50:19,329 - INFO - Local training..
2023-04-11 13:50:20,764 - INFO - Sending new local model
2023-04-11 13:50:20,764 - INFO - Trying to connect to server on port 6000
2023-04-11 13:50:20,765 - INFO - Sending local model
2023-04-11 13:50:20,769 - INFO - Listening on port 6002
2023-04-11 13:50:21,267 - DEBUG - Recieved data of type: pickle
2023-04-11 13:50:21,267 - INFO - I am client2
2023-04-11 13:50:21,267 - INFO - Receiving new global model
2023-04-11 13:50:21,327 - INFO - Training loss: 1.27726
2023-04-11 13:50:21,331 - INFO - Testing accuracy: 91.93%
2023-04-11 13:50:21,337 - INFO - Local training..
2023-04-11 13:50:22,742 - INFO - Sending new local model
2023-04-11 13:50:22,746 - INFO - Trying to connect to server on port 6000
2023-04-11 13:50:22,747 - INFO - Sending local model
2023-04-11 13:50:22,747 - INFO - Listening on port 6002
2023-04-11 13:50:23,255 - DEBUG - Recieved data of type: pickle
2023-04-11 13:50:23,256 - INFO - I am client2
2023-04-11 13:50:23,256 - INFO - Receiving new global model
2023-04-11 13:50:23,313 - INFO - Training loss: 1.66113
2023-04-11 13:50:23,313 - INFO - Testing accuracy: 51.29%
2023-04-11 13:50:23,316 - INFO - Local training..
2023-04-11 13:50:24,675 - INFO - Sending new local model
2023-04-11 13:50:24,679 - INFO - Trying to connect to server on port 6000
2023-04-11 13:50:24,680 - INFO - Sending local model
2023-04-11 13:50:24,680 - INFO - Listening on port 6002
2023-04-11 13:50:25,178 - DEBUG - Recieved data of type: pickle
2023-04-11 13:50:25,178 - INFO - I am client2
2023-04-11 13:50:25,178 - INFO - Receiving new global model
2023-04-11 13:50:25,253 - INFO - Training loss: 1.82071
2023-04-11 13:50:25,261 - INFO - Testing accuracy: 39.61%
2023-04-11 13:50:25,262 - INFO - Local training..
2023-04-11 13:50:27,788 - INFO - Sending new local model
2023-04-11 13:50:27,792 - INFO - Trying to connect to server on port 6000
2023-04-11 13:50:27,793 - INFO - Sending local model
2023-04-11 13:50:27,797 - INFO - Listening on port 6002
2023-04-11 13:50:28,549 - DEBUG - Recieved data of type: pickle
2023-04-11 13:50:28,550 - INFO - I am client2
2023-04-11 13:50:28,550 - INFO - Receiving new global model
2023-04-11 13:50:28,671 - INFO - Training loss: 1.17588
2023-04-11 13:50:28,673 - INFO - Testing accuracy: 87.18%
2023-04-11 13:50:28,674 - INFO - Local training..
2023-04-11 13:50:30,264 - INFO - Sending new local model
2023-04-11 13:50:30,268 - INFO - Trying to connect to server on port 6000
2023-04-11 13:50:30,268 - INFO - Sending local model
2023-04-11 13:50:30,272 - INFO - Listening on port 6002
2023-04-11 13:50:30,917 - DEBUG - Recieved data of type: pickle
2023-04-11 13:50:30,917 - INFO - I am client2
2023-04-11 13:50:30,917 - INFO - Receiving new global model
2023-04-11 13:50:30,989 - INFO - Training loss: 1.72431
2023-04-11 13:50:31,001 - INFO - Testing accuracy: 45.09%
2023-04-11 13:50:31,010 - INFO - Local training..
2023-04-11 13:50:33,900 - INFO - Sending new local model
2023-04-11 13:50:33,902 - INFO - Trying to connect to server on port 6000
2023-04-11 13:50:33,904 - INFO - Sending local model
2023-04-11 13:50:33,906 - INFO - Listening on port 6002
2023-04-11 13:50:34,599 - DEBUG - Recieved data of type: pickle
2023-04-11 13:50:34,600 - INFO - I am client2
2023-04-11 13:50:34,600 - INFO - Receiving new global model
2023-04-11 13:50:34,803 - INFO - Training loss: 0.85472
2023-04-11 13:50:34,804 - INFO - Testing accuracy: 95.24%
2023-04-11 13:50:34,805 - INFO - Local training..
2023-04-11 13:50:36,740 - INFO - Sending new local model
2023-04-11 13:50:36,740 - INFO - Trying to connect to server on port 6000
2023-04-11 13:50:36,742 - INFO - Sending local model
2023-04-11 13:50:36,745 - INFO - Listening on port 6002
2023-04-11 13:50:37,416 - DEBUG - Recieved data of type: pickle
2023-04-11 13:50:37,417 - INFO - I am client2
2023-04-11 13:50:37,417 - INFO - Receiving new global model
2023-04-11 13:50:37,506 - INFO - Training loss: 1.51542
2023-04-11 13:50:37,514 - INFO - Testing accuracy: 64.01%
2023-04-11 13:50:37,515 - INFO - Local training..
2023-04-11 13:50:39,805 - INFO - Sending new local model
2023-04-11 13:50:39,807 - INFO - Trying to connect to server on port 6000
2023-04-11 13:50:39,810 - INFO - Sending local model
2023-04-11 13:50:39,812 - INFO - Listening on port 6002
2023-04-11 13:50:40,514 - DEBUG - Recieved data of type: pickle
2023-04-11 13:50:40,515 - INFO - I am client2
2023-04-11 13:50:40,515 - INFO - Receiving new global model
2023-04-11 13:50:40,586 - INFO - Training loss: 1.26807
2023-04-11 13:50:40,588 - INFO - Testing accuracy: 92.35%
2023-04-11 13:50:40,590 - INFO - Local training..
2023-04-11 13:50:42,443 - INFO - Sending new local model
2023-04-11 13:50:42,443 - INFO - Trying to connect to server on port 6000
2023-04-11 13:50:42,446 - INFO - Sending local model
2023-04-11 13:50:42,448 - INFO - Listening on port 6002
2023-04-11 13:50:43,199 - DEBUG - Recieved data of type: pickle
2023-04-11 13:50:43,200 - INFO - I am client2
2023-04-11 13:50:43,200 - INFO - Receiving new global model
2023-04-11 13:50:43,302 - INFO - Training loss: 1.11011
2023-04-11 13:50:43,304 - INFO - Testing accuracy: 89.97%
2023-04-11 13:50:43,306 - INFO - Local training..
2023-04-11 13:50:45,070 - INFO - Sending new local model
2023-04-11 13:50:45,075 - INFO - Trying to connect to server on port 6000
2023-04-11 13:50:45,076 - INFO - Sending local model
2023-04-11 13:50:45,078 - INFO - Listening on port 6002
2023-04-11 13:50:45,685 - DEBUG - Recieved data of type: pickle
2023-04-11 13:50:45,686 - INFO - I am client2
2023-04-11 13:50:45,687 - INFO - Receiving new global model
2023-04-11 13:50:45,751 - INFO - Training loss: 1.05395
2023-04-11 13:50:45,751 - INFO - Testing accuracy: 92.14%
2023-04-11 13:50:45,751 - INFO - Local training..
2023-04-11 13:50:47,402 - INFO - Sending new local model
2023-04-11 13:50:47,405 - INFO - Trying to connect to server on port 6000
2023-04-11 13:50:47,406 - INFO - Sending local model
2023-04-11 13:50:47,409 - INFO - Listening on port 6002
2023-04-11 13:50:48,021 - DEBUG - Recieved data of type: pickle
2023-04-11 13:50:48,021 - INFO - I am client2
2023-04-11 13:50:48,022 - INFO - Receiving new global model
2023-04-11 13:50:48,083 - INFO - Training loss: 1.24579
2023-04-11 13:50:48,084 - INFO - Testing accuracy: 91.83%
2023-04-11 13:50:48,085 - INFO - Local training..
2023-04-11 13:50:49,718 - INFO - Sending new local model
2023-04-11 13:50:49,719 - INFO - Trying to connect to server on port 6000
2023-04-11 13:50:49,721 - INFO - Sending local model
2023-04-11 13:50:49,723 - INFO - Listening on port 6002
2023-04-11 13:50:50,324 - DEBUG - Recieved data of type: pickle
2023-04-11 13:50:50,325 - INFO - I am client2
2023-04-11 13:50:50,325 - INFO - Receiving new global model
2023-04-11 13:50:50,400 - INFO - Training loss: 1.07990
2023-04-11 13:50:50,400 - INFO - Testing accuracy: 91.52%
2023-04-11 13:50:50,404 - INFO - Local training..
2023-04-11 13:50:52,144 - INFO - Sending new local model
2023-04-11 13:50:52,148 - INFO - Trying to connect to server on port 6000
2023-04-11 13:50:52,150 - INFO - Sending local model
2023-04-11 13:50:52,152 - INFO - Listening on port 6002
2023-04-11 13:50:52,839 - DEBUG - Recieved data of type: pickle
2023-04-11 13:50:52,841 - INFO - I am client2
2023-04-11 13:50:52,842 - INFO - Receiving new global model
2023-04-11 13:50:52,959 - INFO - Training loss: 1.86890
2023-04-11 13:50:52,960 - INFO - Testing accuracy: 46.85%
2023-04-11 13:50:52,961 - INFO - Local training..
2023-04-11 13:50:55,165 - INFO - Sending new local model
2023-04-11 13:50:55,165 - INFO - Trying to connect to server on port 6000
2023-04-11 13:50:55,168 - INFO - Sending local model
2023-04-11 13:50:55,170 - INFO - Listening on port 6002
2023-04-11 13:50:56,000 - DEBUG - Recieved data of type: pickle
2023-04-11 13:50:56,001 - INFO - I am client2
2023-04-11 13:50:56,002 - INFO - Receiving new global model
2023-04-11 13:50:56,131 - INFO - Training loss: 1.26453
2023-04-11 13:50:56,150 - INFO - Testing accuracy: 96.59%
2023-04-11 13:50:56,157 - INFO - Local training..
2023-04-11 13:50:57,900 - INFO - Sending new local model
2023-04-11 13:50:57,904 - INFO - Trying to connect to server on port 6000
2023-04-11 13:50:57,905 - INFO - Sending local model
2023-04-11 13:50:57,907 - INFO - Listening on port 6002
2023-04-11 13:50:58,435 - DEBUG - Recieved data of type: pickle
2023-04-11 13:50:58,435 - INFO - I am client2
2023-04-11 13:50:58,436 - INFO - Receiving new global model
2023-04-11 13:50:58,650 - INFO - Training loss: 1.10285
2023-04-11 13:50:58,654 - INFO - Testing accuracy: 91.52%
2023-04-11 13:50:58,654 - INFO - Local training..
2023-04-11 13:51:00,399 - INFO - Sending new local model
2023-04-11 13:51:00,400 - INFO - Trying to connect to server on port 6000
2023-04-11 13:51:00,402 - INFO - Sending local model
2023-04-11 13:51:00,404 - INFO - Listening on port 6002
2023-04-11 13:51:01,041 - DEBUG - Recieved data of type: pickle
2023-04-11 13:51:01,041 - INFO - I am client2
2023-04-11 13:51:01,042 - INFO - Receiving new global model
2023-04-11 13:51:01,115 - INFO - Training loss: 1.69152
2023-04-11 13:51:01,117 - INFO - Testing accuracy: 48.19%
2023-04-11 13:51:01,118 - INFO - Local training..
2023-04-11 13:51:02,911 - INFO - Sending new local model
2023-04-11 13:51:02,915 - INFO - Trying to connect to server on port 6000
2023-04-11 13:51:02,919 - INFO - Sending local model
2023-04-11 13:51:02,923 - INFO - Listening on port 6002
2023-04-11 13:51:03,515 - DEBUG - Recieved data of type: pickle
2023-04-11 13:51:03,515 - INFO - I am client2
2023-04-11 13:51:03,515 - INFO - Receiving new global model
2023-04-11 13:51:03,589 - INFO - Training loss: 2.01052
2023-04-11 13:51:03,590 - INFO - Testing accuracy: 36.92%
2023-04-11 13:51:03,591 - INFO - Local training..
2023-04-11 13:51:05,279 - INFO - Sending new local model
2023-04-11 13:51:05,279 - INFO - Trying to connect to server on port 6000
2023-04-11 13:51:05,281 - INFO - Sending local model
2023-04-11 13:51:05,283 - INFO - Listening on port 6002
2023-04-11 13:51:05,891 - DEBUG - Recieved data of type: pickle
2023-04-11 13:51:05,892 - INFO - I am client2
2023-04-11 13:51:05,892 - INFO - Receiving new global model
2023-04-11 13:51:05,974 - INFO - Training loss: 1.48149
2023-04-11 13:51:05,975 - INFO - Testing accuracy: 67.53%
2023-04-11 13:51:05,976 - INFO - Local training..
2023-04-11 13:51:07,749 - INFO - Sending new local model
2023-04-11 13:51:07,751 - INFO - Trying to connect to server on port 6000
2023-04-11 13:51:07,752 - INFO - Sending local model
2023-04-11 13:51:07,754 - INFO - Listening on port 6002
2023-04-11 13:51:08,357 - DEBUG - Recieved data of type: pickle
2023-04-11 13:51:08,357 - INFO - I am client2
2023-04-11 13:51:08,358 - INFO - Receiving new global model
2023-04-11 13:51:08,429 - INFO - Training loss: 1.77927
2023-04-11 13:51:08,430 - INFO - Testing accuracy: 43.23%
2023-04-11 13:51:08,431 - INFO - Local training..
2023-04-11 13:51:10,444 - INFO - Sending new local model
2023-04-11 13:51:10,444 - INFO - Trying to connect to server on port 6000
2023-04-11 13:51:10,448 - INFO - Sending local model
2023-04-11 13:51:10,451 - INFO - Listening on port 6002
2023-04-11 13:51:11,228 - DEBUG - Recieved data of type: pickle
2023-04-11 13:51:11,228 - INFO - I am client2
2023-04-11 13:51:11,229 - INFO - Receiving new global model
2023-04-11 13:51:11,307 - INFO - Training loss: 1.17378
2023-04-11 13:51:11,307 - INFO - Testing accuracy: 86.76%
2023-04-11 13:51:11,311 - INFO - Local training..
2023-04-11 13:51:13,510 - INFO - Sending new local model
2023-04-11 13:51:13,510 - INFO - Trying to connect to server on port 6000
2023-04-11 13:51:13,513 - INFO - Sending local model
2023-04-11 13:51:13,516 - INFO - Listening on port 6002
2023-04-11 13:51:14,296 - DEBUG - Recieved data of type: pickle
2023-04-11 13:51:14,296 - INFO - I am client2
2023-04-11 13:51:14,297 - INFO - Receiving new global model
2023-04-11 13:51:14,441 - INFO - Training loss: 0.84994
2023-04-11 13:51:14,460 - INFO - Testing accuracy: 94.83%
2023-04-11 13:51:14,464 - INFO - Local training..
2023-04-11 13:51:16,399 - INFO - Sending new local model
2023-04-11 13:51:16,401 - INFO - Trying to connect to server on port 6000
2023-04-11 13:51:16,402 - INFO - Sending local model
2023-04-11 13:51:16,405 - INFO - Listening on port 6002
2023-04-11 13:51:17,063 - DEBUG - Recieved data of type: pickle
2023-04-11 13:51:17,063 - INFO - I am client2
2023-04-11 13:51:17,064 - INFO - Receiving new global model
2023-04-11 13:51:17,146 - INFO - Training loss: 1.23017
2023-04-11 13:51:17,146 - INFO - Testing accuracy: 92.76%
2023-04-11 13:51:17,146 - INFO - Local training..
2023-04-11 13:51:18,962 - INFO - Sending new local model
2023-04-11 13:51:18,962 - INFO - Trying to connect to server on port 6000
2023-04-11 13:51:18,967 - INFO - Sending local model
2023-04-11 13:51:18,968 - INFO - Listening on port 6002
2023-04-11 13:51:19,674 - DEBUG - Recieved data of type: pickle
2023-04-11 13:51:19,675 - INFO - I am client2
2023-04-11 13:51:19,675 - INFO - Receiving new global model
2023-04-11 13:51:19,741 - INFO - Training loss: 1.10306
2023-04-11 13:51:19,742 - INFO - Testing accuracy: 90.59%
2023-04-11 13:51:19,742 - INFO - Local training..
2023-04-11 13:51:21,379 - INFO - Sending new local model
2023-04-11 13:51:21,379 - INFO - Trying to connect to server on port 6000
2023-04-11 13:51:21,379 - INFO - Sending local model
2023-04-11 13:51:21,385 - INFO - Listening on port 6002
2023-04-11 13:51:22,006 - DEBUG - Recieved data of type: pickle
2023-04-11 13:51:22,007 - INFO - I am client2
2023-04-11 13:51:22,008 - INFO - Receiving new global model
2023-04-11 13:51:22,079 - INFO - Training loss: 1.25057
2023-04-11 13:51:22,083 - INFO - Testing accuracy: 92.24%
2023-04-11 13:51:22,084 - INFO - Local training..
2023-04-11 13:51:23,742 - INFO - Sending new local model
2023-04-11 13:51:23,743 - INFO - Trying to connect to server on port 6000
2023-04-11 13:51:23,745 - INFO - Sending local model
2023-04-11 13:51:23,747 - INFO - Listening on port 6002
2023-04-11 13:51:24,340 - DEBUG - Recieved data of type: pickle
2023-04-11 13:51:24,340 - INFO - I am client2
2023-04-11 13:51:24,341 - INFO - Receiving new global model
2023-04-11 13:51:24,531 - INFO - Training loss: 1.38160
2023-04-11 13:51:24,533 - INFO - Testing accuracy: 73.32%
2023-04-11 13:51:24,536 - INFO - Local training..
2023-04-11 13:51:26,287 - INFO - Sending new local model
2023-04-11 13:51:26,287 - INFO - Trying to connect to server on port 6000
2023-04-11 13:51:26,291 - INFO - Sending local model
2023-04-11 13:51:26,294 - INFO - Listening on port 6002
2023-04-11 13:51:26,842 - DEBUG - Recieved data of type: pickle
2023-04-11 13:51:26,842 - INFO - I am client2
2023-04-11 13:51:26,843 - INFO - Receiving new global model
2023-04-11 13:51:26,922 - INFO - Training loss: 1.12771
2023-04-11 13:51:26,922 - INFO - Testing accuracy: 89.56%
2023-04-11 13:51:26,926 - INFO - Local training..
2023-04-11 13:51:28,442 - INFO - Sending new local model
2023-04-11 13:51:28,444 - INFO - Trying to connect to server on port 6000
2023-04-11 13:51:28,446 - INFO - Sending local model
2023-04-11 13:51:28,492 - INFO - Listening on port 6002
2023-04-11 13:51:29,179 - DEBUG - Recieved data of type: pickle
2023-04-11 13:51:29,179 - INFO - I am client2
2023-04-11 13:51:29,180 - INFO - Receiving new global model
2023-04-11 13:51:29,245 - INFO - Training loss: 1.07984
2023-04-11 13:51:29,247 - INFO - Testing accuracy: 89.45%
2023-04-11 13:51:29,248 - INFO - Local training..
2023-04-11 13:51:31,030 - INFO - Sending new local model
2023-04-11 13:51:31,031 - INFO - Trying to connect to server on port 6000
2023-04-11 13:51:31,032 - INFO - Sending local model
2023-04-11 13:51:31,037 - INFO - Listening on port 6002
2023-04-11 13:51:31,683 - DEBUG - Recieved data of type: string
