2023-04-11 13:46:58,479 - INFO - Trying to connect to server on port 6000
2023-04-11 13:46:58,488 - INFO - Sending handshake
2023-04-11 13:46:58,490 - INFO - Listening on port 6004
2023-04-11 13:47:20,420 - DEBUG - Recieved data of type: pickle
2023-04-11 13:47:20,421 - INFO - I am client4
2023-04-11 13:47:20,426 - INFO - Receiving new global model
2023-04-11 13:47:20,617 - INFO - Training loss: 2.44924
2023-04-11 13:47:20,618 - INFO - Testing accuracy: 5.89%
2023-04-11 13:47:20,625 - INFO - Local training..
2023-04-11 13:47:23,308 - INFO - Sending new local model
2023-04-11 13:47:23,318 - INFO - Trying to connect to server on port 6000
2023-04-11 13:47:23,321 - INFO - Sending local model
2023-04-11 13:47:23,324 - INFO - Listening on port 6004
2023-04-11 13:47:23,379 - DEBUG - Recieved data of type: pickle
2023-04-11 13:47:23,379 - INFO - I am client4
2023-04-11 13:47:23,381 - INFO - Receiving new global model
2023-04-11 13:47:23,494 - INFO - Training loss: 1.03251
2023-04-11 13:47:23,494 - INFO - Testing accuracy: 94.63%
2023-04-11 13:47:23,497 - INFO - Local training..
2023-04-11 13:47:26,406 - INFO - Sending new local model
2023-04-11 13:47:26,407 - INFO - Trying to connect to server on port 6000
2023-04-11 13:47:26,408 - INFO - Sending local model
2023-04-11 13:47:26,411 - INFO - Listening on port 6004
2023-04-11 13:47:26,452 - DEBUG - Recieved data of type: pickle
2023-04-11 13:47:26,452 - INFO - I am client4
2023-04-11 13:47:26,453 - INFO - Receiving new global model
2023-04-11 13:47:26,666 - INFO - Training loss: 1.77921
2023-04-11 13:47:26,666 - INFO - Testing accuracy: 55.26%
2023-04-11 13:47:26,671 - INFO - Local training..
2023-04-11 13:47:29,448 - INFO - Sending new local model
2023-04-11 13:47:29,451 - INFO - Trying to connect to server on port 6000
2023-04-11 13:47:29,452 - INFO - Sending local model
2023-04-11 13:47:29,455 - INFO - Listening on port 6004
2023-04-11 13:47:29,514 - DEBUG - Recieved data of type: pickle
2023-04-11 13:47:29,514 - INFO - I am client4
2023-04-11 13:47:29,515 - INFO - Receiving new global model
2023-04-11 13:47:29,609 - INFO - Training loss: 1.45376
2023-04-11 13:47:29,612 - INFO - Testing accuracy: 75.72%
2023-04-11 13:47:29,612 - INFO - Local training..
2023-04-11 13:47:32,105 - INFO - Sending new local model
2023-04-11 13:47:32,106 - INFO - Trying to connect to server on port 6000
2023-04-11 13:47:32,108 - INFO - Sending local model
2023-04-11 13:47:32,110 - INFO - Listening on port 6004
2023-04-11 13:47:32,142 - DEBUG - Recieved data of type: pickle
2023-04-11 13:47:32,143 - INFO - I am client4
2023-04-11 13:47:32,143 - INFO - Receiving new global model
2023-04-11 13:47:32,236 - INFO - Training loss: 0.73865
2023-04-11 13:47:32,236 - INFO - Testing accuracy: 95.66%
2023-04-11 13:47:32,236 - INFO - Local training..
2023-04-11 13:47:34,492 - INFO - Sending new local model
2023-04-11 13:47:34,493 - INFO - Trying to connect to server on port 6000
2023-04-11 13:47:34,494 - INFO - Sending local model
2023-04-11 13:47:34,498 - INFO - Listening on port 6004
2023-04-11 13:47:34,525 - DEBUG - Recieved data of type: pickle
2023-04-11 13:47:34,526 - INFO - I am client4
2023-04-11 13:47:34,526 - INFO - Receiving new global model
2023-04-11 13:47:34,608 - INFO - Training loss: 0.91969
2023-04-11 13:47:34,609 - INFO - Testing accuracy: 96.25%
2023-04-11 13:47:34,611 - INFO - Local training..
2023-04-11 13:47:36,850 - INFO - Sending new local model
2023-04-11 13:47:36,851 - INFO - Trying to connect to server on port 6000
2023-04-11 13:47:36,852 - INFO - Sending local model
2023-04-11 13:47:36,854 - INFO - Listening on port 6004
2023-04-11 13:47:36,913 - DEBUG - Recieved data of type: pickle
2023-04-11 13:47:36,913 - INFO - I am client4
2023-04-11 13:47:36,914 - INFO - Receiving new global model
2023-04-11 13:47:37,022 - INFO - Training loss: 0.92537
2023-04-11 13:47:37,023 - INFO - Testing accuracy: 94.92%
2023-04-11 13:47:37,024 - INFO - Local training..
2023-04-11 13:47:39,505 - INFO - Sending new local model
2023-04-11 13:47:39,506 - INFO - Trying to connect to server on port 6000
2023-04-11 13:47:39,507 - INFO - Sending local model
2023-04-11 13:47:39,509 - INFO - Listening on port 6004
2023-04-11 13:47:39,520 - DEBUG - Recieved data of type: pickle
2023-04-11 13:47:39,520 - INFO - I am client4
2023-04-11 13:47:39,521 - INFO - Receiving new global model
2023-04-11 13:47:39,598 - INFO - Training loss: 1.68236
2023-04-11 13:47:39,598 - INFO - Testing accuracy: 78.15%
2023-04-11 13:47:39,603 - INFO - Local training..
2023-04-11 13:47:41,858 - INFO - Sending new local model
2023-04-11 13:47:41,859 - INFO - Trying to connect to server on port 6000
2023-04-11 13:47:41,860 - INFO - Sending local model
2023-04-11 13:47:41,862 - INFO - Listening on port 6004
2023-04-11 13:47:41,914 - DEBUG - Recieved data of type: pickle
2023-04-11 13:47:41,914 - INFO - I am client4
2023-04-11 13:47:41,915 - INFO - Receiving new global model
2023-04-11 13:47:42,008 - INFO - Training loss: 1.31608
2023-04-11 13:47:42,008 - INFO - Testing accuracy: 94.19%
2023-04-11 13:47:42,013 - INFO - Local training..
2023-04-11 13:47:44,133 - INFO - Sending new local model
2023-04-11 13:47:44,134 - INFO - Trying to connect to server on port 6000
2023-04-11 13:47:44,135 - INFO - Sending local model
2023-04-11 13:47:44,138 - INFO - Listening on port 6004
2023-04-11 13:47:44,176 - DEBUG - Recieved data of type: pickle
2023-04-11 13:47:44,177 - INFO - I am client4
2023-04-11 13:47:44,177 - INFO - Receiving new global model
2023-04-11 13:47:44,410 - INFO - Training loss: 1.77580
2023-04-11 13:47:44,410 - INFO - Testing accuracy: 67.84%
2023-04-11 13:47:44,411 - INFO - Local training..
2023-04-11 13:47:46,903 - INFO - Sending new local model
2023-04-11 13:47:46,905 - INFO - Trying to connect to server on port 6000
2023-04-11 13:47:46,906 - INFO - Sending local model
2023-04-11 13:47:46,908 - INFO - Listening on port 6004
2023-04-11 13:47:46,971 - DEBUG - Recieved data of type: pickle
2023-04-11 13:47:46,972 - INFO - I am client4
2023-04-11 13:47:46,974 - INFO - Receiving new global model
2023-04-11 13:47:47,134 - INFO - Training loss: 0.71920
2023-04-11 13:47:47,139 - INFO - Testing accuracy: 96.17%
2023-04-11 13:47:47,139 - INFO - Local training..
2023-04-11 13:47:49,366 - INFO - Sending new local model
2023-04-11 13:47:49,366 - INFO - Trying to connect to server on port 6000
2023-04-11 13:47:49,369 - INFO - Sending local model
2023-04-11 13:47:49,371 - INFO - Listening on port 6004
2023-04-11 13:47:49,420 - DEBUG - Recieved data of type: pickle
2023-04-11 13:47:49,420 - INFO - I am client4
2023-04-11 13:47:49,421 - INFO - Receiving new global model
2023-04-11 13:47:49,532 - INFO - Training loss: 0.70497
2023-04-11 13:47:49,533 - INFO - Testing accuracy: 96.17%
2023-04-11 13:47:49,533 - INFO - Local training..
2023-04-11 13:47:51,868 - INFO - Sending new local model
2023-04-11 13:47:51,869 - INFO - Trying to connect to server on port 6000
2023-04-11 13:47:51,870 - INFO - Sending local model
2023-04-11 13:47:51,872 - INFO - Listening on port 6004
2023-04-11 13:47:51,885 - DEBUG - Recieved data of type: pickle
2023-04-11 13:47:51,886 - INFO - I am client4
2023-04-11 13:47:51,890 - INFO - Receiving new global model
2023-04-11 13:47:51,977 - INFO - Training loss: 0.92350
2023-04-11 13:47:51,978 - INFO - Testing accuracy: 93.38%
2023-04-11 13:47:51,980 - INFO - Local training..
2023-04-11 13:47:54,141 - INFO - Sending new local model
2023-04-11 13:47:54,142 - INFO - Trying to connect to server on port 6000
2023-04-11 13:47:54,143 - INFO - Sending local model
2023-04-11 13:47:54,146 - INFO - Listening on port 6004
2023-04-11 13:47:54,190 - DEBUG - Recieved data of type: pickle
2023-04-11 13:47:54,190 - INFO - I am client4
2023-04-11 13:47:54,190 - INFO - Receiving new global model
2023-04-11 13:47:54,283 - INFO - Training loss: 1.65259
2023-04-11 13:47:54,284 - INFO - Testing accuracy: 79.99%
2023-04-11 13:47:54,286 - INFO - Local training..
2023-04-11 13:47:56,508 - INFO - Sending new local model
2023-04-11 13:47:56,509 - INFO - Trying to connect to server on port 6000
2023-04-11 13:47:56,510 - INFO - Sending local model
2023-04-11 13:47:56,512 - INFO - Listening on port 6004
2023-04-11 13:47:56,559 - DEBUG - Recieved data of type: pickle
2023-04-11 13:47:56,559 - INFO - I am client4
2023-04-11 13:47:56,560 - INFO - Receiving new global model
2023-04-11 13:47:56,661 - INFO - Training loss: 1.32069
2023-04-11 13:47:56,663 - INFO - Testing accuracy: 94.63%
2023-04-11 13:47:56,663 - INFO - Local training..
2023-04-11 13:47:59,052 - INFO - Sending new local model
2023-04-11 13:47:59,053 - INFO - Trying to connect to server on port 6000
2023-04-11 13:47:59,054 - INFO - Sending local model
2023-04-11 13:47:59,057 - INFO - Listening on port 6004
2023-04-11 13:47:59,113 - DEBUG - Recieved data of type: pickle
2023-04-11 13:47:59,114 - INFO - I am client4
2023-04-11 13:47:59,115 - INFO - Receiving new global model
2023-04-11 13:47:59,327 - INFO - Training loss: 1.04199
2023-04-11 13:47:59,330 - INFO - Testing accuracy: 91.83%
2023-04-11 13:47:59,333 - INFO - Local training..
2023-04-11 13:48:02,189 - INFO - Sending new local model
2023-04-11 13:48:02,189 - INFO - Trying to connect to server on port 6000
2023-04-11 13:48:02,190 - INFO - Sending local model
2023-04-11 13:48:02,193 - INFO - Listening on port 6004
2023-04-11 13:48:02,259 - DEBUG - Recieved data of type: pickle
2023-04-11 13:48:02,259 - INFO - I am client4
2023-04-11 13:48:02,261 - INFO - Receiving new global model
2023-04-11 13:48:02,455 - INFO - Training loss: 0.99365
2023-04-11 13:48:02,456 - INFO - Testing accuracy: 91.46%
2023-04-11 13:48:02,456 - INFO - Local training..
2023-04-11 13:48:05,398 - INFO - Sending new local model
2023-04-11 13:48:05,402 - INFO - Trying to connect to server on port 6000
2023-04-11 13:48:05,404 - INFO - Sending local model
2023-04-11 13:48:05,408 - INFO - Listening on port 6004
2023-04-11 13:48:05,442 - DEBUG - Recieved data of type: pickle
2023-04-11 13:48:05,444 - INFO - I am client4
2023-04-11 13:48:05,446 - INFO - Receiving new global model
2023-04-11 13:48:05,550 - INFO - Training loss: 0.70473
2023-04-11 13:48:05,551 - INFO - Testing accuracy: 96.17%
2023-04-11 13:48:05,552 - INFO - Local training..
2023-04-11 13:48:07,708 - INFO - Sending new local model
2023-04-11 13:48:07,708 - INFO - Trying to connect to server on port 6000
2023-04-11 13:48:07,712 - INFO - Sending local model
2023-04-11 13:48:07,714 - INFO - Listening on port 6004
2023-04-11 13:48:07,741 - DEBUG - Recieved data of type: pickle
2023-04-11 13:48:07,741 - INFO - I am client4
2023-04-11 13:48:07,743 - INFO - Receiving new global model
2023-04-11 13:48:07,822 - INFO - Training loss: 1.22481
2023-04-11 13:48:07,823 - INFO - Testing accuracy: 84.33%
2023-04-11 13:48:07,823 - INFO - Local training..
2023-04-11 13:48:10,072 - INFO - Sending new local model
2023-04-11 13:48:10,074 - INFO - Trying to connect to server on port 6000
2023-04-11 13:48:10,075 - INFO - Sending local model
2023-04-11 13:48:10,077 - INFO - Listening on port 6004
2023-04-11 13:48:10,107 - DEBUG - Recieved data of type: pickle
2023-04-11 13:48:10,108 - INFO - I am client4
2023-04-11 13:48:10,108 - INFO - Receiving new global model
2023-04-11 13:48:10,189 - INFO - Training loss: 1.28944
2023-04-11 13:48:10,193 - INFO - Testing accuracy: 93.16%
2023-04-11 13:48:10,193 - INFO - Local training..
2023-04-11 13:48:12,758 - INFO - Sending new local model
2023-04-11 13:48:12,762 - INFO - Trying to connect to server on port 6000
2023-04-11 13:48:12,764 - INFO - Sending local model
2023-04-11 13:48:12,766 - INFO - Listening on port 6004
2023-04-11 13:48:12,829 - DEBUG - Recieved data of type: pickle
2023-04-11 13:48:12,829 - INFO - I am client4
2023-04-11 13:48:12,830 - INFO - Receiving new global model
2023-04-11 13:48:12,922 - INFO - Training loss: 1.30547
2023-04-11 13:48:12,922 - INFO - Testing accuracy: 93.45%
2023-04-11 13:48:12,927 - INFO - Local training..
2023-04-11 13:48:15,141 - INFO - Sending new local model
2023-04-11 13:48:15,142 - INFO - Trying to connect to server on port 6000
2023-04-11 13:48:15,143 - INFO - Sending local model
2023-04-11 13:48:15,145 - INFO - Listening on port 6004
2023-04-11 13:48:15,185 - DEBUG - Recieved data of type: pickle
2023-04-11 13:48:15,186 - INFO - I am client4
2023-04-11 13:48:15,186 - INFO - Receiving new global model
2023-04-11 13:48:15,433 - INFO - Training loss: 0.96157
2023-04-11 13:48:15,435 - INFO - Testing accuracy: 94.78%
2023-04-11 13:48:15,438 - INFO - Local training..
2023-04-11 13:48:17,733 - INFO - Sending new local model
2023-04-11 13:48:17,734 - INFO - Trying to connect to server on port 6000
2023-04-11 13:48:17,736 - INFO - Sending local model
2023-04-11 13:48:17,739 - INFO - Listening on port 6004
2023-04-11 13:48:17,796 - DEBUG - Recieved data of type: pickle
2023-04-11 13:48:17,797 - INFO - I am client4
2023-04-11 13:48:17,797 - INFO - Receiving new global model
2023-04-11 13:48:17,905 - INFO - Training loss: 1.73390
2023-04-11 13:48:17,908 - INFO - Testing accuracy: 56.51%
2023-04-11 13:48:17,909 - INFO - Local training..
2023-04-11 13:48:20,154 - INFO - Sending new local model
2023-04-11 13:48:20,156 - INFO - Trying to connect to server on port 6000
2023-04-11 13:48:20,157 - INFO - Sending local model
2023-04-11 13:48:20,159 - INFO - Listening on port 6004
2023-04-11 13:48:20,215 - DEBUG - Recieved data of type: pickle
2023-04-11 13:48:20,216 - INFO - I am client4
2023-04-11 13:48:20,216 - INFO - Receiving new global model
2023-04-11 13:48:20,336 - INFO - Training loss: 1.43125
2023-04-11 13:48:20,338 - INFO - Testing accuracy: 78.44%
2023-04-11 13:48:20,341 - INFO - Local training..
2023-04-11 13:48:22,954 - INFO - Sending new local model
2023-04-11 13:48:22,956 - INFO - Trying to connect to server on port 6000
2023-04-11 13:48:22,957 - INFO - Sending local model
2023-04-11 13:48:22,960 - INFO - Listening on port 6004
2023-04-11 13:48:22,995 - DEBUG - Recieved data of type: pickle
2023-04-11 13:48:22,995 - INFO - I am client4
2023-04-11 13:48:22,996 - INFO - Receiving new global model
2023-04-11 13:48:23,101 - INFO - Training loss: 0.73525
2023-04-11 13:48:23,102 - INFO - Testing accuracy: 95.81%
2023-04-11 13:48:23,103 - INFO - Local training..
2023-04-11 13:48:25,265 - INFO - Sending new local model
2023-04-11 13:48:25,266 - INFO - Trying to connect to server on port 6000
2023-04-11 13:48:25,268 - INFO - Sending local model
2023-04-11 13:48:25,270 - INFO - Listening on port 6004
2023-04-11 13:48:25,300 - DEBUG - Recieved data of type: pickle
2023-04-11 13:48:25,300 - INFO - I am client4
2023-04-11 13:48:25,301 - INFO - Receiving new global model
2023-04-11 13:48:25,383 - INFO - Training loss: 1.61701
2023-04-11 13:48:25,383 - INFO - Testing accuracy: 74.25%
2023-04-11 13:48:25,383 - INFO - Local training..
2023-04-11 13:48:27,525 - INFO - Sending new local model
2023-04-11 13:48:27,526 - INFO - Trying to connect to server on port 6000
2023-04-11 13:48:27,527 - INFO - Sending local model
2023-04-11 13:48:27,529 - INFO - Listening on port 6004
2023-04-11 13:48:27,562 - DEBUG - Recieved data of type: pickle
2023-04-11 13:48:27,562 - INFO - I am client4
2023-04-11 13:48:27,563 - INFO - Receiving new global model
2023-04-11 13:48:27,654 - INFO - Training loss: 1.84423
2023-04-11 13:48:27,658 - INFO - Testing accuracy: 51.73%
2023-04-11 13:48:27,658 - INFO - Local training..
2023-04-11 13:48:29,861 - INFO - Sending new local model
2023-04-11 13:48:29,863 - INFO - Trying to connect to server on port 6000
2023-04-11 13:48:29,864 - INFO - Sending local model
2023-04-11 13:48:29,866 - INFO - Listening on port 6004
2023-04-11 13:48:29,903 - DEBUG - Recieved data of type: pickle
2023-04-11 13:48:29,903 - INFO - I am client4
2023-04-11 13:48:29,904 - INFO - Receiving new global model
2023-04-11 13:48:30,163 - INFO - Training loss: 1.11323
2023-04-11 13:48:30,164 - INFO - Testing accuracy: 90.36%
2023-04-11 13:48:30,165 - INFO - Local training..
2023-04-11 13:48:32,280 - INFO - Sending new local model
2023-04-11 13:48:32,281 - INFO - Trying to connect to server on port 6000
2023-04-11 13:48:32,282 - INFO - Sending local model
2023-04-11 13:48:32,285 - INFO - Listening on port 6004
2023-04-11 13:48:32,298 - DEBUG - Recieved data of type: pickle
2023-04-11 13:48:32,299 - INFO - I am client4
2023-04-11 13:48:32,299 - INFO - Receiving new global model
2023-04-11 13:48:32,486 - INFO - Training loss: 1.00604
2023-04-11 13:48:32,487 - INFO - Testing accuracy: 91.10%
2023-04-11 13:48:32,488 - INFO - Local training..
2023-04-11 13:48:34,683 - INFO - Sending new local model
2023-04-11 13:48:34,685 - INFO - Trying to connect to server on port 6000
2023-04-11 13:48:34,686 - INFO - Sending local model
2023-04-11 13:48:34,688 - INFO - Listening on port 6004
2023-04-11 13:48:34,725 - DEBUG - Recieved data of type: pickle
2023-04-11 13:48:34,725 - INFO - I am client4
2023-04-11 13:48:34,726 - INFO - Receiving new global model
2023-04-11 13:48:34,821 - INFO - Training loss: 1.20928
2023-04-11 13:48:34,824 - INFO - Testing accuracy: 95.22%
2023-04-11 13:48:34,827 - INFO - Local training..
2023-04-11 13:48:37,097 - INFO - Sending new local model
2023-04-11 13:48:37,098 - INFO - Trying to connect to server on port 6000
2023-04-11 13:48:37,099 - INFO - Sending local model
2023-04-11 13:48:37,101 - INFO - Listening on port 6004
2023-04-11 13:48:37,151 - DEBUG - Recieved data of type: pickle
2023-04-11 13:48:37,151 - INFO - I am client4
2023-04-11 13:48:37,152 - INFO - Receiving new global model
2023-04-11 13:48:37,264 - INFO - Training loss: 1.35808
2023-04-11 13:48:37,265 - INFO - Testing accuracy: 78.00%
2023-04-11 13:48:37,266 - INFO - Local training..
2023-04-11 13:48:39,503 - INFO - Sending new local model
2023-04-11 13:48:39,504 - INFO - Trying to connect to server on port 6000
2023-04-11 13:48:39,505 - INFO - Sending local model
2023-04-11 13:48:39,508 - INFO - Listening on port 6004
2023-04-11 13:48:39,540 - DEBUG - Recieved data of type: pickle
2023-04-11 13:48:39,540 - INFO - I am client4
2023-04-11 13:48:39,541 - INFO - Receiving new global model
2023-04-11 13:48:39,620 - INFO - Training loss: 1.27225
2023-04-11 13:48:39,620 - INFO - Testing accuracy: 93.75%
2023-04-11 13:48:39,621 - INFO - Local training..
2023-04-11 13:48:41,896 - INFO - Sending new local model
2023-04-11 13:48:41,898 - INFO - Trying to connect to server on port 6000
2023-04-11 13:48:41,900 - INFO - Sending local model
2023-04-11 13:48:41,904 - INFO - Listening on port 6004
2023-04-11 13:48:41,956 - DEBUG - Recieved data of type: pickle
2023-04-11 13:48:41,957 - INFO - I am client4
2023-04-11 13:48:41,957 - INFO - Receiving new global model
2023-04-11 13:48:42,033 - INFO - Training loss: 1.84360
2023-04-11 13:48:42,037 - INFO - Testing accuracy: 45.70%
2023-04-11 13:48:42,038 - INFO - Local training..
2023-04-11 13:48:44,276 - INFO - Sending new local model
2023-04-11 13:48:44,279 - INFO - Trying to connect to server on port 6000
2023-04-11 13:48:44,280 - INFO - Sending local model
2023-04-11 13:48:44,282 - INFO - Listening on port 6004
2023-04-11 13:48:44,360 - DEBUG - Recieved data of type: pickle
2023-04-11 13:48:44,361 - INFO - I am client4
2023-04-11 13:48:44,361 - INFO - Receiving new global model
2023-04-11 13:48:44,444 - INFO - Training loss: 1.33262
2023-04-11 13:48:44,445 - INFO - Testing accuracy: 92.27%
2023-04-11 13:48:44,447 - INFO - Local training..
2023-04-11 13:48:46,949 - INFO - Sending new local model
2023-04-11 13:48:46,950 - INFO - Trying to connect to server on port 6000
2023-04-11 13:48:46,951 - INFO - Sending local model
2023-04-11 13:48:46,953 - INFO - Listening on port 6004
2023-04-11 13:48:47,064 - DEBUG - Recieved data of type: pickle
2023-04-11 13:48:47,065 - INFO - I am client4
2023-04-11 13:48:47,066 - INFO - Receiving new global model
2023-04-11 13:48:47,378 - INFO - Training loss: 1.77682
2023-04-11 13:48:47,379 - INFO - Testing accuracy: 67.77%
2023-04-11 13:48:47,380 - INFO - Local training..
2023-04-11 13:48:49,478 - INFO - Sending new local model
2023-04-11 13:48:49,480 - INFO - Trying to connect to server on port 6000
2023-04-11 13:48:49,482 - INFO - Sending local model
2023-04-11 13:48:49,485 - INFO - Listening on port 6004
2023-04-11 13:48:49,509 - DEBUG - Recieved data of type: pickle
2023-04-11 13:48:49,510 - INFO - I am client4
2023-04-11 13:48:49,511 - INFO - Receiving new global model
2023-04-11 13:48:49,605 - INFO - Training loss: 1.91194
2023-04-11 13:48:49,606 - INFO - Testing accuracy: 45.84%
2023-04-11 13:48:49,606 - INFO - Local training..
2023-04-11 13:48:51,824 - INFO - Sending new local model
2023-04-11 13:48:51,825 - INFO - Trying to connect to server on port 6000
2023-04-11 13:48:51,827 - INFO - Sending local model
2023-04-11 13:48:51,831 - INFO - Listening on port 6004
2023-04-11 13:48:51,910 - DEBUG - Recieved data of type: pickle
2023-04-11 13:48:51,911 - INFO - I am client4
2023-04-11 13:48:51,911 - INFO - Receiving new global model
2023-04-11 13:48:52,032 - INFO - Training loss: 2.05631
2023-04-11 13:48:52,032 - INFO - Testing accuracy: 28.40%
2023-04-11 13:48:52,032 - INFO - Local training..
2023-04-11 13:48:55,058 - INFO - Sending new local model
2023-04-11 13:48:55,062 - INFO - Trying to connect to server on port 6000
2023-04-11 13:48:55,063 - INFO - Sending local model
2023-04-11 13:48:55,065 - INFO - Listening on port 6004
2023-04-11 13:48:55,100 - DEBUG - Recieved data of type: pickle
2023-04-11 13:48:55,101 - INFO - I am client4
2023-04-11 13:48:55,102 - INFO - Receiving new global model
2023-04-11 13:48:55,232 - INFO - Training loss: 1.35997
2023-04-11 13:48:55,237 - INFO - Testing accuracy: 93.60%
2023-04-11 13:48:55,238 - INFO - Local training..
2023-04-11 13:48:57,520 - INFO - Sending new local model
2023-04-11 13:48:57,520 - INFO - Trying to connect to server on port 6000
2023-04-11 13:48:57,524 - INFO - Sending local model
2023-04-11 13:48:57,527 - INFO - Listening on port 6004
2023-04-11 13:48:57,585 - DEBUG - Recieved data of type: pickle
2023-04-11 13:48:57,585 - INFO - I am client4
2023-04-11 13:48:57,586 - INFO - Receiving new global model
2023-04-11 13:48:57,692 - INFO - Training loss: 1.05287
2023-04-11 13:48:57,693 - INFO - Testing accuracy: 91.24%
2023-04-11 13:48:57,694 - INFO - Local training..
2023-04-11 13:49:00,277 - INFO - Sending new local model
2023-04-11 13:49:00,279 - INFO - Trying to connect to server on port 6000
2023-04-11 13:49:00,281 - INFO - Sending local model
2023-04-11 13:49:00,284 - INFO - Listening on port 6004
2023-04-11 13:49:00,316 - DEBUG - Recieved data of type: pickle
2023-04-11 13:49:00,316 - INFO - I am client4
2023-04-11 13:49:00,318 - INFO - Receiving new global model
2023-04-11 13:49:00,439 - INFO - Training loss: 0.95389
2023-04-11 13:49:00,442 - INFO - Testing accuracy: 95.66%
2023-04-11 13:49:00,443 - INFO - Local training..
2023-04-11 13:49:02,766 - INFO - Sending new local model
2023-04-11 13:49:02,767 - INFO - Trying to connect to server on port 6000
2023-04-11 13:49:02,768 - INFO - Sending local model
2023-04-11 13:49:02,770 - INFO - Listening on port 6004
2023-04-11 13:49:02,848 - DEBUG - Recieved data of type: pickle
2023-04-11 13:49:02,848 - INFO - I am client4
2023-04-11 13:49:02,851 - INFO - Receiving new global model
2023-04-11 13:49:03,158 - INFO - Training loss: 0.70138
2023-04-11 13:49:03,158 - INFO - Testing accuracy: 96.32%
2023-04-11 13:49:03,162 - INFO - Local training..
2023-04-11 13:49:05,320 - INFO - Sending new local model
2023-04-11 13:49:05,321 - INFO - Trying to connect to server on port 6000
2023-04-11 13:49:05,322 - INFO - Sending local model
2023-04-11 13:49:05,324 - INFO - Listening on port 6004
2023-04-11 13:49:05,339 - DEBUG - Recieved data of type: pickle
2023-04-11 13:49:05,341 - INFO - I am client4
2023-04-11 13:49:05,343 - INFO - Receiving new global model
2023-04-11 13:49:05,441 - INFO - Training loss: 1.15022
2023-04-11 13:49:05,442 - INFO - Testing accuracy: 95.81%
2023-04-11 13:49:05,444 - INFO - Local training..
2023-04-11 13:49:07,666 - INFO - Sending new local model
2023-04-11 13:49:07,667 - INFO - Trying to connect to server on port 6000
2023-04-11 13:49:07,669 - INFO - Sending local model
2023-04-11 13:49:07,671 - INFO - Listening on port 6004
2023-04-11 13:49:07,732 - DEBUG - Recieved data of type: pickle
2023-04-11 13:49:07,732 - INFO - I am client4
2023-04-11 13:49:07,733 - INFO - Receiving new global model
2023-04-11 13:49:07,833 - INFO - Training loss: 1.34720
2023-04-11 13:49:07,837 - INFO - Testing accuracy: 78.15%
2023-04-11 13:49:07,837 - INFO - Local training..
2023-04-11 13:49:10,389 - INFO - Sending new local model
2023-04-11 13:49:10,390 - INFO - Trying to connect to server on port 6000
2023-04-11 13:49:10,392 - INFO - Sending local model
2023-04-11 13:49:10,396 - INFO - Listening on port 6004
2023-04-11 13:49:10,447 - DEBUG - Recieved data of type: pickle
2023-04-11 13:49:10,447 - INFO - I am client4
2023-04-11 13:49:10,448 - INFO - Receiving new global model
2023-04-11 13:49:10,559 - INFO - Training loss: 0.73643
2023-04-11 13:49:10,560 - INFO - Testing accuracy: 95.66%
2023-04-11 13:49:10,561 - INFO - Local training..
2023-04-11 13:49:12,942 - INFO - Sending new local model
2023-04-11 13:49:12,943 - INFO - Trying to connect to server on port 6000
2023-04-11 13:49:12,945 - INFO - Sending local model
2023-04-11 13:49:12,948 - INFO - Listening on port 6004
2023-04-11 13:49:12,974 - DEBUG - Recieved data of type: pickle
2023-04-11 13:49:12,974 - INFO - I am client4
2023-04-11 13:49:12,975 - INFO - Receiving new global model
2023-04-11 13:49:13,058 - INFO - Training loss: 0.91965
2023-04-11 13:49:13,058 - INFO - Testing accuracy: 96.25%
2023-04-11 13:49:13,058 - INFO - Local training..
2023-04-11 13:49:15,387 - INFO - Sending new local model
2023-04-11 13:49:15,389 - INFO - Trying to connect to server on port 6000
2023-04-11 13:49:15,391 - INFO - Sending local model
2023-04-11 13:49:15,393 - INFO - Listening on port 6004
2023-04-11 13:49:15,458 - DEBUG - Recieved data of type: pickle
2023-04-11 13:49:15,458 - INFO - I am client4
2023-04-11 13:49:15,459 - INFO - Receiving new global model
2023-04-11 13:49:15,535 - INFO - Training loss: 0.92535
2023-04-11 13:49:15,537 - INFO - Testing accuracy: 94.92%
2023-04-11 13:49:15,537 - INFO - Local training..
2023-04-11 13:49:17,765 - INFO - Sending new local model
2023-04-11 13:49:17,766 - INFO - Trying to connect to server on port 6000
2023-04-11 13:49:17,767 - INFO - Sending local model
2023-04-11 13:49:17,770 - INFO - Listening on port 6004
2023-04-11 13:49:17,865 - DEBUG - Recieved data of type: pickle
2023-04-11 13:49:17,866 - INFO - I am client4
2023-04-11 13:49:17,867 - INFO - Receiving new global model
2023-04-11 13:49:18,120 - INFO - Training loss: 1.73466
2023-04-11 13:49:18,120 - INFO - Testing accuracy: 59.97%
2023-04-11 13:49:18,120 - INFO - Local training..
2023-04-11 13:49:20,205 - INFO - Sending new local model
2023-04-11 13:49:20,206 - INFO - Trying to connect to server on port 6000
2023-04-11 13:49:20,208 - INFO - Sending local model
2023-04-11 13:49:20,212 - INFO - Listening on port 6004
2023-04-11 13:49:20,226 - DEBUG - Recieved data of type: pickle
2023-04-11 13:49:20,226 - INFO - I am client4
2023-04-11 13:49:20,227 - INFO - Receiving new global model
2023-04-11 13:49:20,316 - INFO - Training loss: 0.72476
2023-04-11 13:49:20,318 - INFO - Testing accuracy: 96.10%
2023-04-11 13:49:20,318 - INFO - Local training..
2023-04-11 13:49:22,472 - INFO - Sending new local model
2023-04-11 13:49:22,474 - INFO - Trying to connect to server on port 6000
2023-04-11 13:49:22,475 - INFO - Sending local model
2023-04-11 13:49:22,478 - INFO - Listening on port 6004
2023-04-11 13:49:22,497 - DEBUG - Recieved data of type: pickle
2023-04-11 13:49:22,497 - INFO - I am client4
2023-04-11 13:49:22,498 - INFO - Receiving new global model
2023-04-11 13:49:22,597 - INFO - Training loss: 1.61427
2023-04-11 13:49:22,598 - INFO - Testing accuracy: 74.10%
2023-04-11 13:49:22,598 - INFO - Local training..
2023-04-11 13:49:24,824 - INFO - Sending new local model
2023-04-11 13:49:24,824 - INFO - Trying to connect to server on port 6000
2023-04-11 13:49:24,829 - INFO - Sending local model
2023-04-11 13:49:24,831 - INFO - Listening on port 6004
2023-04-11 13:49:24,863 - DEBUG - Recieved data of type: pickle
2023-04-11 13:49:24,863 - INFO - I am client4
2023-04-11 13:49:24,865 - INFO - Receiving new global model
2023-04-11 13:49:24,944 - INFO - Training loss: 1.42874
2023-04-11 13:49:24,948 - INFO - Testing accuracy: 74.39%
2023-04-11 13:49:24,950 - INFO - Local training..
2023-04-11 13:49:27,416 - INFO - Sending new local model
2023-04-11 13:49:27,419 - INFO - Trying to connect to server on port 6000
2023-04-11 13:49:27,420 - INFO - Sending local model
2023-04-11 13:49:27,422 - INFO - Listening on port 6004
2023-04-11 13:49:27,445 - DEBUG - Recieved data of type: pickle
2023-04-11 13:49:27,445 - INFO - I am client4
2023-04-11 13:49:27,446 - INFO - Receiving new global model
2023-04-11 13:49:27,554 - INFO - Training loss: 1.05864
2023-04-11 13:49:27,556 - INFO - Testing accuracy: 90.29%
2023-04-11 13:49:27,557 - INFO - Local training..
2023-04-11 13:49:30,127 - INFO - Sending new local model
2023-04-11 13:49:30,130 - INFO - Trying to connect to server on port 6000
2023-04-11 13:49:30,133 - INFO - Sending local model
2023-04-11 13:49:30,136 - INFO - Listening on port 6004
2023-04-11 13:49:30,198 - DEBUG - Recieved data of type: pickle
2023-04-11 13:49:30,198 - INFO - I am client4
2023-04-11 13:49:30,200 - INFO - Receiving new global model
2023-04-11 13:49:30,335 - INFO - Training loss: 1.74398
2023-04-11 13:49:30,335 - INFO - Testing accuracy: 53.42%
2023-04-11 13:49:30,335 - INFO - Local training..
2023-04-11 13:49:33,171 - INFO - Sending new local model
2023-04-11 13:49:33,172 - INFO - Trying to connect to server on port 6000
2023-04-11 13:49:33,174 - INFO - Sending local model
2023-04-11 13:49:33,177 - INFO - Listening on port 6004
2023-04-11 13:49:33,316 - DEBUG - Recieved data of type: pickle
2023-04-11 13:49:33,317 - INFO - I am client4
2023-04-11 13:49:33,318 - INFO - Receiving new global model
2023-04-11 13:49:33,569 - INFO - Training loss: 0.72139
2023-04-11 13:49:33,570 - INFO - Testing accuracy: 96.10%
2023-04-11 13:49:33,571 - INFO - Local training..
2023-04-11 13:49:36,424 - INFO - Sending new local model
2023-04-11 13:49:36,425 - INFO - Trying to connect to server on port 6000
2023-04-11 13:49:36,426 - INFO - Sending local model
2023-04-11 13:49:36,431 - INFO - Listening on port 6004
2023-04-11 13:49:36,444 - DEBUG - Recieved data of type: pickle
2023-04-11 13:49:36,445 - INFO - I am client4
2023-04-11 13:49:36,446 - INFO - Receiving new global model
2023-04-11 13:49:36,555 - INFO - Training loss: 0.70516
2023-04-11 13:49:36,555 - INFO - Testing accuracy: 96.17%
2023-04-11 13:49:36,557 - INFO - Local training..
2023-04-11 13:49:39,197 - INFO - Sending new local model
2023-04-11 13:49:39,197 - INFO - Trying to connect to server on port 6000
2023-04-11 13:49:39,199 - INFO - Sending local model
2023-04-11 13:49:39,201 - INFO - Listening on port 6004
2023-04-11 13:49:39,239 - DEBUG - Recieved data of type: pickle
2023-04-11 13:49:39,239 - INFO - I am client4
2023-04-11 13:49:39,240 - INFO - Receiving new global model
2023-04-11 13:49:39,340 - INFO - Training loss: 1.60990
2023-04-11 13:49:39,340 - INFO - Testing accuracy: 74.91%
2023-04-11 13:49:39,341 - INFO - Local training..
2023-04-11 13:49:41,285 - INFO - Sending new local model
2023-04-11 13:49:41,285 - INFO - Trying to connect to server on port 6000
2023-04-11 13:49:41,289 - INFO - Sending local model
2023-04-11 13:49:41,292 - INFO - Listening on port 6004
2023-04-11 13:49:41,369 - DEBUG - Recieved data of type: pickle
2023-04-11 13:49:41,369 - INFO - I am client4
2023-04-11 13:49:41,370 - INFO - Receiving new global model
2023-04-11 13:49:41,463 - INFO - Training loss: 1.95122
2023-04-11 13:49:41,464 - INFO - Testing accuracy: 34.58%
2023-04-11 13:49:41,464 - INFO - Local training..
2023-04-11 13:49:43,770 - INFO - Sending new local model
2023-04-11 13:49:43,772 - INFO - Trying to connect to server on port 6000
2023-04-11 13:49:43,774 - INFO - Sending local model
2023-04-11 13:49:43,775 - INFO - Listening on port 6004
2023-04-11 13:49:43,813 - DEBUG - Recieved data of type: pickle
2023-04-11 13:49:43,813 - INFO - I am client4
2023-04-11 13:49:43,813 - INFO - Receiving new global model
2023-04-11 13:49:43,911 - INFO - Training loss: 1.34686
2023-04-11 13:49:43,914 - INFO - Testing accuracy: 93.67%
2023-04-11 13:49:43,916 - INFO - Local training..
2023-04-11 13:49:47,215 - INFO - Sending new local model
2023-04-11 13:49:47,216 - INFO - Trying to connect to server on port 6000
2023-04-11 13:49:47,216 - INFO - Sending local model
2023-04-11 13:49:47,220 - INFO - Listening on port 6004
2023-04-11 13:49:47,257 - DEBUG - Recieved data of type: pickle
2023-04-11 13:49:47,258 - INFO - I am client4
2023-04-11 13:49:47,258 - INFO - Receiving new global model
2023-04-11 13:49:47,409 - INFO - Training loss: 1.05048
2023-04-11 13:49:47,409 - INFO - Testing accuracy: 91.46%
2023-04-11 13:49:47,409 - INFO - Local training..
2023-04-11 13:49:49,388 - INFO - Sending new local model
2023-04-11 13:49:49,388 - INFO - Trying to connect to server on port 6000
2023-04-11 13:49:49,392 - INFO - Sending local model
2023-04-11 13:49:49,392 - INFO - Listening on port 6004
2023-04-11 13:49:49,414 - DEBUG - Recieved data of type: pickle
2023-04-11 13:49:49,414 - INFO - I am client4
2023-04-11 13:49:49,415 - INFO - Receiving new global model
2023-04-11 13:49:49,509 - INFO - Training loss: 1.76363
2023-04-11 13:49:49,509 - INFO - Testing accuracy: 55.41%
2023-04-11 13:49:49,515 - INFO - Local training..
2023-04-11 13:49:51,493 - INFO - Sending new local model
2023-04-11 13:49:51,493 - INFO - Trying to connect to server on port 6000
2023-04-11 13:49:51,496 - INFO - Sending local model
2023-04-11 13:49:51,498 - INFO - Listening on port 6004
2023-04-11 13:49:51,598 - DEBUG - Recieved data of type: pickle
2023-04-11 13:49:51,598 - INFO - I am client4
2023-04-11 13:49:51,598 - INFO - Receiving new global model
2023-04-11 13:49:51,817 - INFO - Training loss: 1.32345
2023-04-11 13:49:51,818 - INFO - Testing accuracy: 94.11%
2023-04-11 13:49:51,820 - INFO - Local training..
2023-04-11 13:49:54,040 - INFO - Sending new local model
2023-04-11 13:49:54,044 - INFO - Trying to connect to server on port 6000
2023-04-11 13:49:54,045 - INFO - Sending local model
2023-04-11 13:49:54,049 - INFO - Listening on port 6004
2023-04-11 13:49:54,058 - DEBUG - Recieved data of type: pickle
2023-04-11 13:49:54,058 - INFO - I am client4
2023-04-11 13:49:54,058 - INFO - Receiving new global model
2023-04-11 13:49:54,177 - INFO - Training loss: 0.97224
2023-04-11 13:49:54,177 - INFO - Testing accuracy: 94.55%
2023-04-11 13:49:54,181 - INFO - Local training..
2023-04-11 13:49:56,247 - INFO - Sending new local model
2023-04-11 13:49:56,251 - INFO - Trying to connect to server on port 6000
2023-04-11 13:49:56,251 - INFO - Sending local model
2023-04-11 13:49:56,251 - INFO - Listening on port 6004
2023-04-11 13:49:56,276 - DEBUG - Recieved data of type: pickle
2023-04-11 13:49:56,276 - INFO - I am client4
2023-04-11 13:49:56,279 - INFO - Receiving new global model
2023-04-11 13:49:56,401 - INFO - Training loss: 0.95442
2023-04-11 13:49:56,427 - INFO - Testing accuracy: 95.66%
2023-04-11 13:49:56,427 - INFO - Local training..
2023-04-11 13:49:58,177 - INFO - Sending new local model
2023-04-11 13:49:58,181 - INFO - Trying to connect to server on port 6000
2023-04-11 13:49:58,183 - INFO - Sending local model
2023-04-11 13:49:58,184 - INFO - Listening on port 6004
2023-04-11 13:49:58,224 - DEBUG - Recieved data of type: pickle
2023-04-11 13:49:58,224 - INFO - I am client4
2023-04-11 13:49:58,224 - INFO - Receiving new global model
2023-04-11 13:49:58,299 - INFO - Training loss: 1.69185
2023-04-11 13:49:58,303 - INFO - Testing accuracy: 77.12%
2023-04-11 13:49:58,304 - INFO - Local training..
2023-04-11 13:50:00,026 - INFO - Sending new local model
2023-04-11 13:50:00,031 - INFO - Trying to connect to server on port 6000
2023-04-11 13:50:00,032 - INFO - Sending local model
2023-04-11 13:50:00,034 - INFO - Listening on port 6004
2023-04-11 13:50:00,070 - DEBUG - Recieved data of type: pickle
2023-04-11 13:50:00,070 - INFO - I am client4
2023-04-11 13:50:00,070 - INFO - Receiving new global model
2023-04-11 13:50:00,155 - INFO - Training loss: 1.09237
2023-04-11 13:50:00,156 - INFO - Testing accuracy: 90.80%
2023-04-11 13:50:00,157 - INFO - Local training..
2023-04-11 13:50:01,883 - INFO - Sending new local model
2023-04-11 13:50:01,885 - INFO - Trying to connect to server on port 6000
2023-04-11 13:50:01,885 - INFO - Sending local model
2023-04-11 13:50:01,885 - INFO - Listening on port 6004
2023-04-11 13:50:01,919 - DEBUG - Recieved data of type: pickle
2023-04-11 13:50:01,919 - INFO - I am client4
2023-04-11 13:50:01,923 - INFO - Receiving new global model
2023-04-11 13:50:02,011 - INFO - Training loss: 1.31389
2023-04-11 13:50:02,011 - INFO - Testing accuracy: 82.93%
2023-04-11 13:50:02,011 - INFO - Local training..
2023-04-11 13:50:03,716 - INFO - Sending new local model
2023-04-11 13:50:03,717 - INFO - Trying to connect to server on port 6000
2023-04-11 13:50:03,719 - INFO - Sending local model
2023-04-11 13:50:03,721 - INFO - Listening on port 6004
2023-04-11 13:50:03,838 - DEBUG - Recieved data of type: pickle
2023-04-11 13:50:03,838 - INFO - I am client4
2023-04-11 13:50:03,838 - INFO - Receiving new global model
2023-04-11 13:50:04,039 - INFO - Training loss: 1.29657
2023-04-11 13:50:04,039 - INFO - Testing accuracy: 93.30%
2023-04-11 13:50:04,039 - INFO - Local training..
2023-04-11 13:50:05,798 - INFO - Sending new local model
2023-04-11 13:50:05,799 - INFO - Trying to connect to server on port 6000
2023-04-11 13:50:05,801 - INFO - Sending local model
2023-04-11 13:50:05,803 - INFO - Listening on port 6004
2023-04-11 13:50:05,814 - DEBUG - Recieved data of type: pickle
2023-04-11 13:50:05,815 - INFO - I am client4
2023-04-11 13:50:05,816 - INFO - Receiving new global model
2023-04-11 13:50:05,910 - INFO - Training loss: 0.97612
2023-04-11 13:50:05,913 - INFO - Testing accuracy: 95.88%
2023-04-11 13:50:05,917 - INFO - Local training..
2023-04-11 13:50:07,616 - INFO - Sending new local model
2023-04-11 13:50:07,617 - INFO - Trying to connect to server on port 6000
2023-04-11 13:50:07,617 - INFO - Sending local model
2023-04-11 13:50:07,621 - INFO - Listening on port 6004
2023-04-11 13:50:07,659 - DEBUG - Recieved data of type: pickle
2023-04-11 13:50:07,659 - INFO - I am client4
2023-04-11 13:50:07,659 - INFO - Receiving new global model
2023-04-11 13:50:07,749 - INFO - Training loss: 0.98167
2023-04-11 13:50:07,749 - INFO - Testing accuracy: 92.79%
2023-04-11 13:50:07,754 - INFO - Local training..
2023-04-11 13:50:09,456 - INFO - Sending new local model
2023-04-11 13:50:09,456 - INFO - Trying to connect to server on port 6000
2023-04-11 13:50:09,460 - INFO - Sending local model
2023-04-11 13:50:09,462 - INFO - Listening on port 6004
2023-04-11 13:50:09,500 - DEBUG - Recieved data of type: pickle
2023-04-11 13:50:09,502 - INFO - I am client4
2023-04-11 13:50:09,502 - INFO - Receiving new global model
2023-04-11 13:50:09,587 - INFO - Training loss: 1.74055
2023-04-11 13:50:09,587 - INFO - Testing accuracy: 57.98%
2023-04-11 13:50:09,587 - INFO - Local training..
2023-04-11 13:50:11,292 - INFO - Sending new local model
2023-04-11 13:50:11,292 - INFO - Trying to connect to server on port 6000
2023-04-11 13:50:11,296 - INFO - Sending local model
2023-04-11 13:50:11,297 - INFO - Listening on port 6004
2023-04-11 13:50:11,332 - DEBUG - Recieved data of type: pickle
2023-04-11 13:50:11,332 - INFO - I am client4
2023-04-11 13:50:11,332 - INFO - Receiving new global model
2023-04-11 13:50:11,426 - INFO - Training loss: 1.87734
2023-04-11 13:50:11,426 - INFO - Testing accuracy: 43.71%
2023-04-11 13:50:11,426 - INFO - Local training..
2023-04-11 13:50:13,351 - INFO - Sending new local model
2023-04-11 13:50:13,352 - INFO - Trying to connect to server on port 6000
2023-04-11 13:50:13,353 - INFO - Sending local model
2023-04-11 13:50:13,355 - INFO - Listening on port 6004
2023-04-11 13:50:13,431 - DEBUG - Recieved data of type: pickle
2023-04-11 13:50:13,431 - INFO - I am client4
2023-04-11 13:50:13,434 - INFO - Receiving new global model
2023-04-11 13:50:13,550 - INFO - Training loss: 2.04625
2023-04-11 13:50:13,551 - INFO - Testing accuracy: 28.84%
2023-04-11 13:50:13,552 - INFO - Local training..
2023-04-11 13:50:15,354 - INFO - Sending new local model
2023-04-11 13:50:15,355 - INFO - Trying to connect to server on port 6000
2023-04-11 13:50:15,356 - INFO - Sending local model
2023-04-11 13:50:15,359 - INFO - Listening on port 6004
2023-04-11 13:50:15,471 - DEBUG - Recieved data of type: pickle
2023-04-11 13:50:15,474 - INFO - I am client4
2023-04-11 13:50:15,474 - INFO - Receiving new global model
2023-04-11 13:50:15,668 - INFO - Training loss: 2.12932
2023-04-11 13:50:15,668 - INFO - Testing accuracy: 21.78%
2023-04-11 13:50:15,668 - INFO - Local training..
2023-04-11 13:50:17,398 - INFO - Sending new local model
2023-04-11 13:50:17,399 - INFO - Trying to connect to server on port 6000
2023-04-11 13:50:17,401 - INFO - Sending local model
2023-04-11 13:50:17,403 - INFO - Listening on port 6004
2023-04-11 13:50:17,412 - DEBUG - Recieved data of type: pickle
2023-04-11 13:50:17,412 - INFO - I am client4
2023-04-11 13:50:17,412 - INFO - Receiving new global model
2023-04-11 13:50:17,513 - INFO - Training loss: 1.05345
2023-04-11 13:50:17,513 - INFO - Testing accuracy: 93.30%
2023-04-11 13:50:17,513 - INFO - Local training..
2023-04-11 13:50:19,223 - INFO - Sending new local model
2023-04-11 13:50:19,224 - INFO - Trying to connect to server on port 6000
2023-04-11 13:50:19,224 - INFO - Sending local model
2023-04-11 13:50:19,224 - INFO - Listening on port 6004
2023-04-11 13:50:19,264 - DEBUG - Recieved data of type: pickle
2023-04-11 13:50:19,264 - INFO - I am client4
2023-04-11 13:50:19,264 - INFO - Receiving new global model
2023-04-11 13:50:19,448 - INFO - Training loss: 1.78143
2023-04-11 13:50:19,448 - INFO - Testing accuracy: 54.01%
2023-04-11 13:50:19,448 - INFO - Local training..
2023-04-11 13:50:21,212 - INFO - Sending new local model
2023-04-11 13:50:21,216 - INFO - Trying to connect to server on port 6000
2023-04-11 13:50:21,217 - INFO - Sending local model
2023-04-11 13:50:21,219 - INFO - Listening on port 6004
2023-04-11 13:50:21,270 - DEBUG - Recieved data of type: pickle
2023-04-11 13:50:21,270 - INFO - I am client4
2023-04-11 13:50:21,270 - INFO - Receiving new global model
2023-04-11 13:50:21,358 - INFO - Training loss: 2.00676
2023-04-11 13:50:21,358 - INFO - Testing accuracy: 29.58%
2023-04-11 13:50:21,358 - INFO - Local training..
2023-04-11 13:50:23,185 - INFO - Sending new local model
2023-04-11 13:50:23,185 - INFO - Trying to connect to server on port 6000
2023-04-11 13:50:23,189 - INFO - Sending local model
2023-04-11 13:50:23,191 - INFO - Listening on port 6004
2023-04-11 13:50:23,258 - DEBUG - Recieved data of type: pickle
2023-04-11 13:50:23,260 - INFO - I am client4
2023-04-11 13:50:23,260 - INFO - Receiving new global model
2023-04-11 13:50:23,348 - INFO - Training loss: 1.01941
2023-04-11 13:50:23,348 - INFO - Testing accuracy: 95.44%
2023-04-11 13:50:23,348 - INFO - Local training..
2023-04-11 13:50:25,121 - INFO - Sending new local model
2023-04-11 13:50:25,121 - INFO - Trying to connect to server on port 6000
2023-04-11 13:50:25,122 - INFO - Sending local model
2023-04-11 13:50:25,124 - INFO - Listening on port 6004
2023-04-11 13:50:25,182 - DEBUG - Recieved data of type: pickle
2023-04-11 13:50:25,182 - INFO - I am client4
2023-04-11 13:50:25,182 - INFO - Receiving new global model
2023-04-11 13:50:25,268 - INFO - Training loss: 0.96081
2023-04-11 13:50:25,272 - INFO - Testing accuracy: 95.73%
2023-04-11 13:50:25,273 - INFO - Local training..
2023-04-11 13:50:28,530 - INFO - Sending new local model
2023-04-11 13:50:28,532 - INFO - Trying to connect to server on port 6000
2023-04-11 13:50:28,533 - INFO - Sending local model
2023-04-11 13:50:28,534 - INFO - Listening on port 6004
2023-04-11 13:50:28,551 - DEBUG - Recieved data of type: pickle
2023-04-11 13:50:28,551 - INFO - I am client4
2023-04-11 13:50:28,552 - INFO - Receiving new global model
2023-04-11 13:50:28,811 - INFO - Training loss: 0.97884
2023-04-11 13:50:28,811 - INFO - Testing accuracy: 92.79%
2023-04-11 13:50:28,811 - INFO - Local training..
2023-04-11 13:50:30,905 - INFO - Sending new local model
2023-04-11 13:50:30,905 - INFO - Trying to connect to server on port 6000
2023-04-11 13:50:30,905 - INFO - Sending local model
2023-04-11 13:50:30,909 - INFO - Listening on port 6004
2023-04-11 13:50:30,919 - DEBUG - Recieved data of type: pickle
2023-04-11 13:50:30,919 - INFO - I am client4
2023-04-11 13:50:30,919 - INFO - Receiving new global model
2023-04-11 13:50:31,024 - INFO - Training loss: 0.70328
2023-04-11 13:50:31,028 - INFO - Testing accuracy: 96.17%
2023-04-11 13:50:31,031 - INFO - Local training..
2023-04-11 13:50:34,556 - INFO - Sending new local model
2023-04-11 13:50:34,557 - INFO - Trying to connect to server on port 6000
2023-04-11 13:50:34,558 - INFO - Sending local model
2023-04-11 13:50:34,560 - INFO - Listening on port 6004
2023-04-11 13:50:34,601 - DEBUG - Recieved data of type: pickle
2023-04-11 13:50:34,602 - INFO - I am client4
2023-04-11 13:50:34,603 - INFO - Receiving new global model
2023-04-11 13:50:34,720 - INFO - Training loss: 1.55827
2023-04-11 13:50:34,723 - INFO - Testing accuracy: 71.52%
2023-04-11 13:50:34,724 - INFO - Local training..
2023-04-11 13:50:37,371 - INFO - Sending new local model
2023-04-11 13:50:37,373 - INFO - Trying to connect to server on port 6000
2023-04-11 13:50:37,374 - INFO - Sending local model
2023-04-11 13:50:37,377 - INFO - Listening on port 6004
2023-04-11 13:50:37,420 - DEBUG - Recieved data of type: pickle
2023-04-11 13:50:37,420 - INFO - I am client4
2023-04-11 13:50:37,420 - INFO - Receiving new global model
2023-04-11 13:50:37,551 - INFO - Training loss: 0.98771
2023-04-11 13:50:37,552 - INFO - Testing accuracy: 95.36%
2023-04-11 13:50:37,552 - INFO - Local training..
2023-04-11 13:50:40,458 - INFO - Sending new local model
2023-04-11 13:50:40,459 - INFO - Trying to connect to server on port 6000
2023-04-11 13:50:40,461 - INFO - Sending local model
2023-04-11 13:50:40,462 - INFO - Listening on port 6004
2023-04-11 13:50:40,517 - DEBUG - Recieved data of type: pickle
2023-04-11 13:50:40,517 - INFO - I am client4
2023-04-11 13:50:40,518 - INFO - Receiving new global model
2023-04-11 13:50:40,610 - INFO - Training loss: 1.76173
2023-04-11 13:50:40,610 - INFO - Testing accuracy: 56.66%
2023-04-11 13:50:40,610 - INFO - Local training..
2023-04-11 13:50:43,185 - INFO - Sending new local model
2023-04-11 13:50:43,186 - INFO - Trying to connect to server on port 6000
2023-04-11 13:50:43,188 - INFO - Sending local model
2023-04-11 13:50:43,190 - INFO - Listening on port 6004
2023-04-11 13:50:43,202 - DEBUG - Recieved data of type: pickle
2023-04-11 13:50:43,203 - INFO - I am client4
2023-04-11 13:50:43,203 - INFO - Receiving new global model
2023-04-11 13:50:43,307 - INFO - Training loss: 1.10234
2023-04-11 13:50:43,309 - INFO - Testing accuracy: 89.77%
2023-04-11 13:50:43,309 - INFO - Local training..
2023-04-11 13:50:45,572 - INFO - Sending new local model
2023-04-11 13:50:45,573 - INFO - Trying to connect to server on port 6000
2023-04-11 13:50:45,574 - INFO - Sending local model
2023-04-11 13:50:45,576 - INFO - Listening on port 6004
2023-04-11 13:50:45,688 - DEBUG - Recieved data of type: pickle
2023-04-11 13:50:45,689 - INFO - I am client4
2023-04-11 13:50:45,690 - INFO - Receiving new global model
2023-04-11 13:50:45,782 - INFO - Training loss: 0.94258
2023-04-11 13:50:45,783 - INFO - Testing accuracy: 94.55%
2023-04-11 13:50:45,783 - INFO - Local training..
2023-04-11 13:50:47,963 - INFO - Sending new local model
2023-04-11 13:50:47,965 - INFO - Trying to connect to server on port 6000
2023-04-11 13:50:47,966 - INFO - Sending local model
2023-04-11 13:50:47,969 - INFO - Listening on port 6004
2023-04-11 13:50:48,024 - DEBUG - Recieved data of type: pickle
2023-04-11 13:50:48,025 - INFO - I am client4
2023-04-11 13:50:48,025 - INFO - Receiving new global model
2023-04-11 13:50:48,231 - INFO - Training loss: 1.20276
2023-04-11 13:50:48,233 - INFO - Testing accuracy: 95.14%
2023-04-11 13:50:48,234 - INFO - Local training..
2023-04-11 13:50:50,310 - INFO - Sending new local model
2023-04-11 13:50:50,311 - INFO - Trying to connect to server on port 6000
2023-04-11 13:50:50,312 - INFO - Sending local model
2023-04-11 13:50:50,315 - INFO - Listening on port 6004
2023-04-11 13:50:50,327 - DEBUG - Recieved data of type: pickle
2023-04-11 13:50:50,327 - INFO - I am client4
2023-04-11 13:50:50,328 - INFO - Receiving new global model
2023-04-11 13:50:50,437 - INFO - Training loss: 0.95959
2023-04-11 13:50:50,437 - INFO - Testing accuracy: 94.55%
2023-04-11 13:50:50,440 - INFO - Local training..
2023-04-11 13:50:52,791 - INFO - Sending new local model
2023-04-11 13:50:52,792 - INFO - Trying to connect to server on port 6000
2023-04-11 13:50:52,794 - INFO - Sending local model
2023-04-11 13:50:52,797 - INFO - Listening on port 6004
2023-04-11 13:50:52,846 - DEBUG - Recieved data of type: pickle
2023-04-11 13:50:52,847 - INFO - I am client4
2023-04-11 13:50:52,849 - INFO - Receiving new global model
2023-04-11 13:50:52,995 - INFO - Training loss: 1.24486
2023-04-11 13:50:52,995 - INFO - Testing accuracy: 95.58%
2023-04-11 13:50:52,999 - INFO - Local training..
2023-04-11 13:50:55,957 - INFO - Sending new local model
2023-04-11 13:50:55,959 - INFO - Trying to connect to server on port 6000
2023-04-11 13:50:55,961 - INFO - Sending local model
2023-04-11 13:50:55,964 - INFO - Listening on port 6004
2023-04-11 13:50:56,003 - DEBUG - Recieved data of type: pickle
2023-04-11 13:50:56,003 - INFO - I am client4
2023-04-11 13:50:56,004 - INFO - Receiving new global model
2023-04-11 13:50:56,164 - INFO - Training loss: 1.75199
2023-04-11 13:50:56,165 - INFO - Testing accuracy: 70.20%
2023-04-11 13:50:56,165 - INFO - Local training..
2023-04-11 13:50:58,384 - INFO - Sending new local model
2023-04-11 13:50:58,386 - INFO - Trying to connect to server on port 6000
2023-04-11 13:50:58,386 - INFO - Sending local model
2023-04-11 13:50:58,389 - INFO - Listening on port 6004
2023-04-11 13:50:58,436 - DEBUG - Recieved data of type: pickle
2023-04-11 13:50:58,436 - INFO - I am client4
2023-04-11 13:50:58,438 - INFO - Receiving new global model
2023-04-11 13:50:58,549 - INFO - Training loss: 1.10057
2023-04-11 13:50:58,555 - INFO - Testing accuracy: 90.73%
2023-04-11 13:50:58,556 - INFO - Local training..
2023-04-11 13:51:00,929 - INFO - Sending new local model
2023-04-11 13:51:00,931 - INFO - Trying to connect to server on port 6000
2023-04-11 13:51:00,932 - INFO - Sending local model
2023-04-11 13:51:00,935 - INFO - Listening on port 6004
2023-04-11 13:51:01,045 - DEBUG - Recieved data of type: pickle
2023-04-11 13:51:01,046 - INFO - I am client4
2023-04-11 13:51:01,046 - INFO - Receiving new global model
2023-04-11 13:51:01,144 - INFO - Training loss: 0.70756
2023-04-11 13:51:01,146 - INFO - Testing accuracy: 96.10%
2023-04-11 13:51:01,146 - INFO - Local training..
2023-04-11 13:51:03,478 - INFO - Sending new local model
2023-04-11 13:51:03,479 - INFO - Trying to connect to server on port 6000
2023-04-11 13:51:03,481 - INFO - Sending local model
2023-04-11 13:51:03,483 - INFO - Listening on port 6004
2023-04-11 13:51:03,519 - DEBUG - Recieved data of type: pickle
2023-04-11 13:51:03,520 - INFO - I am client4
2023-04-11 13:51:03,520 - INFO - Receiving new global model
2023-04-11 13:51:03,767 - INFO - Training loss: 1.21682
2023-04-11 13:51:03,767 - INFO - Testing accuracy: 94.48%
2023-04-11 13:51:03,767 - INFO - Local training..
2023-04-11 13:51:05,873 - INFO - Sending new local model
2023-04-11 13:51:05,874 - INFO - Trying to connect to server on port 6000
2023-04-11 13:51:05,876 - INFO - Sending local model
2023-04-11 13:51:05,879 - INFO - Listening on port 6004
2023-04-11 13:51:05,902 - DEBUG - Recieved data of type: pickle
2023-04-11 13:51:05,902 - INFO - I am client4
2023-04-11 13:51:05,903 - INFO - Receiving new global model
2023-04-11 13:51:06,071 - INFO - Training loss: 1.36851
2023-04-11 13:51:06,072 - INFO - Testing accuracy: 75.57%
2023-04-11 13:51:06,072 - INFO - Local training..
2023-04-11 13:51:08,268 - INFO - Sending new local model
2023-04-11 13:51:08,268 - INFO - Trying to connect to server on port 6000
2023-04-11 13:51:08,273 - INFO - Sending local model
2023-04-11 13:51:08,274 - INFO - Listening on port 6004
2023-04-11 13:51:08,360 - DEBUG - Recieved data of type: pickle
2023-04-11 13:51:08,360 - INFO - I am client4
2023-04-11 13:51:08,361 - INFO - Receiving new global model
2023-04-11 13:51:08,449 - INFO - Training loss: 0.73924
2023-04-11 13:51:08,449 - INFO - Testing accuracy: 95.51%
2023-04-11 13:51:08,454 - INFO - Local training..
2023-04-11 13:51:11,170 - INFO - Sending new local model
2023-04-11 13:51:11,171 - INFO - Trying to connect to server on port 6000
2023-04-11 13:51:11,172 - INFO - Sending local model
2023-04-11 13:51:11,175 - INFO - Listening on port 6004
2023-04-11 13:51:11,229 - DEBUG - Recieved data of type: pickle
2023-04-11 13:51:11,230 - INFO - I am client4
2023-04-11 13:51:11,230 - INFO - Receiving new global model
2023-04-11 13:51:11,349 - INFO - Training loss: 0.93061
2023-04-11 13:51:11,352 - INFO - Testing accuracy: 93.16%
2023-04-11 13:51:11,353 - INFO - Local training..
2023-04-11 13:51:14,235 - INFO - Sending new local model
2023-04-11 13:51:14,239 - INFO - Trying to connect to server on port 6000
2023-04-11 13:51:14,241 - INFO - Sending local model
2023-04-11 13:51:14,243 - INFO - Listening on port 6004
2023-04-11 13:51:14,300 - DEBUG - Recieved data of type: pickle
2023-04-11 13:51:14,300 - INFO - I am client4
2023-04-11 13:51:14,301 - INFO - Receiving new global model
2023-04-11 13:51:14,492 - INFO - Training loss: 1.68611
2023-04-11 13:51:14,494 - INFO - Testing accuracy: 59.46%
2023-04-11 13:51:14,494 - INFO - Local training..
2023-04-11 13:51:16,941 - INFO - Sending new local model
2023-04-11 13:51:16,943 - INFO - Trying to connect to server on port 6000
2023-04-11 13:51:16,944 - INFO - Sending local model
2023-04-11 13:51:16,946 - INFO - Listening on port 6004
2023-04-11 13:51:17,066 - DEBUG - Recieved data of type: pickle
2023-04-11 13:51:17,066 - INFO - I am client4
2023-04-11 13:51:17,066 - INFO - Receiving new global model
2023-04-11 13:51:17,187 - INFO - Training loss: 1.96452
2023-04-11 13:51:17,187 - INFO - Testing accuracy: 32.74%
2023-04-11 13:51:17,191 - INFO - Local training..
2023-04-11 13:51:19,643 - INFO - Sending new local model
2023-04-11 13:51:19,645 - INFO - Trying to connect to server on port 6000
2023-04-11 13:51:19,646 - INFO - Sending local model
2023-04-11 13:51:19,648 - INFO - Listening on port 6004
2023-04-11 13:51:19,677 - DEBUG - Recieved data of type: pickle
2023-04-11 13:51:19,677 - INFO - I am client4
2023-04-11 13:51:19,678 - INFO - Receiving new global model
2023-04-11 13:51:19,885 - INFO - Training loss: 1.13163
2023-04-11 13:51:19,886 - INFO - Testing accuracy: 88.96%
2023-04-11 13:51:19,886 - INFO - Local training..
2023-04-11 13:51:21,988 - INFO - Sending new local model
2023-04-11 13:51:21,990 - INFO - Trying to connect to server on port 6000
2023-04-11 13:51:21,992 - INFO - Sending local model
2023-04-11 13:51:21,994 - INFO - Listening on port 6004
2023-04-11 13:51:22,010 - DEBUG - Recieved data of type: pickle
2023-04-11 13:51:22,010 - INFO - I am client4
2023-04-11 13:51:22,011 - INFO - Receiving new global model
2023-04-11 13:51:22,112 - INFO - Training loss: 1.79338
2023-04-11 13:51:22,112 - INFO - Testing accuracy: 52.10%
2023-04-11 13:51:22,113 - INFO - Local training..
2023-04-11 13:51:24,290 - INFO - Sending new local model
2023-04-11 13:51:24,291 - INFO - Trying to connect to server on port 6000
2023-04-11 13:51:24,292 - INFO - Sending local model
2023-04-11 13:51:24,295 - INFO - Listening on port 6004
2023-04-11 13:51:24,342 - DEBUG - Recieved data of type: pickle
2023-04-11 13:51:24,343 - INFO - I am client4
2023-04-11 13:51:24,344 - INFO - Receiving new global model
2023-04-11 13:51:24,452 - INFO - Training loss: 1.45820
2023-04-11 13:51:24,452 - INFO - Testing accuracy: 74.03%
2023-04-11 13:51:24,456 - INFO - Local training..
2023-04-11 13:51:26,785 - INFO - Sending new local model
2023-04-11 13:51:26,786 - INFO - Trying to connect to server on port 6000
2023-04-11 13:51:26,788 - INFO - Sending local model
2023-04-11 13:51:26,793 - INFO - Listening on port 6004
2023-04-11 13:51:26,845 - DEBUG - Recieved data of type: pickle
2023-04-11 13:51:26,845 - INFO - I am client4
2023-04-11 13:51:26,846 - INFO - Receiving new global model
2023-04-11 13:51:26,958 - INFO - Training loss: 1.06404
2023-04-11 13:51:26,958 - INFO - Testing accuracy: 90.14%
2023-04-11 13:51:26,961 - INFO - Local training..
2023-04-11 13:51:29,098 - INFO - Sending new local model
2023-04-11 13:51:29,102 - INFO - Trying to connect to server on port 6000
2023-04-11 13:51:29,104 - INFO - Sending local model
2023-04-11 13:51:29,108 - INFO - Listening on port 6004
2023-04-11 13:51:29,180 - DEBUG - Recieved data of type: pickle
2023-04-11 13:51:29,181 - INFO - I am client4
2023-04-11 13:51:29,182 - INFO - Receiving new global model
2023-04-11 13:51:29,269 - INFO - Training loss: 0.99617
2023-04-11 13:51:29,270 - INFO - Testing accuracy: 91.24%
2023-04-11 13:51:29,271 - INFO - Local training..
2023-04-11 13:51:31,699 - INFO - Sending new local model
2023-04-11 13:51:31,703 - INFO - Trying to connect to server on port 6000
2023-04-11 13:51:31,705 - INFO - Sending local model
2023-04-11 13:51:31,708 - INFO - Listening on port 6004
2023-04-11 13:51:32,274 - DEBUG - Recieved data of type: string
